#
# There is insufficient memory for the Java Runtime Environment to continue.
# Native memory allocation (malloc) failed to allocate 1389296 bytes for Chunk::new
# Possible reasons:
#   The system is out of physical RAM or swap space
#   The process is running with CompressedOops enabled, and the Java Heap may be blocking the growth of the native heap
# Possible solutions:
#   Reduce memory load on the system
#   Increase physical memory or swap space
#   Check if swap backing store is full
#   Decrease Java heap size (-Xmx/-Xms)
#   Decrease number of Java threads
#   Decrease Java thread stack sizes (-Xss)
#   Set larger code cache with -XX:ReservedCodeCacheSize=
#   JVM is running with Unscaled Compressed Oops mode in which the Java heap is
#     placed in the first 4GB address space. The Java Heap base address is the
#     maximum limit for the native heap growth. Please use -XX:HeapBaseMinAddress
#     to set the Java Heap base and to place the Java Heap above 4GB virtual address.
# This output file may be truncated or incomplete.
#
#  Out of Memory Error (arena.cpp:191), pid=29212, tid=22908
#
# JRE version: OpenJDK Runtime Environment Corretto-17.0.9.8.1 (17.0.9+8) (build 17.0.9+8-LTS)
# Java VM: OpenJDK 64-Bit Server VM Corretto-17.0.9.8.1 (17.0.9+8-LTS, mixed mode, sharing, tiered, compressed oops, compressed class ptrs, g1 gc, windows-amd64)
# No core dump will be written. Minidumps are not enabled by default on client versions of Windows
#

---------------  S U M M A R Y ------------

Command Line: --add-opens=java.base/java.util=ALL-UNNAMED --add-opens=java.base/java.lang=ALL-UNNAMED --add-opens=java.base/java.lang.invoke=ALL-UNNAMED --add-opens=java.prefs/java.util.prefs=ALL-UNNAMED --add-opens=java.base/java.nio.charset=ALL-UNNAMED --add-opens=java.base/java.net=ALL-UNNAMED --add-opens=java.base/java.util.concurrent.atomic=ALL-UNNAMED -XX:MaxMetaspaceSize=384m -XX:+HeapDumpOnOutOfMemoryError -Xms256m -Xmx512m -Dfile.encoding=UTF-8 -Duser.country=KR -Duser.language=ko -Duser.variant -javaagent:C:\Users\WooHeeSeop\.gradle\wrapper\dists\gradle-8.5-bin\5t9huq95ubn472n8rpzujfbqh\gradle-8.5\lib\agents\gradle-instrumentation-agent-8.5.jar org.gradle.launcher.daemon.bootstrap.GradleDaemon 8.5

Host: 11th Gen Intel(R) Core(TM) i7-1165G7 @ 2.80GHz, 8 cores, 15G,  Windows 11 , 64 bit Build 22621 (10.0.22621.2506)
Time: Tue Jan  2 23:36:54 2024  Windows 11 , 64 bit Build 22621 (10.0.22621.2506) elapsed time: 7.792833 seconds (0d 0h 0m 7s)

---------------  T H R E A D  ---------------

Current thread (0x000002aaf7edd250):  JavaThread "C2 CompilerThread0" daemon [_thread_in_native, id=22908, stack(0x000000c4ff500000,0x000000c4ff600000)]


Current CompileTask:
C2:   7793 5204       4       java.lang.Class::getMethodsRecursive (99 bytes)

Stack: [0x000000c4ff500000,0x000000c4ff600000]
Native frames: (J=compiled Java code, j=interpreted, Vv=VM code, C=native code)
V  [jvm.dll+0x67cb49]
V  [jvm.dll+0x8344da]
V  [jvm.dll+0x835f9e]
V  [jvm.dll+0x836603]
V  [jvm.dll+0x247b5f]
V  [jvm.dll+0xac43c]
V  [jvm.dll+0xaca8c]
V  [jvm.dll+0x366c32]
V  [jvm.dll+0x330fda]
V  [jvm.dll+0x33047a]
V  [jvm.dll+0x21a201]
V  [jvm.dll+0x219621]
V  [jvm.dll+0x1a56cd]
V  [jvm.dll+0x2293ee]
V  [jvm.dll+0x2275bc]
V  [jvm.dll+0x7e95a7]
V  [jvm.dll+0x7e396a]
V  [jvm.dll+0x67ba35]
C  [ucrtbase.dll+0x29363]
C  [KERNEL32.DLL+0x1257d]
C  [ntdll.dll+0x5aa58]


---------------  P R O C E S S  ---------------

Threads class SMR info:
_java_thread_list=0x000002aaff7cc500, length=53, elements={
0x000002aadd36d370, 0x000002aaf7ebd9a0, 0x000002aaf7ebe560, 0x000002aaf7ed0950,
0x000002aaf7ed2430, 0x000002aaf7ed4f00, 0x000002aaf7ed80a0, 0x000002aaf7edd250,
0x000002aaf7ee1a30, 0x000002aaf7ee3170, 0x000002aafc0c0700, 0x000002aafc212030,
0x000002aafc26c730, 0x000002aafea31730, 0x000002aafe8d04a0, 0x000002aafd059060,
0x000002aafd59ad50, 0x000002aaff40c870, 0x000002aafcd2c7d0, 0x000002aafcd29020,
0x000002aafcd2a460, 0x000002aafcd29f50, 0x000002aafcd2b390, 0x000002aafcd2c2c0,
0x000002aafe04aab0, 0x000002aafe045ec0, 0x000002aafc26d1d0, 0x000002aafe049b80,
0x000002aafe048230, 0x000002aafe047d20, 0x000002aafe048740, 0x000002aafe049670,
0x000002aafe0454a0, 0x000002aafe048c50, 0x000002aafe0459b0, 0x000002aafe047300,
0x000002aafe049160, 0x000002aafe04a5a0, 0x000002aafe046df0, 0x000002aafe04afc0,
0x000002aafe04b4d0, 0x000002aafe044060, 0x000002aafe04b9e0, 0x000002aafe044570,
0x000002aafddb0bf0, 0x000002aafddb3470, 0x000002aafddb2030, 0x000002aafddaed90,
0x000002aafddaf2a0, 0x000002aafddaf7b0, 0x000002aafddad440, 0x000002aafddb2540,
0x000002aafddae880
}

Java Threads: ( => current thread )
  0x000002aadd36d370 JavaThread "main" [_thread_blocked, id=12260, stack(0x000000c4fe800000,0x000000c4fe900000)]
  0x000002aaf7ebd9a0 JavaThread "Reference Handler" daemon [_thread_blocked, id=19692, stack(0x000000c4fef00000,0x000000c4ff000000)]
  0x000002aaf7ebe560 JavaThread "Finalizer" daemon [_thread_blocked, id=12984, stack(0x000000c4ff000000,0x000000c4ff100000)]
  0x000002aaf7ed0950 JavaThread "Signal Dispatcher" daemon [_thread_blocked, id=12088, stack(0x000000c4ff100000,0x000000c4ff200000)]
  0x000002aaf7ed2430 JavaThread "Attach Listener" daemon [_thread_blocked, id=17196, stack(0x000000c4ff200000,0x000000c4ff300000)]
  0x000002aaf7ed4f00 JavaThread "Service Thread" daemon [_thread_blocked, id=30620, stack(0x000000c4ff300000,0x000000c4ff400000)]
  0x000002aaf7ed80a0 JavaThread "Monitor Deflation Thread" daemon [_thread_blocked, id=23232, stack(0x000000c4ff400000,0x000000c4ff500000)]
=>0x000002aaf7edd250 JavaThread "C2 CompilerThread0" daemon [_thread_in_native, id=22908, stack(0x000000c4ff500000,0x000000c4ff600000)]
  0x000002aaf7ee1a30 JavaThread "C1 CompilerThread0" daemon [_thread_in_native, id=23276, stack(0x000000c4ff600000,0x000000c4ff700000)]
  0x000002aaf7ee3170 JavaThread "Sweeper thread" daemon [_thread_blocked, id=3844, stack(0x000000c4ff700000,0x000000c4ff800000)]
  0x000002aafc0c0700 JavaThread "Common-Cleaner" daemon [_thread_blocked, id=8764, stack(0x000000c4ff800000,0x000000c4ff900000)]
  0x000002aafc212030 JavaThread "Notification Thread" daemon [_thread_blocked, id=9724, stack(0x000000c4ff900000,0x000000c4ffa00000)]
  0x000002aafc26c730 JavaThread "C2 CompilerThread1" daemon [_thread_in_native, id=25040, stack(0x000000c4ffb00000,0x000000c4ffc00000)]
  0x000002aafea31730 JavaThread "Daemon health stats" [_thread_blocked, id=16772, stack(0x000000c480300000,0x000000c480400000)]
  0x000002aafe8d04a0 JavaThread "Incoming local TCP Connector on port 64799" [_thread_in_native, id=3832, stack(0x000000c480200000,0x000000c480300000)]
  0x000002aafd059060 JavaThread "Daemon periodic checks" [_thread_blocked, id=2044, stack(0x000000c480400000,0x000000c480500000)]
  0x000002aafd59ad50 JavaThread "Daemon" [_thread_blocked, id=1600, stack(0x000000c480500000,0x000000c480600000)]
  0x000002aaff40c870 JavaThread "Handler for socket connection from /127.0.0.1:64799 to /127.0.0.1:64800" [_thread_in_native, id=22408, stack(0x000000c480600000,0x000000c480700000)]
  0x000002aafcd2c7d0 JavaThread "Cancel handler" [_thread_blocked, id=25020, stack(0x000000c480700000,0x000000c480800000)]
  0x000002aafcd29020 JavaThread "Daemon worker" [_thread_in_native, id=12124, stack(0x000000c480800000,0x000000c480900000)]
  0x000002aafcd2a460 JavaThread "Asynchronous log dispatcher for DefaultDaemonConnection: socket connection from /127.0.0.1:64799 to /127.0.0.1:64800" [_thread_blocked, id=29064, stack(0x000000c480900000,0x000000c480a00000)]
  0x000002aafcd29f50 JavaThread "Stdin handler" [_thread_blocked, id=8052, stack(0x000000c480a00000,0x000000c480b00000)]
  0x000002aafcd2b390 JavaThread "Daemon client event forwarder" [_thread_blocked, id=5232, stack(0x000000c480b00000,0x000000c480c00000)]
  0x000002aafcd2c2c0 JavaThread "Cache worker for journal cache (C:\Users\WooHeeSeop\.gradle\caches\journal-1)" [_thread_blocked, id=19824, stack(0x000000c480c00000,0x000000c480d00000)]
  0x000002aafe04aab0 JavaThread "File lock request listener" [_thread_in_native, id=30624, stack(0x000000c480d00000,0x000000c480e00000)]
  0x000002aafe045ec0 JavaThread "Cache worker for file hash cache (C:\Users\WooHeeSeop\.gradle\caches\8.5\fileHashes)" [_thread_blocked, id=27992, stack(0x000000c480e00000,0x000000c480f00000)]
  0x000002aafc26d1d0 JavaThread "C2 CompilerThread2" daemon [_thread_in_native, id=29116, stack(0x000000c480f00000,0x000000c481000000)]
  0x000002aafe049b80 JavaThread "File watcher server" daemon [_thread_in_native, id=10420, stack(0x000000c481000000,0x000000c481100000)]
  0x000002aafe048230 JavaThread "File watcher consumer" daemon [_thread_blocked, id=3992, stack(0x000000c481100000,0x000000c481200000)]
  0x000002aafe047d20 JavaThread "Cache worker for checksums cache (C:\Users\WooHeeSeop\Desktop\버전관리\jwtToken\Jwtdocument\SpringSecurity03\.gradle\8.5\checksums)" [_thread_blocked, id=3472, stack(0x000000c481500000,0x000000c481600000)]
  0x000002aafe048740 JavaThread "Cache worker for file hash cache (C:\Users\WooHeeSeop\Desktop\버전관리\jwtToken\Jwtdocument\SpringSecurity03\.gradle\8.5\fileHashes)" [_thread_blocked, id=9768, stack(0x000000c481600000,0x000000c481700000)]
  0x000002aafe049670 JavaThread "Cache worker for cache directory md-supplier (C:\Users\WooHeeSeop\.gradle\caches\8.5\md-supplier)" [_thread_blocked, id=1860, stack(0x000000c481700000,0x000000c481800000)]
  0x000002aafe0454a0 JavaThread "Cache worker for cache directory md-rule (C:\Users\WooHeeSeop\.gradle\caches\8.5\md-rule)" [_thread_blocked, id=25136, stack(0x000000c481800000,0x000000c481900000)]
  0x000002aafe048c50 JavaThread "Cache worker for file content cache (C:\Users\WooHeeSeop\.gradle\caches\8.5\fileContent)" [_thread_blocked, id=30188, stack(0x000000c481900000,0x000000c481a00000)]
  0x000002aafe0459b0 JavaThread "Cache worker for execution history cache (C:\Users\WooHeeSeop\.gradle\caches\8.5\executionHistory)" [_thread_blocked, id=6340, stack(0x000000c481a00000,0x000000c481b00000)]
  0x000002aafe047300 JavaThread "jar transforms" [_thread_blocked, id=15624, stack(0x000000c481b00000,0x000000c481c00000)]
  0x000002aafe049160 JavaThread "jar transforms Thread 2" [_thread_blocked, id=4748, stack(0x000000c481c00000,0x000000c481d00000)]
  0x000002aafe04a5a0 JavaThread "jar transforms Thread 3" [_thread_blocked, id=19784, stack(0x000000c481d00000,0x000000c481e00000)]
  0x000002aafe046df0 JavaThread "jar transforms Thread 4" [_thread_blocked, id=19380, stack(0x000000c481e00000,0x000000c481f00000)]
  0x000002aafe04afc0 JavaThread "jar transforms Thread 5" [_thread_blocked, id=20044, stack(0x000000c481f00000,0x000000c482000000)]
  0x000002aafe04b4d0 JavaThread "jar transforms Thread 6" [_thread_blocked, id=29164, stack(0x000000c482000000,0x000000c482100000)]
  0x000002aafe044060 JavaThread "jar transforms Thread 7" [_thread_blocked, id=21236, stack(0x000000c482100000,0x000000c482200000)]
  0x000002aafe04b9e0 JavaThread "jar transforms Thread 8" [_thread_blocked, id=13612, stack(0x000000c482200000,0x000000c482300000)]
  0x000002aafe044570 JavaThread "Cache worker for dependencies-accessors (C:\Users\WooHeeSeop\Desktop\버전관리\jwtToken\Jwtdocument\SpringSecurity03\.gradle\8.5\dependencies-accessors)" [_thread_blocked, id=29020, stack(0x000000c482300000,0x000000c482400000)]
  0x000002aafddb0bf0 JavaThread "Cache worker for Build Output Cleanup Cache (C:\Users\WooHeeSeop\Desktop\버전관리\jwtToken\Jwtdocument\SpringSecurity03\.gradle\buildOutputCleanup)" [_thread_blocked, id=30884, stack(0x000000c482400000,0x000000c482500000)]
  0x000002aafddb3470 JavaThread "Unconstrained build operations" [_thread_blocked, id=20584, stack(0x000000c482500000,0x000000c482600000)]
  0x000002aafddb2030 JavaThread "Unconstrained build operations Thread 2" [_thread_blocked, id=16248, stack(0x000000c482600000,0x000000c482700000)]
  0x000002aafddaed90 JavaThread "Unconstrained build operations Thread 3" [_thread_blocked, id=20476, stack(0x000000c482700000,0x000000c482800000)]
  0x000002aafddaf2a0 JavaThread "Unconstrained build operations Thread 4" [_thread_blocked, id=6020, stack(0x000000c482800000,0x000000c482900000)]
  0x000002aafddaf7b0 JavaThread "Unconstrained build operations Thread 5" [_thread_blocked, id=6892, stack(0x000000c482900000,0x000000c482a00000)]
  0x000002aafddad440 JavaThread "Unconstrained build operations Thread 6" [_thread_blocked, id=31328, stack(0x000000c482a00000,0x000000c482b00000)]
  0x000002aafddb2540 JavaThread "Unconstrained build operations Thread 7" [_thread_blocked, id=30228, stack(0x000000c482b00000,0x000000c482c00000)]
  0x000002aafddae880 JavaThread "Memory manager" [_thread_blocked, id=29180, stack(0x000000c482c00000,0x000000c482d00000)]

Other Threads:
  0x000002aaf7eb8790 VMThread "VM Thread" [stack: 0x000000c4fee00000,0x000000c4fef00000] [id=12576]
  0x000002aafc212510 WatcherThread [stack: 0x000000c4ffa00000,0x000000c4ffb00000] [id=12696]
  0x000002aadd39cd90 GCTaskThread "GC Thread#0" [stack: 0x000000c4fe900000,0x000000c4fea00000] [id=15020]
  0x000002aafca2ed30 GCTaskThread "GC Thread#1" [stack: 0x000000c4ffd00000,0x000000c4ffe00000] [id=10752]
  0x000002aafc9ea4d0 GCTaskThread "GC Thread#2" [stack: 0x000000c4ffe00000,0x000000c4fff00000] [id=19444]
  0x000002aafc9ea790 GCTaskThread "GC Thread#3" [stack: 0x000000c4fff00000,0x000000c500000000] [id=18040]
  0x000002aafcb32d20 GCTaskThread "GC Thread#4" [stack: 0x000000c480000000,0x000000c480100000] [id=26796]
  0x000002aafcb32fe0 GCTaskThread "GC Thread#5" [stack: 0x000000c480100000,0x000000c480200000] [id=14356]
  0x000002aa9726f7d0 GCTaskThread "GC Thread#6" [stack: 0x000000c481200000,0x000000c481300000] [id=24952]
  0x000002aa9726fa90 GCTaskThread "GC Thread#7" [stack: 0x000000c481300000,0x000000c481400000] [id=3892]
  0x000002aadd3a1ce0 ConcurrentGCThread "G1 Main Marker" [stack: 0x000000c4fea00000,0x000000c4feb00000] [id=28516]
  0x000002aadd3a2700 ConcurrentGCThread "G1 Conc#0" [stack: 0x000000c4feb00000,0x000000c4fec00000] [id=12900]
  0x000002aafed0d590 ConcurrentGCThread "G1 Conc#1" [stack: 0x000000c481400000,0x000000c481500000] [id=30272]
  0x000002aaf7d7a510 ConcurrentGCThread "G1 Refine#0" [stack: 0x000000c4fec00000,0x000000c4fed00000] [id=18392]
  0x000002aaf7d7be60 ConcurrentGCThread "G1 Service" [stack: 0x000000c4fed00000,0x000000c4fee00000] [id=28720]

Threads with active compile tasks:
C2 CompilerThread0     7847 5204       4       java.lang.Class::getMethodsRecursive (99 bytes)
C2 CompilerThread1     7847 5235       4       groovy.lang.MetaClassImpl::checkIfStdMethod (178 bytes)
C2 CompilerThread2     7847 5234       4       groovy.lang.MetaClassImpl::addMetaMethodToIndex (65 bytes)

VM state: not at safepoint (normal execution)

VM Mutex/Monitor currently owned by a thread: None

Heap address: 0x00000000e0000000, size: 512 MB, Compressed Oops mode: 32-bit

CDS archive(s) mapped at: [0x000002aa80000000-0x000002aa80ba0000-0x000002aa80ba0000), size 12189696, SharedBaseAddress: 0x000002aa80000000, ArchiveRelocationMode: 1.
Compressed class space mapped at: 0x000002aa81000000-0x000002aa95000000, reserved size: 335544320
Narrow klass base: 0x000002aa80000000, Narrow klass shift: 0, Narrow klass range: 0x100000000

GC Precious Log:
 CPUs: 8 total, 8 available
 Memory: 16108M
 Large Page Support: Disabled
 NUMA Support: Disabled
 Compressed Oops: Enabled (32-bit)
 Heap Region Size: 1M
 Heap Min Capacity: 256M
 Heap Initial Capacity: 256M
 Heap Max Capacity: 512M
 Pre-touch: Disabled
 Parallel Workers: 8
 Concurrent Workers: 2
 Concurrent Refinement Workers: 8
 Periodic GC: Disabled

Heap:
 garbage-first heap   total 262144K, used 151814K [0x00000000e0000000, 0x0000000100000000)
  region size 1024K, 118 young (120832K), 1 survivors (1024K)
 Metaspace       used 46059K, committed 46528K, reserved 393216K
  class space    used 6549K, committed 6784K, reserved 327680K

Heap Regions: E=young(eden), S=young(survivor), O=old, HS=humongous(starts), HC=humongous(continues), CS=collection set, F=free, OA=open archive, CA=closed archive, TAMS=top-at-mark-start (previous, next)
|   0|0x00000000e0000000, 0x00000000e0100000, 0x00000000e0100000|100%|HS|  |TAMS 0x00000000e0100000, 0x00000000e0000000| Complete 
|   1|0x00000000e0100000, 0x00000000e0200000, 0x00000000e0200000|100%|HC|  |TAMS 0x00000000e0200000, 0x00000000e0100000| Complete 
|   2|0x00000000e0200000, 0x00000000e0300000, 0x00000000e0300000|100%|HC|  |TAMS 0x00000000e0300000, 0x00000000e0200000| Complete 
|   3|0x00000000e0300000, 0x00000000e0400000, 0x00000000e0400000|100%|HC|  |TAMS 0x00000000e0400000, 0x00000000e0300000| Complete 
|   4|0x00000000e0400000, 0x00000000e0500000, 0x00000000e0500000|100%| O|  |TAMS 0x00000000e0500000, 0x00000000e0400000| Untracked 
|   5|0x00000000e0500000, 0x00000000e0600000, 0x00000000e0600000|100%| O|  |TAMS 0x00000000e0600000, 0x00000000e0500000| Untracked 
|   6|0x00000000e0600000, 0x00000000e06ffff8, 0x00000000e0700000| 99%| O|  |TAMS 0x00000000e06ffff8, 0x00000000e0600000| Untracked 
|   7|0x00000000e0700000, 0x00000000e0800000, 0x00000000e0800000|100%| O|  |TAMS 0x00000000e0800000, 0x00000000e0700000| Untracked 
|   8|0x00000000e0800000, 0x00000000e0900000, 0x00000000e0900000|100%| O|  |TAMS 0x00000000e0900000, 0x00000000e0800000| Untracked 
|   9|0x00000000e0900000, 0x00000000e0a00000, 0x00000000e0a00000|100%|HS|  |TAMS 0x00000000e0900000, 0x00000000e0900000| Complete 
|  10|0x00000000e0a00000, 0x00000000e0b00000, 0x00000000e0b00000|100%| O|  |TAMS 0x00000000e0b00000, 0x00000000e0a00000| Untracked 
|  11|0x00000000e0b00000, 0x00000000e0c00000, 0x00000000e0c00000|100%| O|  |TAMS 0x00000000e0c00000, 0x00000000e0b00000| Untracked 
|  12|0x00000000e0c00000, 0x00000000e0d00000, 0x00000000e0d00000|100%| O|  |TAMS 0x00000000e0d00000, 0x00000000e0c00000| Untracked 
|  13|0x00000000e0d00000, 0x00000000e0e00000, 0x00000000e0e00000|100%| O|  |TAMS 0x00000000e0e00000, 0x00000000e0d00000| Untracked 
|  14|0x00000000e0e00000, 0x00000000e0f00000, 0x00000000e0f00000|100%| O|  |TAMS 0x00000000e0f00000, 0x00000000e0e00000| Untracked 
|  15|0x00000000e0f00000, 0x00000000e1000000, 0x00000000e1000000|100%| O|  |TAMS 0x00000000e1000000, 0x00000000e0f00000| Untracked 
|  16|0x00000000e1000000, 0x00000000e1100000, 0x00000000e1100000|100%| O|  |TAMS 0x00000000e1100000, 0x00000000e1000000| Untracked 
|  17|0x00000000e1100000, 0x00000000e1200000, 0x00000000e1200000|100%| O|  |TAMS 0x00000000e1200000, 0x00000000e1100000| Untracked 
|  18|0x00000000e1200000, 0x00000000e1300000, 0x00000000e1300000|100%| O|  |TAMS 0x00000000e1300000, 0x00000000e1200000| Untracked 
|  19|0x00000000e1300000, 0x00000000e1400000, 0x00000000e1400000|100%| O|  |TAMS 0x00000000e1400000, 0x00000000e1300000| Untracked 
|  20|0x00000000e1400000, 0x00000000e1500000, 0x00000000e1500000|100%| O|  |TAMS 0x00000000e1500000, 0x00000000e1400000| Untracked 
|  21|0x00000000e1500000, 0x00000000e1600000, 0x00000000e1600000|100%| O|  |TAMS 0x00000000e1600000, 0x00000000e1500000| Untracked 
|  22|0x00000000e1600000, 0x00000000e1700000, 0x00000000e1700000|100%| O|  |TAMS 0x00000000e1700000, 0x00000000e1600000| Untracked 
|  23|0x00000000e1700000, 0x00000000e1800000, 0x00000000e1800000|100%| O|  |TAMS 0x00000000e1800000, 0x00000000e1700000| Untracked 
|  24|0x00000000e1800000, 0x00000000e1900000, 0x00000000e1900000|100%| O|  |TAMS 0x00000000e1900000, 0x00000000e1800000| Untracked 
|  25|0x00000000e1900000, 0x00000000e1a00000, 0x00000000e1a00000|100%| O|  |TAMS 0x00000000e1a00000, 0x00000000e1900000| Untracked 
|  26|0x00000000e1a00000, 0x00000000e1b00000, 0x00000000e1b00000|100%| O|  |TAMS 0x00000000e1b00000, 0x00000000e1a00000| Untracked 
|  27|0x00000000e1b00000, 0x00000000e1c00000, 0x00000000e1c00000|100%| O|  |TAMS 0x00000000e1c00000, 0x00000000e1b00000| Untracked 
|  28|0x00000000e1c00000, 0x00000000e1d00000, 0x00000000e1d00000|100%| O|  |TAMS 0x00000000e1d00000, 0x00000000e1c00000| Untracked 
|  29|0x00000000e1d00000, 0x00000000e1e00000, 0x00000000e1e00000|100%| O|  |TAMS 0x00000000e1e00000, 0x00000000e1d00000| Complete 
|  30|0x00000000e1e00000, 0x00000000e1f00000, 0x00000000e1f00000|100%| O|  |TAMS 0x00000000e1f00000, 0x00000000e1e00000| Untracked 
|  31|0x00000000e1f00000, 0x00000000e1fd9400, 0x00000000e2000000| 84%| O|  |TAMS 0x00000000e1fd9400, 0x00000000e1f00000| Untracked 
|  32|0x00000000e2000000, 0x00000000e2100000, 0x00000000e2100000|100%|HS|  |TAMS 0x00000000e2000000, 0x00000000e2000000| Complete 
|  33|0x00000000e2100000, 0x00000000e2100000, 0x00000000e2200000|  0%| F|  |TAMS 0x00000000e2100000, 0x00000000e2100000| Untracked 
|  34|0x00000000e2200000, 0x00000000e2200000, 0x00000000e2300000|  0%| F|  |TAMS 0x00000000e2200000, 0x00000000e2200000| Untracked 
|  35|0x00000000e2300000, 0x00000000e2300000, 0x00000000e2400000|  0%| F|  |TAMS 0x00000000e2300000, 0x00000000e2300000| Untracked 
|  36|0x00000000e2400000, 0x00000000e2400000, 0x00000000e2500000|  0%| F|  |TAMS 0x00000000e2400000, 0x00000000e2400000| Untracked 
|  37|0x00000000e2500000, 0x00000000e2500000, 0x00000000e2600000|  0%| F|  |TAMS 0x00000000e2500000, 0x00000000e2500000| Untracked 
|  38|0x00000000e2600000, 0x00000000e2600000, 0x00000000e2700000|  0%| F|  |TAMS 0x00000000e2600000, 0x00000000e2600000| Untracked 
|  39|0x00000000e2700000, 0x00000000e2700000, 0x00000000e2800000|  0%| F|  |TAMS 0x00000000e2700000, 0x00000000e2700000| Untracked 
|  40|0x00000000e2800000, 0x00000000e2800000, 0x00000000e2900000|  0%| F|  |TAMS 0x00000000e2800000, 0x00000000e2800000| Untracked 
|  41|0x00000000e2900000, 0x00000000e2900000, 0x00000000e2a00000|  0%| F|  |TAMS 0x00000000e2900000, 0x00000000e2900000| Untracked 
|  42|0x00000000e2a00000, 0x00000000e2a00000, 0x00000000e2b00000|  0%| F|  |TAMS 0x00000000e2a00000, 0x00000000e2a00000| Untracked 
|  43|0x00000000e2b00000, 0x00000000e2b00000, 0x00000000e2c00000|  0%| F|  |TAMS 0x00000000e2b00000, 0x00000000e2b00000| Untracked 
|  44|0x00000000e2c00000, 0x00000000e2c00000, 0x00000000e2d00000|  0%| F|  |TAMS 0x00000000e2c00000, 0x00000000e2c00000| Untracked 
|  45|0x00000000e2d00000, 0x00000000e2d00000, 0x00000000e2e00000|  0%| F|  |TAMS 0x00000000e2d00000, 0x00000000e2d00000| Untracked 
|  46|0x00000000e2e00000, 0x00000000e2e00000, 0x00000000e2f00000|  0%| F|  |TAMS 0x00000000e2e00000, 0x00000000e2e00000| Untracked 
|  47|0x00000000e2f00000, 0x00000000e2f00000, 0x00000000e3000000|  0%| F|  |TAMS 0x00000000e2f00000, 0x00000000e2f00000| Untracked 
|  48|0x00000000e3000000, 0x00000000e3000000, 0x00000000e3100000|  0%| F|  |TAMS 0x00000000e3000000, 0x00000000e3000000| Untracked 
|  49|0x00000000e3100000, 0x00000000e3100000, 0x00000000e3200000|  0%| F|  |TAMS 0x00000000e3100000, 0x00000000e3100000| Untracked 
|  50|0x00000000e3200000, 0x00000000e3200000, 0x00000000e3300000|  0%| F|  |TAMS 0x00000000e3200000, 0x00000000e3200000| Untracked 
|  51|0x00000000e3300000, 0x00000000e3300000, 0x00000000e3400000|  0%| F|  |TAMS 0x00000000e3300000, 0x00000000e3300000| Untracked 
|  52|0x00000000e3400000, 0x00000000e3400000, 0x00000000e3500000|  0%| F|  |TAMS 0x00000000e3400000, 0x00000000e3400000| Untracked 
|  53|0x00000000e3500000, 0x00000000e3500000, 0x00000000e3600000|  0%| F|  |TAMS 0x00000000e3500000, 0x00000000e3500000| Untracked 
|  54|0x00000000e3600000, 0x00000000e3600000, 0x00000000e3700000|  0%| F|  |TAMS 0x00000000e3600000, 0x00000000e3600000| Untracked 
|  55|0x00000000e3700000, 0x00000000e3700000, 0x00000000e3800000|  0%| F|  |TAMS 0x00000000e3700000, 0x00000000e3700000| Untracked 
|  56|0x00000000e3800000, 0x00000000e3800000, 0x00000000e3900000|  0%| F|  |TAMS 0x00000000e3800000, 0x00000000e3800000| Untracked 
|  57|0x00000000e3900000, 0x00000000e3900000, 0x00000000e3a00000|  0%| F|  |TAMS 0x00000000e3900000, 0x00000000e3900000| Untracked 
|  58|0x00000000e3a00000, 0x00000000e3a00000, 0x00000000e3b00000|  0%| F|  |TAMS 0x00000000e3a00000, 0x00000000e3a00000| Untracked 
|  59|0x00000000e3b00000, 0x00000000e3b00000, 0x00000000e3c00000|  0%| F|  |TAMS 0x00000000e3b00000, 0x00000000e3b00000| Untracked 
|  60|0x00000000e3c00000, 0x00000000e3c00000, 0x00000000e3d00000|  0%| F|  |TAMS 0x00000000e3c00000, 0x00000000e3c00000| Untracked 
|  61|0x00000000e3d00000, 0x00000000e3d00000, 0x00000000e3e00000|  0%| F|  |TAMS 0x00000000e3d00000, 0x00000000e3d00000| Untracked 
|  62|0x00000000e3e00000, 0x00000000e3e00000, 0x00000000e3f00000|  0%| F|  |TAMS 0x00000000e3e00000, 0x00000000e3e00000| Untracked 
|  63|0x00000000e3f00000, 0x00000000e3f00000, 0x00000000e4000000|  0%| F|  |TAMS 0x00000000e3f00000, 0x00000000e3f00000| Untracked 
|  64|0x00000000e4000000, 0x00000000e4000000, 0x00000000e4100000|  0%| F|  |TAMS 0x00000000e4000000, 0x00000000e4000000| Untracked 
|  65|0x00000000e4100000, 0x00000000e4100000, 0x00000000e4200000|  0%| F|  |TAMS 0x00000000e4100000, 0x00000000e4100000| Untracked 
|  66|0x00000000e4200000, 0x00000000e4200000, 0x00000000e4300000|  0%| F|  |TAMS 0x00000000e4200000, 0x00000000e4200000| Untracked 
|  67|0x00000000e4300000, 0x00000000e4300000, 0x00000000e4400000|  0%| F|  |TAMS 0x00000000e4300000, 0x00000000e4300000| Untracked 
|  68|0x00000000e4400000, 0x00000000e4400000, 0x00000000e4500000|  0%| F|  |TAMS 0x00000000e4400000, 0x00000000e4400000| Untracked 
|  69|0x00000000e4500000, 0x00000000e4500000, 0x00000000e4600000|  0%| F|  |TAMS 0x00000000e4500000, 0x00000000e4500000| Untracked 
|  70|0x00000000e4600000, 0x00000000e4600000, 0x00000000e4700000|  0%| F|  |TAMS 0x00000000e4600000, 0x00000000e4600000| Untracked 
|  71|0x00000000e4700000, 0x00000000e4700000, 0x00000000e4800000|  0%| F|  |TAMS 0x00000000e4700000, 0x00000000e4700000| Untracked 
|  72|0x00000000e4800000, 0x00000000e4800000, 0x00000000e4900000|  0%| F|  |TAMS 0x00000000e4800000, 0x00000000e4800000| Untracked 
|  73|0x00000000e4900000, 0x00000000e4900000, 0x00000000e4a00000|  0%| F|  |TAMS 0x00000000e4900000, 0x00000000e4900000| Untracked 
|  74|0x00000000e4a00000, 0x00000000e4a00000, 0x00000000e4b00000|  0%| F|  |TAMS 0x00000000e4a00000, 0x00000000e4a00000| Untracked 
|  75|0x00000000e4b00000, 0x00000000e4b00000, 0x00000000e4c00000|  0%| F|  |TAMS 0x00000000e4b00000, 0x00000000e4b00000| Untracked 
|  76|0x00000000e4c00000, 0x00000000e4c00000, 0x00000000e4d00000|  0%| F|  |TAMS 0x00000000e4c00000, 0x00000000e4c00000| Untracked 
|  77|0x00000000e4d00000, 0x00000000e4d00000, 0x00000000e4e00000|  0%| F|  |TAMS 0x00000000e4d00000, 0x00000000e4d00000| Untracked 
|  78|0x00000000e4e00000, 0x00000000e4e00000, 0x00000000e4f00000|  0%| F|  |TAMS 0x00000000e4e00000, 0x00000000e4e00000| Untracked 
|  79|0x00000000e4f00000, 0x00000000e4f00000, 0x00000000e5000000|  0%| F|  |TAMS 0x00000000e4f00000, 0x00000000e4f00000| Untracked 
|  80|0x00000000e5000000, 0x00000000e5000000, 0x00000000e5100000|  0%| F|  |TAMS 0x00000000e5000000, 0x00000000e5000000| Untracked 
|  81|0x00000000e5100000, 0x00000000e5100000, 0x00000000e5200000|  0%| F|  |TAMS 0x00000000e5100000, 0x00000000e5100000| Untracked 
|  82|0x00000000e5200000, 0x00000000e5200000, 0x00000000e5300000|  0%| F|  |TAMS 0x00000000e5200000, 0x00000000e5200000| Untracked 
|  83|0x00000000e5300000, 0x00000000e5300000, 0x00000000e5400000|  0%| F|  |TAMS 0x00000000e5300000, 0x00000000e5300000| Untracked 
|  84|0x00000000e5400000, 0x00000000e5400000, 0x00000000e5500000|  0%| F|  |TAMS 0x00000000e5400000, 0x00000000e5400000| Untracked 
|  85|0x00000000e5500000, 0x00000000e5500000, 0x00000000e5600000|  0%| F|  |TAMS 0x00000000e5500000, 0x00000000e5500000| Untracked 
|  86|0x00000000e5600000, 0x00000000e5600000, 0x00000000e5700000|  0%| F|  |TAMS 0x00000000e5600000, 0x00000000e5600000| Untracked 
|  87|0x00000000e5700000, 0x00000000e5700000, 0x00000000e5800000|  0%| F|  |TAMS 0x00000000e5700000, 0x00000000e5700000| Untracked 
|  88|0x00000000e5800000, 0x00000000e5800000, 0x00000000e5900000|  0%| F|  |TAMS 0x00000000e5800000, 0x00000000e5800000| Untracked 
|  89|0x00000000e5900000, 0x00000000e5900000, 0x00000000e5a00000|  0%| F|  |TAMS 0x00000000e5900000, 0x00000000e5900000| Untracked 
|  90|0x00000000e5a00000, 0x00000000e5a00000, 0x00000000e5b00000|  0%| F|  |TAMS 0x00000000e5a00000, 0x00000000e5a00000| Untracked 
|  91|0x00000000e5b00000, 0x00000000e5b00000, 0x00000000e5c00000|  0%| F|  |TAMS 0x00000000e5b00000, 0x00000000e5b00000| Untracked 
|  92|0x00000000e5c00000, 0x00000000e5c00000, 0x00000000e5d00000|  0%| F|  |TAMS 0x00000000e5c00000, 0x00000000e5c00000| Untracked 
|  93|0x00000000e5d00000, 0x00000000e5d00000, 0x00000000e5e00000|  0%| F|  |TAMS 0x00000000e5d00000, 0x00000000e5d00000| Untracked 
|  94|0x00000000e5e00000, 0x00000000e5e00000, 0x00000000e5f00000|  0%| F|  |TAMS 0x00000000e5e00000, 0x00000000e5e00000| Untracked 
|  95|0x00000000e5f00000, 0x00000000e5f00000, 0x00000000e6000000|  0%| F|  |TAMS 0x00000000e5f00000, 0x00000000e5f00000| Untracked 
|  96|0x00000000e6000000, 0x00000000e6000000, 0x00000000e6100000|  0%| F|  |TAMS 0x00000000e6000000, 0x00000000e6000000| Untracked 
|  97|0x00000000e6100000, 0x00000000e6100000, 0x00000000e6200000|  0%| F|  |TAMS 0x00000000e6100000, 0x00000000e6100000| Untracked 
|  98|0x00000000e6200000, 0x00000000e6200000, 0x00000000e6300000|  0%| F|  |TAMS 0x00000000e6200000, 0x00000000e6200000| Untracked 
|  99|0x00000000e6300000, 0x00000000e6300000, 0x00000000e6400000|  0%| F|  |TAMS 0x00000000e6300000, 0x00000000e6300000| Untracked 
| 100|0x00000000e6400000, 0x00000000e6400000, 0x00000000e6500000|  0%| F|  |TAMS 0x00000000e6400000, 0x00000000e6400000| Untracked 
| 101|0x00000000e6500000, 0x00000000e6500000, 0x00000000e6600000|  0%| F|  |TAMS 0x00000000e6500000, 0x00000000e6500000| Untracked 
| 102|0x00000000e6600000, 0x00000000e6600000, 0x00000000e6700000|  0%| F|  |TAMS 0x00000000e6600000, 0x00000000e6600000| Untracked 
| 103|0x00000000e6700000, 0x00000000e6700000, 0x00000000e6800000|  0%| F|  |TAMS 0x00000000e6700000, 0x00000000e6700000| Untracked 
| 104|0x00000000e6800000, 0x00000000e6800000, 0x00000000e6900000|  0%| F|  |TAMS 0x00000000e6800000, 0x00000000e6800000| Untracked 
| 105|0x00000000e6900000, 0x00000000e6900000, 0x00000000e6a00000|  0%| F|  |TAMS 0x00000000e6900000, 0x00000000e6900000| Untracked 
| 106|0x00000000e6a00000, 0x00000000e6a00000, 0x00000000e6b00000|  0%| F|  |TAMS 0x00000000e6a00000, 0x00000000e6a00000| Untracked 
| 107|0x00000000e6b00000, 0x00000000e6b00000, 0x00000000e6c00000|  0%| F|  |TAMS 0x00000000e6b00000, 0x00000000e6b00000| Untracked 
| 108|0x00000000e6c00000, 0x00000000e6c00000, 0x00000000e6d00000|  0%| F|  |TAMS 0x00000000e6c00000, 0x00000000e6c00000| Untracked 
| 109|0x00000000e6d00000, 0x00000000e6d00000, 0x00000000e6e00000|  0%| F|  |TAMS 0x00000000e6d00000, 0x00000000e6d00000| Untracked 
| 110|0x00000000e6e00000, 0x00000000e6e00000, 0x00000000e6f00000|  0%| F|  |TAMS 0x00000000e6e00000, 0x00000000e6e00000| Untracked 
| 111|0x00000000e6f00000, 0x00000000e6f00000, 0x00000000e7000000|  0%| F|  |TAMS 0x00000000e6f00000, 0x00000000e6f00000| Untracked 
| 112|0x00000000e7000000, 0x00000000e7000000, 0x00000000e7100000|  0%| F|  |TAMS 0x00000000e7000000, 0x00000000e7000000| Untracked 
| 113|0x00000000e7100000, 0x00000000e7100000, 0x00000000e7200000|  0%| F|  |TAMS 0x00000000e7100000, 0x00000000e7100000| Untracked 
| 114|0x00000000e7200000, 0x00000000e7200000, 0x00000000e7300000|  0%| F|  |TAMS 0x00000000e7200000, 0x00000000e7200000| Untracked 
| 115|0x00000000e7300000, 0x00000000e7300000, 0x00000000e7400000|  0%| F|  |TAMS 0x00000000e7300000, 0x00000000e7300000| Untracked 
| 116|0x00000000e7400000, 0x00000000e7400000, 0x00000000e7500000|  0%| F|  |TAMS 0x00000000e7400000, 0x00000000e7400000| Untracked 
| 117|0x00000000e7500000, 0x00000000e7500000, 0x00000000e7600000|  0%| F|  |TAMS 0x00000000e7500000, 0x00000000e7500000| Untracked 
| 118|0x00000000e7600000, 0x00000000e7600000, 0x00000000e7700000|  0%| F|  |TAMS 0x00000000e7600000, 0x00000000e7600000| Untracked 
| 119|0x00000000e7700000, 0x00000000e7700000, 0x00000000e7800000|  0%| F|  |TAMS 0x00000000e7700000, 0x00000000e7700000| Untracked 
| 120|0x00000000e7800000, 0x00000000e7800000, 0x00000000e7900000|  0%| F|  |TAMS 0x00000000e7800000, 0x00000000e7800000| Untracked 
| 121|0x00000000e7900000, 0x00000000e7900000, 0x00000000e7a00000|  0%| F|  |TAMS 0x00000000e7900000, 0x00000000e7900000| Untracked 
| 122|0x00000000e7a00000, 0x00000000e7a00000, 0x00000000e7b00000|  0%| F|  |TAMS 0x00000000e7a00000, 0x00000000e7a00000| Untracked 
| 123|0x00000000e7b00000, 0x00000000e7b00000, 0x00000000e7c00000|  0%| F|  |TAMS 0x00000000e7b00000, 0x00000000e7b00000| Untracked 
| 124|0x00000000e7c00000, 0x00000000e7c00000, 0x00000000e7d00000|  0%| F|  |TAMS 0x00000000e7c00000, 0x00000000e7c00000| Untracked 
| 125|0x00000000e7d00000, 0x00000000e7d00000, 0x00000000e7e00000|  0%| F|  |TAMS 0x00000000e7d00000, 0x00000000e7d00000| Untracked 
| 126|0x00000000e7e00000, 0x00000000e7e00000, 0x00000000e7f00000|  0%| F|  |TAMS 0x00000000e7e00000, 0x00000000e7e00000| Untracked 
| 127|0x00000000e7f00000, 0x00000000e7f00000, 0x00000000e8000000|  0%| F|  |TAMS 0x00000000e7f00000, 0x00000000e7f00000| Untracked 
| 128|0x00000000e8000000, 0x00000000e8000000, 0x00000000e8100000|  0%| F|  |TAMS 0x00000000e8000000, 0x00000000e8000000| Untracked 
| 129|0x00000000e8100000, 0x00000000e8100000, 0x00000000e8200000|  0%| F|  |TAMS 0x00000000e8100000, 0x00000000e8100000| Untracked 
| 130|0x00000000e8200000, 0x00000000e8200000, 0x00000000e8300000|  0%| F|  |TAMS 0x00000000e8200000, 0x00000000e8200000| Untracked 
| 131|0x00000000e8300000, 0x00000000e8300000, 0x00000000e8400000|  0%| F|  |TAMS 0x00000000e8300000, 0x00000000e8300000| Untracked 
| 132|0x00000000e8400000, 0x00000000e8400000, 0x00000000e8500000|  0%| F|  |TAMS 0x00000000e8400000, 0x00000000e8400000| Untracked 
| 133|0x00000000e8500000, 0x00000000e8500000, 0x00000000e8600000|  0%| F|  |TAMS 0x00000000e8500000, 0x00000000e8500000| Untracked 
| 134|0x00000000e8600000, 0x00000000e8600000, 0x00000000e8700000|  0%| F|  |TAMS 0x00000000e8600000, 0x00000000e8600000| Untracked 
| 135|0x00000000e8700000, 0x00000000e8700000, 0x00000000e8800000|  0%| F|  |TAMS 0x00000000e8700000, 0x00000000e8700000| Untracked 
| 136|0x00000000e8800000, 0x00000000e8800000, 0x00000000e8900000|  0%| F|  |TAMS 0x00000000e8800000, 0x00000000e8800000| Untracked 
| 137|0x00000000e8900000, 0x00000000e8981c10, 0x00000000e8a00000| 50%| E|  |TAMS 0x00000000e8900000, 0x00000000e8900000| Complete 
| 138|0x00000000e8a00000, 0x00000000e8b00000, 0x00000000e8b00000|100%| E|CS|TAMS 0x00000000e8a00000, 0x00000000e8a00000| Complete 
| 139|0x00000000e8b00000, 0x00000000e8c00000, 0x00000000e8c00000|100%| E|CS|TAMS 0x00000000e8b00000, 0x00000000e8b00000| Complete 
| 140|0x00000000e8c00000, 0x00000000e8d00000, 0x00000000e8d00000|100%| E|CS|TAMS 0x00000000e8c00000, 0x00000000e8c00000| Complete 
| 141|0x00000000e8d00000, 0x00000000e8e00000, 0x00000000e8e00000|100%| E|CS|TAMS 0x00000000e8d00000, 0x00000000e8d00000| Complete 
| 142|0x00000000e8e00000, 0x00000000e8f00000, 0x00000000e8f00000|100%| E|CS|TAMS 0x00000000e8e00000, 0x00000000e8e00000| Complete 
| 143|0x00000000e8f00000, 0x00000000e9000000, 0x00000000e9000000|100%| E|CS|TAMS 0x00000000e8f00000, 0x00000000e8f00000| Complete 
| 144|0x00000000e9000000, 0x00000000e9100000, 0x00000000e9100000|100%| E|CS|TAMS 0x00000000e9000000, 0x00000000e9000000| Complete 
| 145|0x00000000e9100000, 0x00000000e9200000, 0x00000000e9200000|100%| E|CS|TAMS 0x00000000e9100000, 0x00000000e9100000| Complete 
| 146|0x00000000e9200000, 0x00000000e9300000, 0x00000000e9300000|100%| E|CS|TAMS 0x00000000e9200000, 0x00000000e9200000| Complete 
| 147|0x00000000e9300000, 0x00000000e9400000, 0x00000000e9400000|100%| E|CS|TAMS 0x00000000e9300000, 0x00000000e9300000| Complete 
| 148|0x00000000e9400000, 0x00000000e9500000, 0x00000000e9500000|100%| E|CS|TAMS 0x00000000e9400000, 0x00000000e9400000| Complete 
| 149|0x00000000e9500000, 0x00000000e9600000, 0x00000000e9600000|100%| E|CS|TAMS 0x00000000e9500000, 0x00000000e9500000| Complete 
| 150|0x00000000e9600000, 0x00000000e9700000, 0x00000000e9700000|100%| E|CS|TAMS 0x00000000e9600000, 0x00000000e9600000| Complete 
| 151|0x00000000e9700000, 0x00000000e9800000, 0x00000000e9800000|100%| E|CS|TAMS 0x00000000e9700000, 0x00000000e9700000| Complete 
| 152|0x00000000e9800000, 0x00000000e9900000, 0x00000000e9900000|100%| E|CS|TAMS 0x00000000e9800000, 0x00000000e9800000| Complete 
| 153|0x00000000e9900000, 0x00000000e9a00000, 0x00000000e9a00000|100%| E|CS|TAMS 0x00000000e9900000, 0x00000000e9900000| Complete 
| 154|0x00000000e9a00000, 0x00000000e9b00000, 0x00000000e9b00000|100%| E|CS|TAMS 0x00000000e9a00000, 0x00000000e9a00000| Complete 
| 155|0x00000000e9b00000, 0x00000000e9c00000, 0x00000000e9c00000|100%| E|CS|TAMS 0x00000000e9b00000, 0x00000000e9b00000| Complete 
| 156|0x00000000e9c00000, 0x00000000e9d00000, 0x00000000e9d00000|100%| E|CS|TAMS 0x00000000e9c00000, 0x00000000e9c00000| Complete 
| 157|0x00000000e9d00000, 0x00000000e9e00000, 0x00000000e9e00000|100%| E|CS|TAMS 0x00000000e9d00000, 0x00000000e9d00000| Complete 
| 158|0x00000000e9e00000, 0x00000000e9f00000, 0x00000000e9f00000|100%| E|CS|TAMS 0x00000000e9e00000, 0x00000000e9e00000| Complete 
| 159|0x00000000e9f00000, 0x00000000ea000000, 0x00000000ea000000|100%| E|CS|TAMS 0x00000000e9f00000, 0x00000000e9f00000| Complete 
| 160|0x00000000ea000000, 0x00000000ea100000, 0x00000000ea100000|100%| E|CS|TAMS 0x00000000ea000000, 0x00000000ea000000| Complete 
| 161|0x00000000ea100000, 0x00000000ea200000, 0x00000000ea200000|100%| E|CS|TAMS 0x00000000ea100000, 0x00000000ea100000| Complete 
| 162|0x00000000ea200000, 0x00000000ea300000, 0x00000000ea300000|100%| E|CS|TAMS 0x00000000ea200000, 0x00000000ea200000| Complete 
| 163|0x00000000ea300000, 0x00000000ea400000, 0x00000000ea400000|100%| E|CS|TAMS 0x00000000ea300000, 0x00000000ea300000| Complete 
| 164|0x00000000ea400000, 0x00000000ea500000, 0x00000000ea500000|100%| E|CS|TAMS 0x00000000ea400000, 0x00000000ea400000| Complete 
| 165|0x00000000ea500000, 0x00000000ea600000, 0x00000000ea600000|100%| E|CS|TAMS 0x00000000ea500000, 0x00000000ea500000| Complete 
| 166|0x00000000ea600000, 0x00000000ea700000, 0x00000000ea700000|100%| E|CS|TAMS 0x00000000ea600000, 0x00000000ea600000| Complete 
| 167|0x00000000ea700000, 0x00000000ea800000, 0x00000000ea800000|100%| E|CS|TAMS 0x00000000ea700000, 0x00000000ea700000| Complete 
| 168|0x00000000ea800000, 0x00000000ea900000, 0x00000000ea900000|100%| E|CS|TAMS 0x00000000ea800000, 0x00000000ea800000| Complete 
| 169|0x00000000ea900000, 0x00000000eaa00000, 0x00000000eaa00000|100%| E|CS|TAMS 0x00000000ea900000, 0x00000000ea900000| Complete 
| 170|0x00000000eaa00000, 0x00000000eab00000, 0x00000000eab00000|100%| E|CS|TAMS 0x00000000eaa00000, 0x00000000eaa00000| Complete 
| 171|0x00000000eab00000, 0x00000000eac00000, 0x00000000eac00000|100%| E|CS|TAMS 0x00000000eab00000, 0x00000000eab00000| Complete 
| 172|0x00000000eac00000, 0x00000000ead00000, 0x00000000ead00000|100%| E|CS|TAMS 0x00000000eac00000, 0x00000000eac00000| Complete 
| 173|0x00000000ead00000, 0x00000000eae00000, 0x00000000eae00000|100%| E|CS|TAMS 0x00000000ead00000, 0x00000000ead00000| Complete 
| 174|0x00000000eae00000, 0x00000000eaf00000, 0x00000000eaf00000|100%| E|CS|TAMS 0x00000000eae00000, 0x00000000eae00000| Complete 
| 175|0x00000000eaf00000, 0x00000000eb000000, 0x00000000eb000000|100%| E|CS|TAMS 0x00000000eaf00000, 0x00000000eaf00000| Complete 
| 176|0x00000000eb000000, 0x00000000eb100000, 0x00000000eb100000|100%| E|CS|TAMS 0x00000000eb000000, 0x00000000eb000000| Complete 
| 177|0x00000000eb100000, 0x00000000eb200000, 0x00000000eb200000|100%| E|CS|TAMS 0x00000000eb100000, 0x00000000eb100000| Complete 
| 178|0x00000000eb200000, 0x00000000eb300000, 0x00000000eb300000|100%| E|CS|TAMS 0x00000000eb200000, 0x00000000eb200000| Complete 
| 179|0x00000000eb300000, 0x00000000eb400000, 0x00000000eb400000|100%| E|CS|TAMS 0x00000000eb300000, 0x00000000eb300000| Complete 
| 180|0x00000000eb400000, 0x00000000eb500000, 0x00000000eb500000|100%| E|CS|TAMS 0x00000000eb400000, 0x00000000eb400000| Complete 
| 181|0x00000000eb500000, 0x00000000eb600000, 0x00000000eb600000|100%| E|CS|TAMS 0x00000000eb500000, 0x00000000eb500000| Complete 
| 182|0x00000000eb600000, 0x00000000eb700000, 0x00000000eb700000|100%| E|CS|TAMS 0x00000000eb600000, 0x00000000eb600000| Complete 
| 183|0x00000000eb700000, 0x00000000eb800000, 0x00000000eb800000|100%| E|CS|TAMS 0x00000000eb700000, 0x00000000eb700000| Complete 
| 184|0x00000000eb800000, 0x00000000eb900000, 0x00000000eb900000|100%| E|CS|TAMS 0x00000000eb800000, 0x00000000eb800000| Complete 
| 185|0x00000000eb900000, 0x00000000eba00000, 0x00000000eba00000|100%| E|CS|TAMS 0x00000000eb900000, 0x00000000eb900000| Complete 
| 186|0x00000000eba00000, 0x00000000ebb00000, 0x00000000ebb00000|100%| E|CS|TAMS 0x00000000eba00000, 0x00000000eba00000| Complete 
| 187|0x00000000ebb00000, 0x00000000ebc00000, 0x00000000ebc00000|100%| E|CS|TAMS 0x00000000ebb00000, 0x00000000ebb00000| Complete 
| 188|0x00000000ebc00000, 0x00000000ebd00000, 0x00000000ebd00000|100%| E|CS|TAMS 0x00000000ebc00000, 0x00000000ebc00000| Complete 
| 189|0x00000000ebd00000, 0x00000000ebe00000, 0x00000000ebe00000|100%| E|CS|TAMS 0x00000000ebd00000, 0x00000000ebd00000| Complete 
| 190|0x00000000ebe00000, 0x00000000ebf00000, 0x00000000ebf00000|100%| E|CS|TAMS 0x00000000ebe00000, 0x00000000ebe00000| Complete 
| 191|0x00000000ebf00000, 0x00000000ec000000, 0x00000000ec000000|100%| E|CS|TAMS 0x00000000ebf00000, 0x00000000ebf00000| Complete 
| 192|0x00000000ec000000, 0x00000000ec100000, 0x00000000ec100000|100%| E|CS|TAMS 0x00000000ec000000, 0x00000000ec000000| Complete 
| 193|0x00000000ec100000, 0x00000000ec200000, 0x00000000ec200000|100%| E|CS|TAMS 0x00000000ec100000, 0x00000000ec100000| Complete 
| 194|0x00000000ec200000, 0x00000000ec300000, 0x00000000ec300000|100%| E|CS|TAMS 0x00000000ec200000, 0x00000000ec200000| Complete 
| 195|0x00000000ec300000, 0x00000000ec400000, 0x00000000ec400000|100%| E|CS|TAMS 0x00000000ec300000, 0x00000000ec300000| Complete 
| 196|0x00000000ec400000, 0x00000000ec500000, 0x00000000ec500000|100%| E|CS|TAMS 0x00000000ec400000, 0x00000000ec400000| Complete 
| 197|0x00000000ec500000, 0x00000000ec600000, 0x00000000ec600000|100%| E|CS|TAMS 0x00000000ec500000, 0x00000000ec500000| Complete 
| 198|0x00000000ec600000, 0x00000000ec700000, 0x00000000ec700000|100%| E|CS|TAMS 0x00000000ec600000, 0x00000000ec600000| Complete 
| 199|0x00000000ec700000, 0x00000000ec800000, 0x00000000ec800000|100%| E|CS|TAMS 0x00000000ec700000, 0x00000000ec700000| Complete 
| 200|0x00000000ec800000, 0x00000000ec900000, 0x00000000ec900000|100%| E|CS|TAMS 0x00000000ec800000, 0x00000000ec800000| Complete 
| 201|0x00000000ec900000, 0x00000000eca00000, 0x00000000eca00000|100%| E|  |TAMS 0x00000000ec900000, 0x00000000ec900000| Complete 
| 202|0x00000000eca00000, 0x00000000ecb00000, 0x00000000ecb00000|100%| E|CS|TAMS 0x00000000eca00000, 0x00000000eca00000| Complete 
| 203|0x00000000ecb00000, 0x00000000ecc00000, 0x00000000ecc00000|100%| E|CS|TAMS 0x00000000ecb00000, 0x00000000ecb00000| Complete 
| 204|0x00000000ecc00000, 0x00000000ecd00000, 0x00000000ecd00000|100%| E|CS|TAMS 0x00000000ecc00000, 0x00000000ecc00000| Complete 
| 205|0x00000000ecd00000, 0x00000000ece00000, 0x00000000ece00000|100%| E|CS|TAMS 0x00000000ecd00000, 0x00000000ecd00000| Complete 
| 206|0x00000000ece00000, 0x00000000ecf00000, 0x00000000ecf00000|100%| E|CS|TAMS 0x00000000ece00000, 0x00000000ece00000| Complete 
| 207|0x00000000ecf00000, 0x00000000ed000000, 0x00000000ed000000|100%| E|CS|TAMS 0x00000000ecf00000, 0x00000000ecf00000| Complete 
| 208|0x00000000ed000000, 0x00000000ed100000, 0x00000000ed100000|100%| E|CS|TAMS 0x00000000ed000000, 0x00000000ed000000| Complete 
| 209|0x00000000ed100000, 0x00000000ed200000, 0x00000000ed200000|100%| E|CS|TAMS 0x00000000ed100000, 0x00000000ed100000| Complete 
| 210|0x00000000ed200000, 0x00000000ed300000, 0x00000000ed300000|100%| E|CS|TAMS 0x00000000ed200000, 0x00000000ed200000| Complete 
| 211|0x00000000ed300000, 0x00000000ed400000, 0x00000000ed400000|100%| E|CS|TAMS 0x00000000ed300000, 0x00000000ed300000| Complete 
| 212|0x00000000ed400000, 0x00000000ed500000, 0x00000000ed500000|100%| E|CS|TAMS 0x00000000ed400000, 0x00000000ed400000| Complete 
| 213|0x00000000ed500000, 0x00000000ed600000, 0x00000000ed600000|100%| E|CS|TAMS 0x00000000ed500000, 0x00000000ed500000| Complete 
| 214|0x00000000ed600000, 0x00000000ed700000, 0x00000000ed700000|100%| E|CS|TAMS 0x00000000ed600000, 0x00000000ed600000| Complete 
| 215|0x00000000ed700000, 0x00000000ed800000, 0x00000000ed800000|100%| E|CS|TAMS 0x00000000ed700000, 0x00000000ed700000| Complete 
| 216|0x00000000ed800000, 0x00000000ed900000, 0x00000000ed900000|100%| E|CS|TAMS 0x00000000ed800000, 0x00000000ed800000| Complete 
| 217|0x00000000ed900000, 0x00000000eda00000, 0x00000000eda00000|100%| E|CS|TAMS 0x00000000ed900000, 0x00000000ed900000| Complete 
| 218|0x00000000eda00000, 0x00000000edb00000, 0x00000000edb00000|100%| E|CS|TAMS 0x00000000eda00000, 0x00000000eda00000| Complete 
| 219|0x00000000edb00000, 0x00000000edc00000, 0x00000000edc00000|100%| E|CS|TAMS 0x00000000edb00000, 0x00000000edb00000| Complete 
| 220|0x00000000edc00000, 0x00000000edd00000, 0x00000000edd00000|100%| E|CS|TAMS 0x00000000edc00000, 0x00000000edc00000| Complete 
| 221|0x00000000edd00000, 0x00000000ede00000, 0x00000000ede00000|100%| E|CS|TAMS 0x00000000edd00000, 0x00000000edd00000| Complete 
| 222|0x00000000ede00000, 0x00000000edf00000, 0x00000000edf00000|100%| E|CS|TAMS 0x00000000ede00000, 0x00000000ede00000| Complete 
| 223|0x00000000edf00000, 0x00000000ee000000, 0x00000000ee000000|100%| E|CS|TAMS 0x00000000edf00000, 0x00000000edf00000| Complete 
| 224|0x00000000ee000000, 0x00000000ee100000, 0x00000000ee100000|100%| E|CS|TAMS 0x00000000ee000000, 0x00000000ee000000| Complete 
| 225|0x00000000ee100000, 0x00000000ee200000, 0x00000000ee200000|100%| E|CS|TAMS 0x00000000ee100000, 0x00000000ee100000| Complete 
| 226|0x00000000ee200000, 0x00000000ee300000, 0x00000000ee300000|100%| E|CS|TAMS 0x00000000ee200000, 0x00000000ee200000| Complete 
| 227|0x00000000ee300000, 0x00000000ee400000, 0x00000000ee400000|100%| E|CS|TAMS 0x00000000ee300000, 0x00000000ee300000| Complete 
| 228|0x00000000ee400000, 0x00000000ee500000, 0x00000000ee500000|100%| E|CS|TAMS 0x00000000ee400000, 0x00000000ee400000| Complete 
| 229|0x00000000ee500000, 0x00000000ee600000, 0x00000000ee600000|100%| E|CS|TAMS 0x00000000ee500000, 0x00000000ee500000| Complete 
| 230|0x00000000ee600000, 0x00000000ee700000, 0x00000000ee700000|100%| E|CS|TAMS 0x00000000ee600000, 0x00000000ee600000| Complete 
| 231|0x00000000ee700000, 0x00000000ee800000, 0x00000000ee800000|100%| E|CS|TAMS 0x00000000ee700000, 0x00000000ee700000| Complete 
| 232|0x00000000ee800000, 0x00000000ee900000, 0x00000000ee900000|100%| E|CS|TAMS 0x00000000ee800000, 0x00000000ee800000| Complete 
| 233|0x00000000ee900000, 0x00000000eea00000, 0x00000000eea00000|100%| E|CS|TAMS 0x00000000ee900000, 0x00000000ee900000| Complete 
| 234|0x00000000eea00000, 0x00000000eeb00000, 0x00000000eeb00000|100%| E|CS|TAMS 0x00000000eea00000, 0x00000000eea00000| Complete 
| 235|0x00000000eeb00000, 0x00000000eec00000, 0x00000000eec00000|100%| E|CS|TAMS 0x00000000eeb00000, 0x00000000eeb00000| Complete 
| 236|0x00000000eec00000, 0x00000000eed00000, 0x00000000eed00000|100%| E|CS|TAMS 0x00000000eec00000, 0x00000000eec00000| Complete 
| 237|0x00000000eed00000, 0x00000000eee00000, 0x00000000eee00000|100%| E|CS|TAMS 0x00000000eed00000, 0x00000000eed00000| Complete 
| 238|0x00000000eee00000, 0x00000000eef00000, 0x00000000eef00000|100%| E|CS|TAMS 0x00000000eee00000, 0x00000000eee00000| Complete 
| 239|0x00000000eef00000, 0x00000000ef000000, 0x00000000ef000000|100%| E|CS|TAMS 0x00000000eef00000, 0x00000000eef00000| Complete 
| 240|0x00000000ef000000, 0x00000000ef100000, 0x00000000ef100000|100%| E|CS|TAMS 0x00000000ef000000, 0x00000000ef000000| Complete 
| 241|0x00000000ef100000, 0x00000000ef200000, 0x00000000ef200000|100%| E|CS|TAMS 0x00000000ef100000, 0x00000000ef100000| Complete 
| 242|0x00000000ef200000, 0x00000000ef300000, 0x00000000ef300000|100%| E|CS|TAMS 0x00000000ef200000, 0x00000000ef200000| Complete 
| 243|0x00000000ef300000, 0x00000000ef400000, 0x00000000ef400000|100%| E|CS|TAMS 0x00000000ef300000, 0x00000000ef300000| Complete 
| 244|0x00000000ef400000, 0x00000000ef500000, 0x00000000ef500000|100%| E|CS|TAMS 0x00000000ef400000, 0x00000000ef400000| Complete 
| 245|0x00000000ef500000, 0x00000000ef600000, 0x00000000ef600000|100%| E|CS|TAMS 0x00000000ef500000, 0x00000000ef500000| Complete 
| 246|0x00000000ef600000, 0x00000000ef700000, 0x00000000ef700000|100%| E|CS|TAMS 0x00000000ef600000, 0x00000000ef600000| Complete 
| 247|0x00000000ef700000, 0x00000000ef800000, 0x00000000ef800000|100%| E|CS|TAMS 0x00000000ef700000, 0x00000000ef700000| Complete 
| 248|0x00000000ef800000, 0x00000000ef900000, 0x00000000ef900000|100%| E|CS|TAMS 0x00000000ef800000, 0x00000000ef800000| Complete 
| 249|0x00000000ef900000, 0x00000000ef9685a0, 0x00000000efa00000| 40%| S|CS|TAMS 0x00000000ef900000, 0x00000000ef900000| Complete 
| 250|0x00000000efa00000, 0x00000000efb00000, 0x00000000efb00000|100%| E|CS|TAMS 0x00000000efa00000, 0x00000000efa00000| Complete 
| 251|0x00000000efb00000, 0x00000000efc00000, 0x00000000efc00000|100%| E|CS|TAMS 0x00000000efb00000, 0x00000000efb00000| Complete 
| 252|0x00000000efc00000, 0x00000000efd00000, 0x00000000efd00000|100%| E|CS|TAMS 0x00000000efc00000, 0x00000000efc00000| Complete 
| 253|0x00000000efd00000, 0x00000000efe00000, 0x00000000efe00000|100%| E|CS|TAMS 0x00000000efd00000, 0x00000000efd00000| Complete 
| 254|0x00000000efe00000, 0x00000000eff00000, 0x00000000eff00000|100%| E|CS|TAMS 0x00000000efe00000, 0x00000000efe00000| Complete 
| 255|0x00000000eff00000, 0x00000000f0000000, 0x00000000f0000000|100%| E|CS|TAMS 0x00000000eff00000, 0x00000000eff00000| Complete 

Card table byte_map: [0x000002aaf42a0000,0x000002aaf43a0000] _byte_map_base: 0x000002aaf3ba0000

Marking Bits (Prev, Next): (CMBitMap*) 0x000002aadd39d3b0, (CMBitMap*) 0x000002aadd39d3f0
 Prev Bits: [0x000002aaf44a0000, 0x000002aaf4ca0000)
 Next Bits: [0x000002aaf4ca0000, 0x000002aaf54a0000)

Polling page: 0x000002aadcb20000

Metaspace:

Usage:
  Non-class:     38.72 MB used.
      Class:      6.42 MB used.
       Both:     45.14 MB used.

Virtual space:
  Non-class space:       64.00 MB reserved,      38.94 MB ( 61%) committed,  1 nodes.
      Class space:      320.00 MB reserved,       6.62 MB (  2%) committed,  1 nodes.
             Both:      384.00 MB reserved,      45.56 MB ( 12%) committed. 

Chunk freelists:
   Non-Class:  9.00 MB
       Class:  9.19 MB
        Both:  18.19 MB

MaxMetaspaceSize: 384.00 MB
CompressedClassSpaceSize: 320.00 MB
Initial GC threshold: 21.00 MB
Current GC threshold: 59.94 MB
CDS: on
MetaspaceReclaimPolicy: balanced
 - commit_granule_bytes: 65536.
 - commit_granule_words: 8192.
 - virtual_space_node_default_size: 8388608.
 - enlarge_chunks_in_place: 1.
 - new_chunks_are_fully_committed: 0.
 - uncommit_free_chunks: 1.
 - use_allocation_guard: 0.
 - handle_deallocations: 1.


Internal statistics:

num_allocs_failed_limit: 12.
num_arena_births: 506.
num_arena_deaths: 0.
num_vsnodes_births: 2.
num_vsnodes_deaths: 0.
num_space_committed: 729.
num_space_uncommitted: 0.
num_chunks_returned_to_freelist: 12.
num_chunks_taken_from_freelist: 2306.
num_chunk_merges: 12.
num_chunk_splits: 1541.
num_chunks_enlarged: 1041.
num_inconsistent_stats: 0.

CodeHeap 'non-profiled nmethods': size=120000Kb used=2665Kb max_used=3289Kb free=117334Kb
 bounds [0x000002aaec940000, 0x000002aaecc80000, 0x000002aaf3e70000]
CodeHeap 'profiled nmethods': size=120000Kb used=8886Kb max_used=10236Kb free=111113Kb
 bounds [0x000002aae4e70000, 0x000002aae5890000, 0x000002aaec3a0000]
CodeHeap 'non-nmethods': size=5760Kb used=2329Kb max_used=2411Kb free=3430Kb
 bounds [0x000002aaec3a0000, 0x000002aaec610000, 0x000002aaec940000]
 total_blobs=5314 nmethods=4484 adapters=741
 compilation: enabled
              stopped_count=0, restarted_count=0
 full_count=0

Compilation events (20 events):
Event: 7.757 Thread 0x000002aaf7ee1a30 5263       3       java.util.ComparableTimSort::countRunAndMakeAscending (123 bytes)
Event: 7.758 Thread 0x000002aaf7ee1a30 nmethod 5263 0x000002aae4f55990 code [0x000002aae4f55bc0, 0x000002aae4f56638]
Event: 7.758 Thread 0x000002aaf7ee1a30 5262       3       org.codehaus.groovy.util.FastArray::get (7 bytes)
Event: 7.758 Thread 0x000002aaf7ee1a30 nmethod 5262 0x000002aae510d190 code [0x000002aae510d320, 0x000002aae510d458]
Event: 7.763 Thread 0x000002aaf7ee1a30 5264 %     3       groovy.lang.MetaClassImpl::inheritInterfaceNewMetaMethods @ 100 (195 bytes)
Event: 7.766 Thread 0x000002aaf7ee1a30 nmethod 5264% 0x000002aae4fc6410 code [0x000002aae4fc6720, 0x000002aae4fc7d58]
Event: 7.766 Thread 0x000002aaf7ee1a30 5265       3       groovy.lang.MetaClassImpl::inheritInterfaceNewMetaMethods (195 bytes)
Event: 7.766 Thread 0x000002aafc26c730 nmethod 5197 0x000002aaec96f490 code [0x000002aaec96f740, 0x000002aaec971a58]
Event: 7.766 Thread 0x000002aafc26c730 5246       4       java.util.HashMap::resize (356 bytes)
Event: 7.768 Thread 0x000002aaf7ee1a30 nmethod 5265 0x000002aae527b990 code [0x000002aae527bc80, 0x000002aae527cf98]
Event: 7.775 Thread 0x000002aaf7ee1a30 5267       3       java.util.TimSort::sort (229 bytes)
Event: 7.776 Thread 0x000002aaf7ee1a30 nmethod 5267 0x000002aae4f1fe90 code [0x000002aae4f200e0, 0x000002aae4f207f8]
Event: 7.776 Thread 0x000002aaf7ee1a30 5268       3       sun.reflect.generics.tree.SimpleClassTypeSignature::accept (8 bytes)
Event: 7.777 Thread 0x000002aaf7ee1a30 nmethod 5268 0x000002aae5186310 code [0x000002aae51864e0, 0x000002aae51867c8]
Event: 7.777 Thread 0x000002aaf7ee1a30 5269       3       sun.reflect.generics.visitor.Reifier::visitSimpleClassTypeSignature (18 bytes)
Event: 7.777 Thread 0x000002aaf7ee1a30 nmethod 5269 0x000002aae51b1090 code [0x000002aae51b1240, 0x000002aae51b1488]
Event: 7.777 Thread 0x000002aaf7ee1a30 5270       3       com.sun.beans.util.Cache$CacheEntry::matches (53 bytes)
Event: 7.778 Thread 0x000002aaf7ee1a30 nmethod 5270 0x000002aae504f410 code [0x000002aae504f5e0, 0x000002aae504fa98]
Event: 7.779 Thread 0x000002aaf7ee1a30 5271       3       java.beans.PropertyDescriptor::getPropertyEditorClass (22 bytes)
Event: 7.779 Thread 0x000002aaf7ee1a30 nmethod 5271 0x000002aae51ab610 code [0x000002aae51ab7c0, 0x000002aae51abb08]

GC Heap History (12 events):
Event: 0.717 GC heap before
{Heap before GC invocations=0 (full 0):
 garbage-first heap   total 262144K, used 26624K [0x00000000e0000000, 0x0000000100000000)
  region size 1024K, 23 young (23552K), 0 survivors (0K)
 Metaspace       used 3055K, committed 3200K, reserved 393216K
  class space    used 392K, committed 448K, reserved 327680K
}
Event: 0.722 GC heap after
{Heap after GC invocations=1 (full 0):
 garbage-first heap   total 262144K, used 10790K [0x00000000e0000000, 0x0000000100000000)
  region size 1024K, 3 young (3072K), 3 survivors (3072K)
 Metaspace       used 3055K, committed 3200K, reserved 393216K
  class space    used 392K, committed 448K, reserved 327680K
}
Event: 1.359 GC heap before
{Heap before GC invocations=1 (full 0):
 garbage-first heap   total 262144K, used 37414K [0x00000000e0000000, 0x0000000100000000)
  region size 1024K, 29 young (29696K), 3 survivors (3072K)
 Metaspace       used 4005K, committed 4160K, reserved 393216K
  class space    used 493K, committed 576K, reserved 327680K
}
Event: 1.363 GC heap after
{Heap after GC invocations=2 (full 0):
 garbage-first heap   total 262144K, used 11381K [0x00000000e0000000, 0x0000000100000000)
  region size 1024K, 1 young (1024K), 1 survivors (1024K)
 Metaspace       used 4005K, committed 4160K, reserved 393216K
  class space    used 493K, committed 576K, reserved 327680K
}
Event: 3.638 GC heap before
{Heap before GC invocations=2 (full 0):
 garbage-first heap   total 262144K, used 132213K [0x00000000e0000000, 0x0000000100000000)
  region size 1024K, 119 young (121856K), 1 survivors (1024K)
 Metaspace       used 21242K, committed 21504K, reserved 393216K
  class space    used 3133K, committed 3264K, reserved 327680K
}
Event: 3.648 GC heap after
{Heap after GC invocations=3 (full 0):
 garbage-first heap   total 262144K, used 22688K [0x00000000e0000000, 0x0000000100000000)
  region size 1024K, 12 young (12288K), 12 survivors (12288K)
 Metaspace       used 21242K, committed 21504K, reserved 393216K
  class space    used 3133K, committed 3264K, reserved 327680K
}
Event: 5.589 GC heap before
{Heap before GC invocations=4 (full 0):
 garbage-first heap   total 262144K, used 142496K [0x00000000e0000000, 0x0000000100000000)
  region size 1024K, 125 young (128000K), 12 survivors (12288K)
 Metaspace       used 35624K, committed 35968K, reserved 393216K
  class space    used 4990K, committed 5120K, reserved 327680K
}
Event: 5.604 GC heap after
{Heap after GC invocations=5 (full 0):
 garbage-first heap   total 262144K, used 32031K [0x00000000e0000000, 0x0000000100000000)
  region size 1024K, 10 young (10240K), 10 survivors (10240K)
 Metaspace       used 35624K, committed 35968K, reserved 393216K
  class space    used 4990K, committed 5120K, reserved 327680K
}
Event: 5.638 GC heap before
{Heap before GC invocations=5 (full 0):
 garbage-first heap   total 262144K, used 33055K [0x00000000e0000000, 0x0000000100000000)
  region size 1024K, 12 young (12288K), 10 survivors (10240K)
 Metaspace       used 35934K, committed 36288K, reserved 393216K
  class space    used 5035K, committed 5184K, reserved 327680K
}
Event: 5.646 GC heap after
{Heap after GC invocations=6 (full 0):
 garbage-first heap   total 262144K, used 33010K [0x00000000e0000000, 0x0000000100000000)
  region size 1024K, 2 young (2048K), 2 survivors (2048K)
 Metaspace       used 35934K, committed 36288K, reserved 393216K
  class space    used 5035K, committed 5184K, reserved 327680K
}
Event: 5.699 GC heap before
{Heap before GC invocations=6 (full 0):
 garbage-first heap   total 262144K, used 36082K [0x00000000e0000000, 0x0000000100000000)
  region size 1024K, 6 young (6144K), 2 survivors (2048K)
 Metaspace       used 36262K, committed 36608K, reserved 393216K
  class space    used 5093K, committed 5248K, reserved 327680K
}
Event: 5.701 GC heap after
{Heap after GC invocations=7 (full 0):
 garbage-first heap   total 262144K, used 32006K [0x00000000e0000000, 0x0000000100000000)
  region size 1024K, 1 young (1024K), 1 survivors (1024K)
 Metaspace       used 36262K, committed 36608K, reserved 393216K
  class space    used 5093K, committed 5248K, reserved 327680K
}

Dll operation events (14 events):
Event: 0.008 Loaded shared library C:\Users\WooHeeSeop\.jdks\corretto-17.0.9\bin\java.dll
Event: 0.022 Loaded shared library C:\Users\WooHeeSeop\.jdks\corretto-17.0.9\bin\jsvml.dll
Event: 0.052 Loaded shared library C:\Users\WooHeeSeop\.jdks\corretto-17.0.9\bin\zip.dll
Event: 0.055 Loaded shared library C:\Users\WooHeeSeop\.jdks\corretto-17.0.9\bin\instrument.dll
Event: 0.058 Loaded shared library C:\Users\WooHeeSeop\.jdks\corretto-17.0.9\bin\net.dll
Event: 0.059 Loaded shared library C:\Users\WooHeeSeop\.jdks\corretto-17.0.9\bin\nio.dll
Event: 0.061 Loaded shared library C:\Users\WooHeeSeop\.jdks\corretto-17.0.9\bin\zip.dll
Event: 0.255 Loaded shared library C:\Users\WooHeeSeop\.jdks\corretto-17.0.9\bin\jimage.dll
Event: 0.341 Loaded shared library C:\Users\WooHeeSeop\.jdks\corretto-17.0.9\bin\verify.dll
Event: 0.538 Loaded shared library C:\Users\WooHeeSeop\.gradle\native\c067742578af261105cb4f569cf0c3c89f3d7b1fecec35dd04571415982c5e48\windows-amd64\native-platform.dll
Event: 0.549 Loaded shared library C:\Users\WooHeeSeop\.gradle\native\38dada09dfb8b06ba9b0570ebf7e218e3eb74d4ef43ca46872605cf95ebc2f47\windows-amd64\native-platform-file-events.dll
Event: 1.688 Loaded shared library C:\Users\WooHeeSeop\.jdks\corretto-17.0.9\bin\management.dll
Event: 1.691 Loaded shared library C:\Users\WooHeeSeop\.jdks\corretto-17.0.9\bin\management_ext.dll
Event: 2.377 Loaded shared library C:\Users\WooHeeSeop\.jdks\corretto-17.0.9\bin\sunmscapi.dll

Deoptimization events (20 events):
Event: 7.698 Thread 0x000002aafcd29020 Uncommon trap: trap_request=0xffffffc6 fr.pc=0x000002aaecb6ea14 relative=0x0000000000003a54
Event: 7.698 Thread 0x000002aafcd29020 Uncommon trap: reason=bimorphic_or_optimized_type_check action=maybe_recompile pc=0x000002aaecb6ea14 method=org.codehaus.groovy.runtime.metaclass.MetaMethodIndex.isOverridden(Lgroovy/lang/MetaMethod;Lgroovy/lang/MetaMethod;)Z @ 10 c2
Event: 7.698 Thread 0x000002aafcd29020 DEOPT PACKING pc=0x000002aaecb6ea14 sp=0x000000c4808f6fa0
Event: 7.698 Thread 0x000002aafcd29020 DEOPT UNPACKING pc=0x000002aaec3fa1a3 sp=0x000000c4808f6f58 mode 2
Event: 7.708 Thread 0x000002aafcd29020 Uncommon trap: trap_request=0xffffffde fr.pc=0x000002aaecb128f0 relative=0x0000000000000930
Event: 7.708 Thread 0x000002aafcd29020 Uncommon trap: reason=class_check action=maybe_recompile pc=0x000002aaecb128f0 method=java.util.WeakHashMap.matchesKey(Ljava/util/WeakHashMap$Entry;Ljava/lang/Object;)Z @ 21 c2
Event: 7.708 Thread 0x000002aafcd29020 DEOPT PACKING pc=0x000002aaecb128f0 sp=0x000000c4808f6090
Event: 7.708 Thread 0x000002aafcd29020 DEOPT UNPACKING pc=0x000002aaec3fa1a3 sp=0x000000c4808f5ff0 mode 2
Event: 7.734 Thread 0x000002aafcd29020 Uncommon trap: trap_request=0xffffffc6 fr.pc=0x000002aaecb6ea14 relative=0x0000000000003a54
Event: 7.734 Thread 0x000002aafcd29020 Uncommon trap: reason=bimorphic_or_optimized_type_check action=maybe_recompile pc=0x000002aaecb6ea14 method=org.codehaus.groovy.runtime.metaclass.MetaMethodIndex.isOverridden(Lgroovy/lang/MetaMethod;Lgroovy/lang/MetaMethod;)Z @ 10 c2
Event: 7.734 Thread 0x000002aafcd29020 DEOPT PACKING pc=0x000002aaecb6ea14 sp=0x000000c4808f5ca0
Event: 7.734 Thread 0x000002aafcd29020 DEOPT UNPACKING pc=0x000002aaec3fa1a3 sp=0x000000c4808f5c58 mode 2
Event: 7.753 Thread 0x000002aafcd29020 Uncommon trap: trap_request=0xffffff45 fr.pc=0x000002aaecc18060 relative=0x0000000000000060
Event: 7.753 Thread 0x000002aafcd29020 Uncommon trap: reason=unstable_if action=reinterpret pc=0x000002aaecc18060 method=java.lang.Class.getComponentType()Ljava/lang/Class; @ 4 c2
Event: 7.753 Thread 0x000002aafcd29020 DEOPT PACKING pc=0x000002aaecc18060 sp=0x000000c4808f5ba0
Event: 7.753 Thread 0x000002aafcd29020 DEOPT UNPACKING pc=0x000002aaec3fa1a3 sp=0x000000c4808f5b30 mode 2
Event: 7.771 Thread 0x000002aafcd29020 Uncommon trap: trap_request=0xffffffde fr.pc=0x000002aaecb128f0 relative=0x0000000000000930
Event: 7.771 Thread 0x000002aafcd29020 Uncommon trap: reason=class_check action=maybe_recompile pc=0x000002aaecb128f0 method=java.util.WeakHashMap.matchesKey(Ljava/util/WeakHashMap$Entry;Ljava/lang/Object;)Z @ 21 c2
Event: 7.771 Thread 0x000002aafcd29020 DEOPT PACKING pc=0x000002aaecb128f0 sp=0x000000c4808f65c0
Event: 7.771 Thread 0x000002aafcd29020 DEOPT UNPACKING pc=0x000002aaec3fa1a3 sp=0x000000c4808f6520 mode 2

Classes unloaded (0 events):
No events

Classes redefined (0 events):
No events

Internal exceptions (20 events):
Event: 7.719 Thread 0x000002aafcd29020 Exception <a 'java/lang/ClassNotFoundException'{0x00000000e9ad94a0}: org/gradle/api/internal/artifacts/configurations/DefaultConfigurationContainer_DecoratedCustomizer> (0x00000000e9ad94a0) 
thrown [s\src\hotspot\share\classfile\systemDictionary.cpp, line 256]
Event: 7.737 Thread 0x000002aafcd29020 Exception <a 'java/lang/ClassNotFoundException'{0x00000000e979d358}: org/gradle/api/internal/artifacts/configurations/DefaultUnlockedConfiguration_DecoratedBeanInfo> (0x00000000e979d358) 
thrown [s\src\hotspot\share\classfile\systemDictionary.cpp, line 256]
Event: 7.738 Thread 0x000002aafcd29020 Exception <a 'java/lang/ClassNotFoundException'{0x00000000e97b6528}: org/gradle/api/internal/artifacts/configurations/DefaultUnlockedConfigurationBeanInfo> (0x00000000e97b6528) 
thrown [s\src\hotspot\share\classfile\systemDictionary.cpp, line 256]
Event: 7.739 Thread 0x000002aafcd29020 Exception <a 'java/lang/ClassNotFoundException'{0x00000000e97cf498}: org/gradle/api/internal/artifacts/configurations/DefaultConfigurationBeanInfo> (0x00000000e97cf498) 
thrown [s\src\hotspot\share\classfile\systemDictionary.cpp, line 256]
Event: 7.739 Thread 0x000002aafcd29020 Exception <a 'java/lang/ClassNotFoundException'{0x00000000e97e50d0}: org/gradle/api/internal/file/AbstractFileCollectionBeanInfo> (0x00000000e97e50d0) 
thrown [s\src\hotspot\share\classfile\systemDictionary.cpp, line 256]
Event: 7.740 Thread 0x000002aafcd29020 Exception <a 'java/lang/ClassNotFoundException'{0x00000000e97facd0}: org/gradle/api/internal/file/AbstractFileCollectionCustomizer> (0x00000000e97facd0) 
thrown [s\src\hotspot\share\classfile\systemDictionary.cpp, line 256]
Event: 7.741 Thread 0x000002aafcd29020 Exception <a 'java/lang/ClassNotFoundException'{0x00000000e9625910}: org/gradle/api/internal/artifacts/configurations/DefaultConfigurationCustomizer> (0x00000000e9625910) 
thrown [s\src\hotspot\share\classfile\systemDictionary.cpp, line 256]
Event: 7.745 Thread 0x000002aafcd29020 Exception <a 'java/lang/ClassNotFoundException'{0x00000000e9695580}: org/gradle/api/internal/artifacts/configurations/DefaultUnlockedConfigurationCustomizer> (0x00000000e9695580) 
thrown [s\src\hotspot\share\classfile\systemDictionary.cpp, line 256]
Event: 7.747 Thread 0x000002aafcd29020 Exception <a 'java/lang/ClassNotFoundException'{0x00000000e96bcd28}: org/gradle/api/internal/artifacts/configurations/DefaultUnlockedConfiguration_DecoratedCustomizer> (0x00000000e96bcd28) 
thrown [s\src\hotspot\share\classfile\systemDictionary.cpp, line 256]
Event: 7.769 Thread 0x000002aafcd29020 Exception <a 'java/lang/ClassNotFoundException'{0x00000000e91145c8}: org/gradle/api/internal/artifacts/dsl/DefaultRepositoryHandler_DecoratedBeanInfo> (0x00000000e91145c8) 
thrown [s\src\hotspot\share\classfile\systemDictionary.cpp, line 256]
Event: 7.769 Thread 0x000002aafcd29020 Exception <a 'java/lang/ClassNotFoundException'{0x00000000e912ae98}: org/gradle/api/internal/artifacts/dsl/DefaultRepositoryHandlerBeanInfo> (0x00000000e912ae98) 
thrown [s\src\hotspot\share\classfile\systemDictionary.cpp, line 256]
Event: 7.770 Thread 0x000002aafcd29020 Exception <a 'java/lang/ClassNotFoundException'{0x00000000e9141930}: org/gradle/api/internal/artifacts/DefaultArtifactRepositoryContainerBeanInfo> (0x00000000e9141930) 
thrown [s\src\hotspot\share\classfile\systemDictionary.cpp, line 256]
Event: 7.770 Thread 0x000002aafcd29020 Exception <a 'java/lang/ClassNotFoundException'{0x00000000e9155900}: org/gradle/api/internal/DefaultNamedDomainObjectListBeanInfo> (0x00000000e9155900) 
thrown [s\src\hotspot\share\classfile\systemDictionary.cpp, line 256]
Event: 7.771 Thread 0x000002aafcd29020 Exception <a 'java/lang/ClassNotFoundException'{0x00000000e9169398}: org/gradle/api/internal/DefaultNamedDomainObjectListCustomizer> (0x00000000e9169398) 
thrown [s\src\hotspot\share\classfile\systemDictionary.cpp, line 256]
Event: 7.773 Thread 0x000002aafcd29020 Exception <a 'java/lang/ClassNotFoundException'{0x00000000e919ae58}: org/gradle/api/internal/artifacts/DefaultArtifactRepositoryContainerCustomizer> (0x00000000e919ae58) 
thrown [s\src\hotspot\share\classfile\systemDictionary.cpp, line 256]
Event: 7.775 Thread 0x000002aafcd29020 Exception <a 'java/lang/ClassNotFoundException'{0x00000000e91c41f0}: org/gradle/api/internal/artifacts/dsl/DefaultRepositoryHandlerCustomizer> (0x00000000e91c41f0) 
thrown [s\src\hotspot\share\classfile\systemDictionary.cpp, line 256]
Event: 7.777 Thread 0x000002aafcd29020 Exception <a 'java/lang/ClassNotFoundException'{0x00000000e91fb368}: org/gradle/api/internal/artifacts/dsl/DefaultRepositoryHandler_DecoratedCustomizer> (0x00000000e91fb368) 
thrown [s\src\hotspot\share\classfile\systemDictionary.cpp, line 256]
Event: 7.786 Thread 0x000002aafcd29020 Exception <a 'java/lang/ClassNotFoundException'{0x00000000e9092188}: org/gradle/api/internal/artifacts/dsl/dependencies/DefaultDependencyHandler_DecoratedBeanInfo> (0x00000000e9092188) 
thrown [s\src\hotspot\share\classfile\systemDictionary.cpp, line 256]
Event: 7.787 Thread 0x000002aafcd29020 Exception <a 'java/lang/ClassNotFoundException'{0x00000000e90a9320}: org/gradle/api/internal/artifacts/dsl/dependencies/DefaultDependencyHandlerBeanInfo> (0x00000000e90a9320) 
thrown [s\src\hotspot\share\classfile\systemDictionary.cpp, line 256]
Event: 7.788 Thread 0x000002aafcd29020 Exception <a 'java/lang/ClassNotFoundException'{0x00000000e90c0470}: org/gradle/api/internal/artifacts/dsl/dependencies/DefaultDependencyHandlerCustomizer> (0x00000000e90c0470) 
thrown [s\src\hotspot\share\classfile\systemDictionary.cpp, line 256]

VM Operations (20 events):
Event: 5.731 Executing VM operation: G1PauseRemark
Event: 5.734 Executing VM operation: G1PauseRemark done
Event: 5.749 Executing VM operation: G1PauseCleanup
Event: 5.750 Executing VM operation: G1PauseCleanup done
Event: 6.591 Executing VM operation: ICBufferFull
Event: 6.592 Executing VM operation: ICBufferFull done
Event: 6.593 Executing VM operation: ICBufferFull
Event: 6.593 Executing VM operation: ICBufferFull done
Event: 6.593 Executing VM operation: ICBufferFull
Event: 6.593 Executing VM operation: ICBufferFull done
Event: 7.026 Executing VM operation: ICBufferFull
Event: 7.026 Executing VM operation: ICBufferFull done
Event: 7.197 Executing VM operation: HandshakeAllThreads
Event: 7.198 Executing VM operation: HandshakeAllThreads done
Event: 7.333 Executing VM operation: HandshakeAllThreads
Event: 7.334 Executing VM operation: HandshakeAllThreads done
Event: 7.350 Executing VM operation: HandshakeAllThreads
Event: 7.350 Executing VM operation: HandshakeAllThreads done
Event: 7.598 Executing VM operation: ICBufferFull
Event: 7.599 Executing VM operation: ICBufferFull done

Events (20 events):
Event: 7.441 loading class sun/misc/SharedSecrets
Event: 7.441 loading class sun/misc/SharedSecrets done
Event: 7.603 loading class sun/reflect/generics/tree/BooleanSignature
Event: 7.604 loading class sun/reflect/generics/tree/BooleanSignature done
Event: 7.626 loading class org/xml/sax/Locator
Event: 7.626 loading class org/xml/sax/Locator done
Event: 7.626 loading class org/xml/sax/SAXParseException
Event: 7.627 loading class org/xml/sax/SAXParseException done
Event: 7.628 loading class org/xml/sax/Attributes
Event: 7.628 loading class org/xml/sax/Attributes done
Event: 7.704 loading class java/util/AbstractCollectionBeanInfo
Event: 7.704 loading class java/util/AbstractCollectionBeanInfo done
Event: 7.704 loading class java/util/AbstractCollectionBeanInfo
Event: 7.704 loading class java/util/AbstractCollectionBeanInfo done
Event: 7.704 loading class java/util/AbstractCollectionCustomizer
Event: 7.704 loading class java/util/AbstractCollectionCustomizer done
Event: 7.704 loading class java/util/AbstractCollectionCustomizer
Event: 7.704 loading class java/util/AbstractCollectionCustomizer done
Event: 7.704 loading class sun/reflect/generics/reflectiveObjects/GenericArrayTypeImpl
Event: 7.705 loading class sun/reflect/generics/reflectiveObjects/GenericArrayTypeImpl done


Dynamic libraries:
0x00007ff60c0b0000 - 0x00007ff60c0be000 	C:\Users\WooHeeSeop\.jdks\corretto-17.0.9\bin\java.exe
0x00007ffdb44d0000 - 0x00007ffdb46e7000 	C:\WINDOWS\SYSTEM32\ntdll.dll
0x00007ffdb2960000 - 0x00007ffdb2a24000 	C:\WINDOWS\System32\KERNEL32.DLL
0x00007ffdb1e70000 - 0x00007ffdb2216000 	C:\WINDOWS\System32\KERNELBASE.dll
0x00007ffdb1d50000 - 0x00007ffdb1e61000 	C:\WINDOWS\System32\ucrtbase.dll
0x00007ffdadeb0000 - 0x00007ffdadec7000 	C:\Users\WooHeeSeop\.jdks\corretto-17.0.9\bin\jli.dll
0x00007ffda17b0000 - 0x00007ffda17cb000 	C:\Users\WooHeeSeop\.jdks\corretto-17.0.9\bin\VCRUNTIME140.dll
0x00007ffdb4270000 - 0x00007ffdb441e000 	C:\WINDOWS\System32\USER32.dll
0x00007ffdb1840000 - 0x00007ffdb1866000 	C:\WINDOWS\System32\win32u.dll
0x00007ffdb3200000 - 0x00007ffdb3229000 	C:\WINDOWS\System32\GDI32.dll
0x00007ffdb1870000 - 0x00007ffdb1988000 	C:\WINDOWS\System32\gdi32full.dll
0x00007ffdb1990000 - 0x00007ffdb1a2a000 	C:\WINDOWS\System32\msvcp_win.dll
0x00007ffd94dc0000 - 0x00007ffd95053000 	C:\WINDOWS\WinSxS\amd64_microsoft.windows.common-controls_6595b64144ccf1df_6.0.22621.2506_none_270c5ae97388e100\COMCTL32.dll
0x00007ffdb34d0000 - 0x00007ffdb3577000 	C:\WINDOWS\System32\msvcrt.dll
0x00007ffdb3de0000 - 0x00007ffdb3e11000 	C:\WINDOWS\System32\IMM32.DLL
0x00007ffdae3c0000 - 0x00007ffdae3cc000 	C:\Users\WooHeeSeop\.jdks\corretto-17.0.9\bin\vcruntime140_1.dll
0x00007ffd6fc00000 - 0x00007ffd6fc8d000 	C:\Users\WooHeeSeop\.jdks\corretto-17.0.9\bin\msvcp140.dll
0x00007ffd42d80000 - 0x00007ffd439e1000 	C:\Users\WooHeeSeop\.jdks\corretto-17.0.9\bin\server\jvm.dll
0x00007ffdb2220000 - 0x00007ffdb22d1000 	C:\WINDOWS\System32\ADVAPI32.dll
0x00007ffdb41b0000 - 0x00007ffdb4255000 	C:\WINDOWS\System32\sechost.dll
0x00007ffdb2ad0000 - 0x00007ffdb2be7000 	C:\WINDOWS\System32\RPCRT4.dll
0x00007ffda8cf0000 - 0x00007ffda8d24000 	C:\WINDOWS\SYSTEM32\WINMM.dll
0x00007ffd7a560000 - 0x00007ffd7a569000 	C:\WINDOWS\SYSTEM32\WSOCK32.dll
0x00007ffdb1660000 - 0x00007ffdb16ad000 	C:\WINDOWS\SYSTEM32\POWRPROF.dll
0x00007ffda5b10000 - 0x00007ffda5b1a000 	C:\WINDOWS\SYSTEM32\VERSION.dll
0x00007ffdb2a50000 - 0x00007ffdb2ac1000 	C:\WINDOWS\System32\WS2_32.dll
0x00007ffdb1540000 - 0x00007ffdb1553000 	C:\WINDOWS\SYSTEM32\UMPDC.dll
0x00007ffdb0840000 - 0x00007ffdb0858000 	C:\WINDOWS\SYSTEM32\kernel.appcore.dll
0x00007ffdae380000 - 0x00007ffdae38a000 	C:\Users\WooHeeSeop\.jdks\corretto-17.0.9\bin\jimage.dll
0x00007ffdaf110000 - 0x00007ffdaf343000 	C:\WINDOWS\SYSTEM32\DBGHELP.DLL
0x00007ffdb3e20000 - 0x00007ffdb41a9000 	C:\WINDOWS\System32\combase.dll
0x00007ffdb3230000 - 0x00007ffdb3307000 	C:\WINDOWS\System32\OLEAUT32.dll
0x00007ffd7f680000 - 0x00007ffd7f6b2000 	C:\WINDOWS\SYSTEM32\dbgcore.DLL
0x00007ffdb1af0000 - 0x00007ffdb1b6a000 	C:\WINDOWS\System32\bcryptPrimitives.dll
0x00007ffd980a0000 - 0x00007ffd980ae000 	C:\Users\WooHeeSeop\.jdks\corretto-17.0.9\bin\instrument.dll
0x00007ffd964f0000 - 0x00007ffd96515000 	C:\Users\WooHeeSeop\.jdks\corretto-17.0.9\bin\java.dll
0x00007ffd6f180000 - 0x00007ffd6f257000 	C:\Users\WooHeeSeop\.jdks\corretto-17.0.9\bin\jsvml.dll
0x00007ffdb3580000 - 0x00007ffdb3dda000 	C:\WINDOWS\System32\SHELL32.dll
0x00007ffdaf760000 - 0x00007ffdb0056000 	C:\WINDOWS\SYSTEM32\windows.storage.dll
0x00007ffdaf620000 - 0x00007ffdaf75e000 	C:\WINDOWS\SYSTEM32\wintypes.dll
0x00007ffdb2840000 - 0x00007ffdb2933000 	C:\WINDOWS\System32\SHCORE.dll
0x00007ffdb3080000 - 0x00007ffdb30de000 	C:\WINDOWS\System32\shlwapi.dll
0x00007ffdb1770000 - 0x00007ffdb1796000 	C:\WINDOWS\SYSTEM32\profapi.dll
0x00007ffd93930000 - 0x00007ffd93948000 	C:\Users\WooHeeSeop\.jdks\corretto-17.0.9\bin\zip.dll
0x00007ffd97ee0000 - 0x00007ffd97ef9000 	C:\Users\WooHeeSeop\.jdks\corretto-17.0.9\bin\net.dll
0x00007ffdaafd0000 - 0x00007ffdab107000 	C:\WINDOWS\SYSTEM32\WINHTTP.dll
0x00007ffdb0cc0000 - 0x00007ffdb0d29000 	C:\WINDOWS\system32\mswsock.dll
0x00007ffd955d0000 - 0x00007ffd955e6000 	C:\Users\WooHeeSeop\.jdks\corretto-17.0.9\bin\nio.dll
0x00007ffda18c0000 - 0x00007ffda18d0000 	C:\Users\WooHeeSeop\.jdks\corretto-17.0.9\bin\verify.dll
0x00007ffd733e0000 - 0x00007ffd73407000 	C:\Users\WooHeeSeop\.gradle\native\c067742578af261105cb4f569cf0c3c89f3d7b1fecec35dd04571415982c5e48\windows-amd64\native-platform.dll
0x00007ffd67730000 - 0x00007ffd67874000 	C:\Users\WooHeeSeop\.gradle\native\38dada09dfb8b06ba9b0570ebf7e218e3eb74d4ef43ca46872605cf95ebc2f47\windows-amd64\native-platform-file-events.dll
0x00007ffd964e0000 - 0x00007ffd964e9000 	C:\Users\WooHeeSeop\.jdks\corretto-17.0.9\bin\management.dll
0x00007ffd96470000 - 0x00007ffd9647b000 	C:\Users\WooHeeSeop\.jdks\corretto-17.0.9\bin\management_ext.dll
0x00007ffdb2950000 - 0x00007ffdb2958000 	C:\WINDOWS\System32\PSAPI.DLL
0x00007ffdb0f80000 - 0x00007ffdb0f9b000 	C:\WINDOWS\SYSTEM32\CRYPTSP.dll
0x00007ffdb07a0000 - 0x00007ffdb07d5000 	C:\WINDOWS\system32\rsaenh.dll
0x00007ffdb0e20000 - 0x00007ffdb0e4c000 	C:\WINDOWS\SYSTEM32\USERENV.dll
0x00007ffdb1150000 - 0x00007ffdb1178000 	C:\WINDOWS\SYSTEM32\bcrypt.dll
0x00007ffdb0fa0000 - 0x00007ffdb0fac000 	C:\WINDOWS\SYSTEM32\CRYPTBASE.dll
0x00007ffdb02c0000 - 0x00007ffdb02ed000 	C:\WINDOWS\SYSTEM32\IPHLPAPI.DLL
0x00007ffdb2bf0000 - 0x00007ffdb2bf9000 	C:\WINDOWS\System32\NSI.dll
0x00007ffdaaf00000 - 0x00007ffdaaf19000 	C:\WINDOWS\SYSTEM32\dhcpcsvc6.DLL
0x00007ffdaaee0000 - 0x00007ffdaaeff000 	C:\WINDOWS\SYSTEM32\dhcpcsvc.DLL
0x00007ffdb02f0000 - 0x00007ffdb03e9000 	C:\WINDOWS\SYSTEM32\DNSAPI.dll
0x00007ffd95b00000 - 0x00007ffd95b0e000 	C:\Users\WooHeeSeop\.jdks\corretto-17.0.9\bin\sunmscapi.dll
0x00007ffdb1b70000 - 0x00007ffdb1cd6000 	C:\WINDOWS\System32\CRYPT32.dll
0x00007ffdb1120000 - 0x00007ffdb114d000 	C:\WINDOWS\SYSTEM32\ncrypt.dll
0x00007ffdb10e0000 - 0x00007ffdb1117000 	C:\WINDOWS\SYSTEM32\NTASN1.dll
0x00007ffd98040000 - 0x00007ffd98048000 	C:\WINDOWS\system32\wshunix.dll

dbghelp: loaded successfully - version: 4.0.5 - missing functions: none
symbol engine: initialized successfully - sym options: 0x614 - pdb path: .;C:\Users\WooHeeSeop\.jdks\corretto-17.0.9\bin;C:\WINDOWS\SYSTEM32;C:\WINDOWS\WinSxS\amd64_microsoft.windows.common-controls_6595b64144ccf1df_6.0.22621.2506_none_270c5ae97388e100;C:\Users\WooHeeSeop\.jdks\corretto-17.0.9\bin\server;C:\Users\WooHeeSeop\.gradle\native\c067742578af261105cb4f569cf0c3c89f3d7b1fecec35dd04571415982c5e48\windows-amd64;C:\Users\WooHeeSeop\.gradle\native\38dada09dfb8b06ba9b0570ebf7e218e3eb74d4ef43ca46872605cf95ebc2f47\windows-amd64

VM Arguments:
jvm_args: --add-opens=java.base/java.util=ALL-UNNAMED --add-opens=java.base/java.lang=ALL-UNNAMED --add-opens=java.base/java.lang.invoke=ALL-UNNAMED --add-opens=java.prefs/java.util.prefs=ALL-UNNAMED --add-opens=java.base/java.nio.charset=ALL-UNNAMED --add-opens=java.base/java.net=ALL-UNNAMED --add-opens=java.base/java.util.concurrent.atomic=ALL-UNNAMED -XX:MaxMetaspaceSize=384m -XX:+HeapDumpOnOutOfMemoryError -Xms256m -Xmx512m -Dfile.encoding=UTF-8 -Duser.country=KR -Duser.language=ko -Duser.variant -javaagent:C:\Users\WooHeeSeop\.gradle\wrapper\dists\gradle-8.5-bin\5t9huq95ubn472n8rpzujfbqh\gradle-8.5\lib\agents\gradle-instrumentation-agent-8.5.jar 
java_command: org.gradle.launcher.daemon.bootstrap.GradleDaemon 8.5
java_class_path (initial): C:\Users\WooHeeSeop\.gradle\wrapper\dists\gradle-8.5-bin\5t9huq95ubn472n8rpzujfbqh\gradle-8.5\lib\gradle-launcher-8.5.jar
Launcher Type: SUN_STANDARD

[Global flags]
     intx CICompilerCount                          = 4                                         {product} {ergonomic}
   size_t CompressedClassSpaceSize                 = 335544320                                 {product} {ergonomic}
     uint ConcGCThreads                            = 2                                         {product} {ergonomic}
     uint G1ConcRefinementThreads                  = 8                                         {product} {ergonomic}
   size_t G1HeapRegionSize                         = 1048576                                   {product} {ergonomic}
    uintx GCDrainStackTargetSize                   = 64                                        {product} {ergonomic}
     bool HeapDumpOnOutOfMemoryError               = true                                   {manageable} {command line}
   size_t InitialHeapSize                          = 268435456                                 {product} {command line}
   size_t MarkStackSize                            = 4194304                                   {product} {ergonomic}
   size_t MaxHeapSize                              = 536870912                                 {product} {command line}
   size_t MaxMetaspaceSize                         = 402653184                                 {product} {command line}
   size_t MaxNewSize                               = 321912832                                 {product} {ergonomic}
   size_t MinHeapDeltaBytes                        = 1048576                                   {product} {ergonomic}
   size_t MinHeapSize                              = 268435456                                 {product} {command line}
    uintx NonNMethodCodeHeapSize                   = 5839372                                {pd product} {ergonomic}
    uintx NonProfiledCodeHeapSize                  = 122909434                              {pd product} {ergonomic}
    uintx ProfiledCodeHeapSize                     = 122909434                              {pd product} {ergonomic}
    uintx ReservedCodeCacheSize                    = 251658240                              {pd product} {ergonomic}
     bool SegmentedCodeCache                       = true                                      {product} {ergonomic}
   size_t SoftMaxHeapSize                          = 536870912                              {manageable} {ergonomic}
     bool UseCompressedClassPointers               = true                           {product lp64_product} {ergonomic}
     bool UseCompressedOops                        = true                           {product lp64_product} {ergonomic}
     bool UseG1GC                                  = true                                      {product} {ergonomic}
     bool UseLargePagesIndividualAllocation        = false                                  {pd product} {ergonomic}

Logging:
Log output configuration:
 #0: stdout all=warning uptime,level,tags
 #1: stderr all=off uptime,level,tags

Environment Variables:
JAVA_HOME=C:\Program Files\Java\jdk1.8.0_341
CLASSPATH=C:\Program Files\Java\jdk1.8.0_341\lib
PATH=C:\Program Files\Java\jdk1.8.0_341bin\;C:\Program Files\Common Files\Oracle\Java\javapath;C:\Program Files (x86)\Common Files\Oracle\Java\javapath;c:\jdk1.8\bin;C:\Program Files (x86)\NAT Service;C:\WINDOWS\system32;C:\WINDOWS;C:\WINDOWS\System32\Wbem;C:\WINDOWS\System32\WindowsPowerShell\v1.0\;C:\WINDOWS\System32\OpenSSH\;C:\Program Files\nodejs\;C:\Program Files\Git\cmd;C:\Program Files\Microsoft SQL Server\150\Tools\Binn\;C:\Program Files\Microsoft SQL Server\Client SDK\ODBC\170\Tools\Binn\;C:\Program Files\dotnet\;C:\Program Files (x86)\Windows Kits\10\Windows Performance Toolkit\;C:\Program Files\Microsoft SQL Server\130\Tools\Binn\;C:\Program Files\PuTTY\;C:\Program Files\PowerShell\7\;C:\Users\WooHeeSeop\AppData\Local\Microsoft\WindowsApps;C:\Users\우희섭\AppData\Local\Programs\Microsoft VS Code\bin;C:\Users\우희섭\AppData\Roaming\npm;C:\Program Files\JetBrains\IntelliJ IDEA Community Edition 2022.2.1\bin;;C:\Program Files\JetBrains\IntelliJ IDEA 2021.1.3\bin;;C:\Program Files\JetBrains\PyCharm 2023.2.1\bin;;C:\Users\WooHeeSeop\.dotnet\tools;C:\Program Files\MongoDB\Server\7.0\bin;
USERNAME=WooHeeSeop
LANG=KO
OS=Windows_NT
PROCESSOR_IDENTIFIER=Intel64 Family 6 Model 140 Stepping 1, GenuineIntel
TMP=C:\Users\WOOHEE~1\AppData\Local\Temp
TEMP=C:\Users\WOOHEE~1\AppData\Local\Temp



Periodic native trim disabled


---------------  S Y S T E M  ---------------

OS:
 Windows 11 , 64 bit Build 22621 (10.0.22621.2506)
OS uptime: 11 days 6:32 hours

CPU: total 8 (initial active 8) (4 cores per cpu, 2 threads per core) family 6 model 140 stepping 1 microcode 0x8a, cx8, cmov, fxsr, ht, mmx, 3dnowpref, sse, sse2, sse3, ssse3, sse4.1, sse4.2, popcnt, lzcnt, tsc, tscinvbit, avx, avx2, aes, erms, clmul, bmi1, bmi2, adx, avx512f, avx512dq, avx512cd, avx512bw, avx512vl, sha, fma, vzeroupper, avx512_vpopcntdq, avx512_vpclmulqdq, avx512_vaes, avx512_vnni, clflush, clflushopt, clwb, avx512_vbmi2, avx512_vbmi
Processor Information for all 8 processors :
  Max Mhz: 2803, Current Mhz: 2803, Mhz Limit: 2803

Memory: 4k page, system-wide physical 16108M (2693M free)
TotalPageFile size 45599M (AvailPageFile size 5M)
current process WorkingSet (physical memory assigned to process): 358M, peak: 359M
current process commit charge ("private bytes"): 488M, peak: 490M

vm_info: OpenJDK 64-Bit Server VM (17.0.9+8-LTS) for windows-amd64 JRE (17.0.9+8-LTS), built on Oct 12 2023 16:15:33 by "Administrator" with MS VC++ 16.10 / 16.11 (VS2019)

END.
