#
# There is insufficient memory for the Java Runtime Environment to continue.
# Native memory allocation (mmap) failed to map 264241152 bytes for G1 virtual space
# Possible reasons:
#   The system is out of physical RAM or swap space
#   The process is running with CompressedOops enabled, and the Java Heap may be blocking the growth of the native heap
# Possible solutions:
#   Reduce memory load on the system
#   Increase physical memory or swap space
#   Check if swap backing store is full
#   Decrease Java heap size (-Xmx/-Xms)
#   Decrease number of Java threads
#   Decrease Java thread stack sizes (-Xss)
#   Set larger code cache with -XX:ReservedCodeCacheSize=
#   JVM is running with Zero Based Compressed Oops mode in which the Java heap is
#     placed in the first 32GB address space. The Java Heap base address is the
#     maximum limit for the native heap growth. Please use -XX:HeapBaseMinAddress
#     to set the Java Heap base and to place the Java Heap above 32GB virtual address.
# This output file may be truncated or incomplete.
#
#  Out of Memory Error (os_windows.cpp:3613), pid=18040, tid=2460
#
# JRE version:  (17.0.9+8) (build )
# Java VM: OpenJDK 64-Bit Server VM (17.0.9+8-LTS, mixed mode, emulated-client, sharing, tiered, compressed oops, compressed class ptrs, g1 gc, windows-amd64)
# No core dump will be written. Minidumps are not enabled by default on client versions of Windows
#

---------------  S U M M A R Y ------------

Command Line: -XX:TieredStopAtLevel=1 -Dspring.output.ansi.enabled=always -Dcom.sun.management.jmxremote -Dspring.jmx.enabled=true -Dspring.liveBeansView.mbeanDomain -Dspring.application.admin.enabled=true -javaagent:C:\Users\WooHeeSeop\Desktop\programming\intellij\IntelliJ IDEA 2022.2.1\lib\idea_rt.jar=65534:C:\Users\WooHeeSeop\Desktop\programming\intellij\IntelliJ IDEA 2022.2.1\bin -Dfile.encoding=UTF-8 com.example.springsecurity03.SpringSecurity03Application

Host: 11th Gen Intel(R) Core(TM) i7-1165G7 @ 2.80GHz, 8 cores, 15G,  Windows 11 , 64 bit Build 22621 (10.0.22621.2506)
Time: Tue Jan  2 23:42:43 2024  Windows 11 , 64 bit Build 22621 (10.0.22621.2506) elapsed time: 0.021323 seconds (0d 0h 0m 0s)

---------------  T H R E A D  ---------------

Current thread (0x0000029cc99fd3b0):  JavaThread "Unknown thread" [_thread_in_vm, id=2460, stack(0x000000b780000000,0x000000b780100000)]

Stack: [0x000000b780000000,0x000000b780100000]
Native frames: (J=compiled Java code, j=interpreted, Vv=VM code, C=native code)
V  [jvm.dll+0x67cb49]
V  [jvm.dll+0x8344da]
V  [jvm.dll+0x835f9e]
V  [jvm.dll+0x836603]
V  [jvm.dll+0x247b5f]
V  [jvm.dll+0x679969]
V  [jvm.dll+0x66e2ba]
V  [jvm.dll+0x307a5b]
V  [jvm.dll+0x30ef06]
V  [jvm.dll+0x35ecee]
V  [jvm.dll+0x35ef1f]
V  [jvm.dll+0x2de658]
V  [jvm.dll+0x2df5c4]
V  [jvm.dll+0x805d51]
V  [jvm.dll+0x36cb51]
V  [jvm.dll+0x7e47dc]
V  [jvm.dll+0x3f03cf]
V  [jvm.dll+0x3f2001]
C  [jli.dll+0x528f]
C  [ucrtbase.dll+0x29363]
C  [KERNEL32.DLL+0x1257d]
C  [ntdll.dll+0x5aa58]


---------------  P R O C E S S  ---------------

Threads class SMR info:
_java_thread_list=0x00007ffd438aee98, length=0, elements={
}

Java Threads: ( => current thread )

Other Threads:
  0x0000029cc9a66160 GCTaskThread "GC Thread#0" [stack: 0x000000b780100000,0x000000b780200000] [id=14748]
  0x0000029cc9a76c70 ConcurrentGCThread "G1 Main Marker" [stack: 0x000000b780200000,0x000000b780300000] [id=31588]
  0x0000029cc9a77690 ConcurrentGCThread "G1 Conc#0" [stack: 0x000000b780300000,0x000000b780400000] [id=12452]

[error occurred during error reporting (printing all threads), id 0xc0000005, EXCEPTION_ACCESS_VIOLATION (0xc0000005) at pc=0x00007ffd4306f097]

VM state: not at safepoint (not fully initialized)

VM Mutex/Monitor currently owned by a thread:  ([mutex/lock_event])
[0x0000029cc99f8840] Heap_lock - owner thread: 0x0000029cc99fd3b0

Heap address: 0x0000000704400000, size: 4028 MB, Compressed Oops mode: Zero based, Oop shift amount: 3

CDS archive(s) mapped at: [0x0000000000000000-0x0000000000000000-0x0000000000000000), size 0, SharedBaseAddress: 0x0000000800000000, ArchiveRelocationMode: 1.
Narrow klass base: 0x0000000000000000, Narrow klass shift: 0, Narrow klass range: 0x0

GC Precious Log:
<Empty>

Heap:
 garbage-first heap   total 0K, used 0K [0x0000000704400000, 0x0000000800000000)
  region size 2048K, 0 young (0K), 0 survivors (0K)

[error occurred during error reporting (printing heap information), id 0xc0000005, EXCEPTION_ACCESS_VIOLATION (0xc0000005) at pc=0x00007ffd434568f9]

GC Heap History (0 events):
No events

Dll operation events (1 events):
Event: 0.010 Loaded shared library C:\Users\WooHeeSeop\.jdks\corretto-17.0.9\bin\java.dll

Deoptimization events (0 events):
No events

Classes unloaded (0 events):
No events

Classes redefined (0 events):
No events

Internal exceptions (0 events):
No events

VM Operations (0 events):
No events

Events (0 events):
No events


Dynamic libraries:
0x00007ff60c0b0000 - 0x00007ff60c0be000 	C:\Users\WooHeeSeop\.jdks\corretto-17.0.9\bin\java.exe
0x00007ffdb44d0000 - 0x00007ffdb46e7000 	C:\WINDOWS\SYSTEM32\ntdll.dll
0x00007ffdb2960000 - 0x00007ffdb2a24000 	C:\WINDOWS\System32\KERNEL32.DLL
0x00007ffdb1e70000 - 0x00007ffdb2216000 	C:\WINDOWS\System32\KERNELBASE.dll
0x00007ffdb1d50000 - 0x00007ffdb1e61000 	C:\WINDOWS\System32\ucrtbase.dll
0x00007ffda17b0000 - 0x00007ffda17cb000 	C:\Users\WooHeeSeop\.jdks\corretto-17.0.9\bin\VCRUNTIME140.dll
0x00007ffdadeb0000 - 0x00007ffdadec7000 	C:\Users\WooHeeSeop\.jdks\corretto-17.0.9\bin\jli.dll
0x00007ffdb4270000 - 0x00007ffdb441e000 	C:\WINDOWS\System32\USER32.dll
0x00007ffdb1840000 - 0x00007ffdb1866000 	C:\WINDOWS\System32\win32u.dll
0x00007ffdb3200000 - 0x00007ffdb3229000 	C:\WINDOWS\System32\GDI32.dll
0x00007ffdb1870000 - 0x00007ffdb1988000 	C:\WINDOWS\System32\gdi32full.dll
0x00007ffd94dc0000 - 0x00007ffd95053000 	C:\WINDOWS\WinSxS\amd64_microsoft.windows.common-controls_6595b64144ccf1df_6.0.22621.2506_none_270c5ae97388e100\COMCTL32.dll
0x00007ffdb1990000 - 0x00007ffdb1a2a000 	C:\WINDOWS\System32\msvcp_win.dll
0x00007ffdb34d0000 - 0x00007ffdb3577000 	C:\WINDOWS\System32\msvcrt.dll
0x00007ffdb3de0000 - 0x00007ffdb3e11000 	C:\WINDOWS\System32\IMM32.DLL
0x00007ffdae3c0000 - 0x00007ffdae3cc000 	C:\Users\WooHeeSeop\.jdks\corretto-17.0.9\bin\vcruntime140_1.dll
0x00007ffd6fc00000 - 0x00007ffd6fc8d000 	C:\Users\WooHeeSeop\.jdks\corretto-17.0.9\bin\msvcp140.dll
0x00007ffd42d80000 - 0x00007ffd439e1000 	C:\Users\WooHeeSeop\.jdks\corretto-17.0.9\bin\server\jvm.dll
0x00007ffdb2220000 - 0x00007ffdb22d1000 	C:\WINDOWS\System32\ADVAPI32.dll
0x00007ffdb41b0000 - 0x00007ffdb4255000 	C:\WINDOWS\System32\sechost.dll
0x00007ffdb2ad0000 - 0x00007ffdb2be7000 	C:\WINDOWS\System32\RPCRT4.dll
0x00007ffdb1660000 - 0x00007ffdb16ad000 	C:\WINDOWS\SYSTEM32\POWRPROF.dll
0x00007ffd7a560000 - 0x00007ffd7a569000 	C:\WINDOWS\SYSTEM32\WSOCK32.dll
0x00007ffdb2a50000 - 0x00007ffdb2ac1000 	C:\WINDOWS\System32\WS2_32.dll
0x00007ffda8cf0000 - 0x00007ffda8d24000 	C:\WINDOWS\SYSTEM32\WINMM.dll
0x00007ffda5b10000 - 0x00007ffda5b1a000 	C:\WINDOWS\SYSTEM32\VERSION.dll
0x00007ffdb1540000 - 0x00007ffdb1553000 	C:\WINDOWS\SYSTEM32\UMPDC.dll
0x00007ffdb0840000 - 0x00007ffdb0858000 	C:\WINDOWS\SYSTEM32\kernel.appcore.dll
0x00007ffdae380000 - 0x00007ffdae38a000 	C:\Users\WooHeeSeop\.jdks\corretto-17.0.9\bin\jimage.dll
0x00007ffdaf110000 - 0x00007ffdaf343000 	C:\WINDOWS\SYSTEM32\DBGHELP.DLL
0x00007ffdb3e20000 - 0x00007ffdb41a9000 	C:\WINDOWS\System32\combase.dll
0x00007ffdb3230000 - 0x00007ffdb3307000 	C:\WINDOWS\System32\OLEAUT32.dll
0x00007ffd7f680000 - 0x00007ffd7f6b2000 	C:\WINDOWS\SYSTEM32\dbgcore.DLL
0x00007ffdb1af0000 - 0x00007ffdb1b6a000 	C:\WINDOWS\System32\bcryptPrimitives.dll
0x00007ffda11a0000 - 0x00007ffda11ae000 	C:\Users\WooHeeSeop\.jdks\corretto-17.0.9\bin\instrument.dll
0x00007ffd964f0000 - 0x00007ffd96515000 	C:\Users\WooHeeSeop\.jdks\corretto-17.0.9\bin\java.dll

dbghelp: loaded successfully - version: 4.0.5 - missing functions: none
symbol engine: initialized successfully - sym options: 0x614 - pdb path: .;C:\Users\WooHeeSeop\.jdks\corretto-17.0.9\bin;C:\WINDOWS\SYSTEM32;C:\WINDOWS\WinSxS\amd64_microsoft.windows.common-controls_6595b64144ccf1df_6.0.22621.2506_none_270c5ae97388e100;C:\Users\WooHeeSeop\.jdks\corretto-17.0.9\bin\server

VM Arguments:
jvm_args: -XX:TieredStopAtLevel=1 -Dspring.output.ansi.enabled=always -Dcom.sun.management.jmxremote -Dspring.jmx.enabled=true -Dspring.liveBeansView.mbeanDomain -Dspring.application.admin.enabled=true -javaagent:C:\Users\WooHeeSeop\Desktop\programming\intellij\IntelliJ IDEA 2022.2.1\lib\idea_rt.jar=65534:C:\Users\WooHeeSeop\Desktop\programming\intellij\IntelliJ IDEA 2022.2.1\bin -Dfile.encoding=UTF-8 
java_command: com.example.springsecurity03.SpringSecurity03Application
java_class_path (initial): C:\Users\WooHeeSeop\Desktop\버전관리\jwtToken\Jwtdocument\SpringSecurity03\build\classes\java\main;C:\Users\WooHeeSeop\Desktop\버전관리\jwtToken\Jwtdocument\SpringSecurity03\build\resources\main;C:\Users\WooHeeSeop\.gradle\caches\modules-2\files-2.1\org.projectlombok\lombok\1.18.30\f195ee86e6c896ea47a1d39defbe20eb59cd149d\lombok-1.18.30.jar;C:\Users\WooHeeSeop\.gradle\caches\modules-2\files-2.1\org.springframework.boot\spring-boot-starter-data-jpa\3.2.1\3d48124f433375cf0113aa69603021635b55a21a\spring-boot-starter-data-jpa-3.2.1.jar;C:\Users\WooHeeSeop\.gradle\caches\modules-2\files-2.1\org.springframework.boot\spring-boot-starter-security\3.2.1\86b7029d55fe7947ea7a93b4b1b38ff80bd045f8\spring-boot-starter-security-3.2.1.jar;C:\Users\WooHeeSeop\.gradle\caches\modules-2\files-2.1\org.springframework.boot\spring-boot-starter-web\3.2.1\e27e36d4222fd4d589e634e1c7f5f09f0316147c\spring-boot-starter-web-3.2.1.jar;C:\Users\WooHeeSeop\.gradle\caches\modules-2\files-2.1\org.springframework.boot\spring-boot-starter-thymeleaf\3.2.1\47e7961d0b77a14d4eb10807f7a0cf25bd68b1f2\spring-boot-starter-thymeleaf-3.2.1.jar;C:\Users\WooHeeSeop\.gradle\caches\modules-2\files-2.1\org.modelmapper\modelmapper\3.1.1\6636e94590e9d98e5e7db7e4fafcc15e9390e18d\modelmapper-3.1.1.jar;C:\Users\WooHeeSeop\.gradle\caches\modules-2\files-2.1\io.jsonwebtoken\jjwt-api\0.11.5\f742940045619d06383e7df37b21ac422b476cf1\jjwt-api-0.11.5.jar;C:\Users\WooHeeSeop\.gradle\caches\modules-2\files-2.1\javax.xml.bind\jaxb-api\2.3.0\99f802e0cb3e953ba3d6e698795c4aeb98d37c48\jaxb-api-2.3.0.jar;C:\Users\WooHeeSeop\.gradle\caches\modules-2\files-2.1\org.springframework.boot\spring-boot-starter-aop\3.2.1\e8daf5422a28d8b2e304a00090a8fe730bda0e6c\spring-boot-starter-aop-3.2.1.jar;C:\Users\WooHeeSeop\.gradle\caches\modules-2\files-2.1\org.springframework.boot\spring-boot-starter-jdbc\3.2.1\e3de1c46cd238d55f0c2a5f5ea416fadce000318\spring-boot-starter-jdbc-3.2.1.jar;C:\Users\WooHeeSeop\.gradle\cac
Launcher Type: SUN_STANDARD

[Global flags]
     intx CICompilerCount                          = 4                                         {product} {ergonomic}
     uint ConcGCThreads                            = 2                                         {product} {ergonomic}
     uint G1ConcRefinementThreads                  = 8                                         {product} {ergonomic}
   size_t G1HeapRegionSize                         = 2097152                                   {product} {ergonomic}
    uintx GCDrainStackTargetSize                   = 64                                        {product} {ergonomic}
   size_t InitialHeapSize                          = 264241152                                 {product} {ergonomic}
     bool ManagementServer                         = true                                      {product} {command line}
   size_t MarkStackSize                            = 4194304                                   {product} {ergonomic}
   size_t MaxHeapSize                              = 4223664128                                {product} {ergonomic}
   size_t MinHeapDeltaBytes                        = 2097152                                   {product} {ergonomic}
   size_t MinHeapSize                              = 8388608                                   {product} {ergonomic}
    uintx NonProfiledCodeHeapSize                  = 0                                      {pd product} {ergonomic}
     bool ProfileInterpreter                       = false                                  {pd product} {command line}
    uintx ProfiledCodeHeapSize                     = 0                                      {pd product} {ergonomic}
   size_t SoftMaxHeapSize                          = 4223664128                             {manageable} {ergonomic}
     intx TieredStopAtLevel                        = 1                                         {product} {command line}
     bool UseCompressedClassPointers               = true                           {product lp64_product} {ergonomic}
     bool UseCompressedOops                        = true                           {product lp64_product} {ergonomic}
     bool UseG1GC                                  = true                                      {product} {ergonomic}
     bool UseLargePagesIndividualAllocation        = false                                  {pd product} {ergonomic}

Logging:
Log output configuration:
 #0: stdout all=warning uptime,level,tags
 #1: stderr all=off uptime,level,tags

Environment Variables:
JAVA_HOME=C:\Program Files\Java\jdk1.8.0_341
CLASSPATH=C:\Program Files\Java\jdk1.8.0_341\lib
PATH=C:\Program Files\Java\jdk1.8.0_341bin\;C:\Program Files\Common Files\Oracle\Java\javapath;C:\Program Files (x86)\Common Files\Oracle\Java\javapath;c:\jdk1.8\bin;C:\Program Files (x86)\NAT Service;C:\WINDOWS\system32;C:\WINDOWS;C:\WINDOWS\System32\Wbem;C:\WINDOWS\System32\WindowsPowerShell\v1.0\;C:\WINDOWS\System32\OpenSSH\;C:\Program Files\nodejs\;C:\Program Files\Git\cmd;C:\Program Files\Microsoft SQL Server\150\Tools\Binn\;C:\Program Files\Microsoft SQL Server\Client SDK\ODBC\170\Tools\Binn\;C:\Program Files\dotnet\;C:\Program Files (x86)\Windows Kits\10\Windows Performance Toolkit\;C:\Program Files\Microsoft SQL Server\130\Tools\Binn\;C:\Program Files\PuTTY\;C:\Program Files\PowerShell\7\;C:\Users\WooHeeSeop\AppData\Local\Microsoft\WindowsApps;C:\Users\우희섭\AppData\Local\Programs\Microsoft VS Code\bin;C:\Users\우희섭\AppData\Roaming\npm;C:\Program Files\JetBrains\IntelliJ IDEA Community Edition 2022.2.1\bin;;C:\Program Files\JetBrains\IntelliJ IDEA 2021.1.3\bin;;C:\Program Files\JetBrains\PyCharm 2023.2.1\bin;;C:\Users\WooHeeSeop\.dotnet\tools;C:\Program Files\MongoDB\Server\7.0\bin;
USERNAME=WooHeeSeop
LANG=KO
OS=Windows_NT
PROCESSOR_IDENTIFIER=Intel64 Family 6 Model 140 Stepping 1, GenuineIntel
TMP=C:\Users\WOOHEE~1\AppData\Local\Temp
TEMP=C:\Users\WOOHEE~1\AppData\Local\Temp



Periodic native trim disabled


---------------  S Y S T E M  ---------------

OS:
 Windows 11 , 64 bit Build 22621 (10.0.22621.2506)
OS uptime: 11 days 6:38 hours

CPU: total 8 (initial active 8) (4 cores per cpu, 2 threads per core) family 6 model 140 stepping 1 microcode 0x8a, cx8, cmov, fxsr, ht, mmx, 3dnowpref, sse, sse2, sse3, ssse3, sse4.1, sse4.2, popcnt, lzcnt, tsc, tscinvbit, avx, avx2, aes, erms, clmul, bmi1, bmi2, adx, avx512f, avx512dq, avx512cd, avx512bw, avx512vl, sha, fma, vzeroupper, avx512_vpopcntdq, avx512_vpclmulqdq, avx512_vaes, avx512_vnni, clflush, clflushopt, clwb, avx512_vbmi2, avx512_vbmi
Processor Information for processor 0
  Max Mhz: 2803, Current Mhz: 1001, Mhz Limit: 2803
Processor Information for processor 1
  Max Mhz: 2803, Current Mhz: 1001, Mhz Limit: 2803
Processor Information for processor 2
  Max Mhz: 2803, Current Mhz: 2803, Mhz Limit: 2803
Processor Information for processor 3
  Max Mhz: 2803, Current Mhz: 2803, Mhz Limit: 2803
Processor Information for processor 4
  Max Mhz: 2803, Current Mhz: 1001, Mhz Limit: 2803
Processor Information for processor 5
  Max Mhz: 2803, Current Mhz: 1001, Mhz Limit: 2803
Processor Information for processor 6
  Max Mhz: 2803, Current Mhz: 1001, Mhz Limit: 2803
Processor Information for processor 7
  Max Mhz: 2803, Current Mhz: 2803, Mhz Limit: 2803

Memory: 4k page, system-wide physical 16108M (2401M free)
TotalPageFile size 45599M (AvailPageFile size 227M)
current process WorkingSet (physical memory assigned to process): 11M, peak: 11M
current process commit charge ("private bytes"): 55M, peak: 307M

vm_info: OpenJDK 64-Bit Server VM (17.0.9+8-LTS) for windows-amd64 JRE (17.0.9+8-LTS), built on Oct 12 2023 16:15:33 by "Administrator" with MS VC++ 16.10 / 16.11 (VS2019)

END.
