#
# There is insufficient memory for the Java Runtime Environment to continue.
# Native memory allocation (malloc) failed to allocate 442576 bytes for Chunk::new
# Possible reasons:
#   The system is out of physical RAM or swap space
#   The process is running with CompressedOops enabled, and the Java Heap may be blocking the growth of the native heap
# Possible solutions:
#   Reduce memory load on the system
#   Increase physical memory or swap space
#   Check if swap backing store is full
#   Decrease Java heap size (-Xmx/-Xms)
#   Decrease number of Java threads
#   Decrease Java thread stack sizes (-Xss)
#   Set larger code cache with -XX:ReservedCodeCacheSize=
#   JVM is running with Unscaled Compressed Oops mode in which the Java heap is
#     placed in the first 4GB address space. The Java Heap base address is the
#     maximum limit for the native heap growth. Please use -XX:HeapBaseMinAddress
#     to set the Java Heap base and to place the Java Heap above 4GB virtual address.
# This output file may be truncated or incomplete.
#
#  Out of Memory Error (arena.cpp:191), pid=9084, tid=25608
#
# JRE version: OpenJDK Runtime Environment Corretto-17.0.9.8.1 (17.0.9+8) (build 17.0.9+8-LTS)
# Java VM: OpenJDK 64-Bit Server VM Corretto-17.0.9.8.1 (17.0.9+8-LTS, mixed mode, sharing, tiered, compressed oops, compressed class ptrs, g1 gc, windows-amd64)
# No core dump will be written. Minidumps are not enabled by default on client versions of Windows
#

---------------  S U M M A R Y ------------

Command Line: --add-opens=java.base/java.util=ALL-UNNAMED --add-opens=java.base/java.lang=ALL-UNNAMED --add-opens=java.base/java.lang.invoke=ALL-UNNAMED --add-opens=java.prefs/java.util.prefs=ALL-UNNAMED --add-opens=java.base/java.nio.charset=ALL-UNNAMED --add-opens=java.base/java.net=ALL-UNNAMED --add-opens=java.base/java.util.concurrent.atomic=ALL-UNNAMED -XX:MaxMetaspaceSize=384m -XX:+HeapDumpOnOutOfMemoryError -Xms256m -Xmx512m -Dfile.encoding=UTF-8 -Duser.country=KR -Duser.language=ko -Duser.variant -javaagent:C:\Users\WooHeeSeop\.gradle\wrapper\dists\gradle-8.5-bin\5t9huq95ubn472n8rpzujfbqh\gradle-8.5\lib\agents\gradle-instrumentation-agent-8.5.jar org.gradle.launcher.daemon.bootstrap.GradleDaemon 8.5

Host: 11th Gen Intel(R) Core(TM) i7-1165G7 @ 2.80GHz, 8 cores, 15G,  Windows 11 , 64 bit Build 22621 (10.0.22621.2506)
Time: Tue Jan  2 23:36:38 2024  Windows 11 , 64 bit Build 22621 (10.0.22621.2506) elapsed time: 7.505331 seconds (0d 0h 0m 7s)

---------------  T H R E A D  ---------------

Current thread (0x00000298ed77e210):  JavaThread "C2 CompilerThread0" daemon [_thread_in_native, id=25608, stack(0x000000a4f8d00000,0x000000a4f8e00000)]


Current CompileTask:
C2:   7505 4314       4       org.gradle.internal.reflect.MethodSet::add (50 bytes)

Stack: [0x000000a4f8d00000,0x000000a4f8e00000]
Native frames: (J=compiled Java code, j=interpreted, Vv=VM code, C=native code)
V  [jvm.dll+0x67cb49]
V  [jvm.dll+0x8344da]
V  [jvm.dll+0x835f9e]
V  [jvm.dll+0x836603]
V  [jvm.dll+0x247b5f]
V  [jvm.dll+0xac43c]
V  [jvm.dll+0xaca8c]
V  [jvm.dll+0x366c32]
V  [jvm.dll+0x1bd426]
V  [jvm.dll+0x21a359]
V  [jvm.dll+0x219621]
V  [jvm.dll+0x1a56cd]
V  [jvm.dll+0x2293ee]
V  [jvm.dll+0x2275bc]
V  [jvm.dll+0x7e95a7]
V  [jvm.dll+0x7e396a]
V  [jvm.dll+0x67ba35]
C  [ucrtbase.dll+0x29363]
C  [KERNEL32.DLL+0x1257d]
C  [ntdll.dll+0x5aa58]


---------------  P R O C E S S  ---------------

Threads class SMR info:
_java_thread_list=0x00000298f61881c0, length=42, elements={
0x00000298d2bd67a0, 0x00000298ed765210, 0x00000298ed765dd0, 0x00000298ed776100,
0x00000298ed7780d0, 0x00000298ed77aaa0, 0x00000298ed77d470, 0x00000298ed77e210,
0x00000298ed77ecc0, 0x00000298ed77f6c0, 0x00000298ed74d490, 0x00000298ed981b60,
0x00000298f3e5a960, 0x00000298f23eaa60, 0x00000298f46903c0, 0x00000298f419e6a0,
0x00000298f2a51110, 0x00000298f3b564a0, 0x00000298f3b55f90, 0x00000298f3b54130,
0x00000298f3b55060, 0x00000298f3b569b0, 0x00000298f3b54b50, 0x00000298f3b56ec0,
0x00000298f3b55570, 0x00000298f3b55a80, 0x00000298f3b53710, 0x00000298f3b53c20,
0x00000298f3e23b80, 0x00000298f3e245a0, 0x00000298f3e1f4a0, 0x00000298f3e23160,
0x00000298f3e24ab0, 0x00000298f3e1fec0, 0x00000298f3e1f9b0, 0x00000298f3e208e0,
0x00000298f3e21810, 0x00000298f3e21300, 0x00000298f3e1e060, 0x00000298f3e21d20,
0x00000298f3e22230, 0x00000298f3e23670
}

Java Threads: ( => current thread )
  0x00000298d2bd67a0 JavaThread "main" [_thread_blocked, id=29760, stack(0x000000a4f8000000,0x000000a4f8100000)]
  0x00000298ed765210 JavaThread "Reference Handler" daemon [_thread_blocked, id=13016, stack(0x000000a4f8700000,0x000000a4f8800000)]
  0x00000298ed765dd0 JavaThread "Finalizer" daemon [_thread_blocked, id=16304, stack(0x000000a4f8800000,0x000000a4f8900000)]
  0x00000298ed776100 JavaThread "Signal Dispatcher" daemon [_thread_blocked, id=26040, stack(0x000000a4f8900000,0x000000a4f8a00000)]
  0x00000298ed7780d0 JavaThread "Attach Listener" daemon [_thread_blocked, id=29176, stack(0x000000a4f8a00000,0x000000a4f8b00000)]
  0x00000298ed77aaa0 JavaThread "Service Thread" daemon [_thread_blocked, id=5928, stack(0x000000a4f8b00000,0x000000a4f8c00000)]
  0x00000298ed77d470 JavaThread "Monitor Deflation Thread" daemon [_thread_blocked, id=29792, stack(0x000000a4f8c00000,0x000000a4f8d00000)]
=>0x00000298ed77e210 JavaThread "C2 CompilerThread0" daemon [_thread_in_native, id=25608, stack(0x000000a4f8d00000,0x000000a4f8e00000)]
  0x00000298ed77ecc0 JavaThread "C1 CompilerThread0" daemon [_thread_blocked, id=20992, stack(0x000000a4f8e00000,0x000000a4f8f00000)]
  0x00000298ed77f6c0 JavaThread "Sweeper thread" daemon [_thread_blocked, id=6940, stack(0x000000a4f8f00000,0x000000a4f9000000)]
  0x00000298ed74d490 JavaThread "Common-Cleaner" daemon [_thread_blocked, id=13020, stack(0x000000a4f9000000,0x000000a4f9100000)]
  0x00000298ed981b60 JavaThread "Notification Thread" daemon [_thread_blocked, id=30544, stack(0x000000a4f9100000,0x000000a4f9200000)]
  0x00000298f3e5a960 JavaThread "Daemon health stats" [_thread_blocked, id=7588, stack(0x000000a4f9a00000,0x000000a4f9b00000)]
  0x00000298f23eaa60 JavaThread "Incoming local TCP Connector on port 64745" [_thread_in_native, id=28880, stack(0x000000a4f9400000,0x000000a4f9500000)]
  0x00000298f46903c0 JavaThread "Daemon periodic checks" [_thread_blocked, id=14168, stack(0x000000a4f9b00000,0x000000a4f9c00000)]
  0x00000298f419e6a0 JavaThread "Daemon" [_thread_blocked, id=29460, stack(0x000000a4f9c00000,0x000000a4f9d00000)]
  0x00000298f2a51110 JavaThread "Handler for socket connection from /127.0.0.1:64745 to /127.0.0.1:64746" [_thread_in_native, id=25764, stack(0x000000a4f9d00000,0x000000a4f9e00000)]
  0x00000298f3b564a0 JavaThread "Cancel handler" [_thread_blocked, id=29868, stack(0x000000a4f9e00000,0x000000a4f9f00000)]
  0x00000298f3b55f90 JavaThread "Daemon worker" [_thread_in_vm, id=30440, stack(0x000000a4f9f00000,0x000000a4fa000000)]
  0x00000298f3b54130 JavaThread "Asynchronous log dispatcher for DefaultDaemonConnection: socket connection from /127.0.0.1:64745 to /127.0.0.1:64746" [_thread_blocked, id=9248, stack(0x000000a4fa000000,0x000000a4fa100000)]
  0x00000298f3b55060 JavaThread "Stdin handler" [_thread_blocked, id=6452, stack(0x000000a4fa100000,0x000000a4fa200000)]
  0x00000298f3b569b0 JavaThread "Daemon client event forwarder" [_thread_blocked, id=11636, stack(0x000000a4fa200000,0x000000a4fa300000)]
  0x00000298f3b54b50 JavaThread "Cache worker for journal cache (C:\Users\WooHeeSeop\.gradle\caches\journal-1)" [_thread_blocked, id=15856, stack(0x000000a4fa300000,0x000000a4fa400000)]
  0x00000298f3b56ec0 JavaThread "File lock request listener" [_thread_in_native, id=8180, stack(0x000000a4fa400000,0x000000a4fa500000)]
  0x00000298f3b55570 JavaThread "Cache worker for file hash cache (C:\Users\WooHeeSeop\.gradle\caches\8.5\fileHashes)" [_thread_blocked, id=25652, stack(0x000000a4fa500000,0x000000a4fa600000)]
  0x00000298f3b55a80 JavaThread "File watcher server" daemon [_thread_in_native, id=10036, stack(0x000000a4fa700000,0x000000a4fa800000)]
  0x00000298f3b53710 JavaThread "File watcher consumer" daemon [_thread_blocked, id=29052, stack(0x000000a4fa800000,0x000000a4fa900000)]
  0x00000298f3b53c20 JavaThread "Cache worker for checksums cache (C:\Users\WooHeeSeop\Desktop\버전관리\jwtToken\Jwtdocument\SpringSecurity03\.gradle\8.5\checksums)" [_thread_blocked, id=20836, stack(0x000000a4fac00000,0x000000a4fad00000)]
  0x00000298f3e23b80 JavaThread "Cache worker for file hash cache (C:\Users\WooHeeSeop\Desktop\버전관리\jwtToken\Jwtdocument\SpringSecurity03\.gradle\8.5\fileHashes)" [_thread_blocked, id=7172, stack(0x000000a4fad00000,0x000000a4fae00000)]
  0x00000298f3e245a0 JavaThread "Cache worker for cache directory md-supplier (C:\Users\WooHeeSeop\.gradle\caches\8.5\md-supplier)" [_thread_blocked, id=4936, stack(0x000000a4fae00000,0x000000a4faf00000)]
  0x00000298f3e1f4a0 JavaThread "Cache worker for cache directory md-rule (C:\Users\WooHeeSeop\.gradle\caches\8.5\md-rule)" [_thread_blocked, id=28832, stack(0x000000a4faf00000,0x000000a4fb000000)]
  0x00000298f3e23160 JavaThread "Cache worker for file content cache (C:\Users\WooHeeSeop\.gradle\caches\8.5\fileContent)" [_thread_blocked, id=17108, stack(0x000000a4fb000000,0x000000a4fb100000)]
  0x00000298f3e24ab0 JavaThread "Cache worker for execution history cache (C:\Users\WooHeeSeop\.gradle\caches\8.5\executionHistory)" [_thread_blocked, id=13168, stack(0x000000a4fb100000,0x000000a4fb200000)]
  0x00000298f3e1fec0 JavaThread "jar transforms" [_thread_blocked, id=28380, stack(0x000000a4fb200000,0x000000a4fb300000)]
  0x00000298f3e1f9b0 JavaThread "jar transforms Thread 2" [_thread_blocked, id=23712, stack(0x000000a4fb300000,0x000000a4fb400000)]
  0x00000298f3e208e0 JavaThread "jar transforms Thread 3" [_thread_blocked, id=22388, stack(0x000000a4fb400000,0x000000a4fb500000)]
  0x00000298f3e21810 JavaThread "jar transforms Thread 4" [_thread_blocked, id=4952, stack(0x000000a4fb500000,0x000000a4fb600000)]
  0x00000298f3e21300 JavaThread "jar transforms Thread 5" [_thread_blocked, id=27516, stack(0x000000a4fb600000,0x000000a4fb700000)]
  0x00000298f3e1e060 JavaThread "jar transforms Thread 6" [_thread_blocked, id=14520, stack(0x000000a4fb700000,0x000000a4fb800000)]
  0x00000298f3e21d20 JavaThread "jar transforms Thread 7" [_thread_blocked, id=21972, stack(0x000000a4fb800000,0x000000a4fb900000)]
  0x00000298f3e22230 JavaThread "jar transforms Thread 8" [_thread_blocked, id=28452, stack(0x000000a4fb900000,0x000000a4fba00000)]
  0x00000298f3e23670 JavaThread "Cache worker for dependencies-accessors (C:\Users\WooHeeSeop\Desktop\버전관리\jwtToken\Jwtdocument\SpringSecurity03\.gradle\8.5\dependencies-accessors)" [_thread_blocked, id=20704, stack(0x000000a4fba00000,0x000000a4fbb00000)]

Other Threads:
  0x00000298ed761bb0 VMThread "VM Thread" [stack: 0x000000a4f8600000,0x000000a4f8700000] [id=31080]
  0x00000298ed982040 WatcherThread [stack: 0x000000a4f9200000,0x000000a4f9300000] [id=17528]
  0x00000298d2c041b0 GCTaskThread "GC Thread#0" [stack: 0x000000a4f8100000,0x000000a4f8200000] [id=3020]
  0x00000298f2d83030 GCTaskThread "GC Thread#1" [stack: 0x000000a4f9500000,0x000000a4f9600000] [id=28204]
  0x00000298f2d6af40 GCTaskThread "GC Thread#2" [stack: 0x000000a4f9600000,0x000000a4f9700000] [id=31132]
  0x00000298f2d1a040 GCTaskThread "GC Thread#3" [stack: 0x000000a4f9700000,0x000000a4f9800000] [id=30912]
  0x00000298f2d1a300 GCTaskThread "GC Thread#4" [stack: 0x000000a4f9800000,0x000000a4f9900000] [id=19344]
  0x00000298f2d1a5c0 GCTaskThread "GC Thread#5" [stack: 0x000000a4f9900000,0x000000a4f9a00000] [id=21576]
  0x00000298f4004020 GCTaskThread "GC Thread#6" [stack: 0x000000a4fa900000,0x000000a4faa00000] [id=1644]
  0x00000298f4405c50 GCTaskThread "GC Thread#7" [stack: 0x000000a4faa00000,0x000000a4fab00000] [id=20368]
  0x00000298d2c09100 ConcurrentGCThread "G1 Main Marker" [stack: 0x000000a4f8200000,0x000000a4f8300000] [id=13540]
  0x00000298d2c09b20 ConcurrentGCThread "G1 Conc#0" [stack: 0x000000a4f8300000,0x000000a4f8400000] [id=20880]
  0x00000298f2a799d0 ConcurrentGCThread "G1 Conc#1" [stack: 0x000000a4fab00000,0x000000a4fac00000] [id=12780]
  0x00000298d2c8e1b0 ConcurrentGCThread "G1 Refine#0" [stack: 0x000000a4f8400000,0x000000a4f8500000] [id=30476]
  0x00000298d2c8ebe0 ConcurrentGCThread "G1 Service" [stack: 0x000000a4f8500000,0x000000a4f8600000] [id=26608]

Threads with active compile tasks:
C2 CompilerThread0     7565 4314       4       org.gradle.internal.reflect.MethodSet::add (50 bytes)

VM state: not at safepoint (normal execution)

VM Mutex/Monitor currently owned by a thread: None

Heap address: 0x00000000e0000000, size: 512 MB, Compressed Oops mode: 32-bit

CDS archive(s) mapped at: [0x0000029880000000-0x0000029880ba0000-0x0000029880ba0000), size 12189696, SharedBaseAddress: 0x0000029880000000, ArchiveRelocationMode: 1.
Compressed class space mapped at: 0x0000029881000000-0x0000029895000000, reserved size: 335544320
Narrow klass base: 0x0000029880000000, Narrow klass shift: 0, Narrow klass range: 0x100000000

GC Precious Log:
 CPUs: 8 total, 8 available
 Memory: 16108M
 Large Page Support: Disabled
 NUMA Support: Disabled
 Compressed Oops: Enabled (32-bit)
 Heap Region Size: 1M
 Heap Min Capacity: 256M
 Heap Initial Capacity: 256M
 Heap Max Capacity: 512M
 Pre-touch: Disabled
 Parallel Workers: 8
 Concurrent Workers: 2
 Concurrent Refinement Workers: 8
 Periodic GC: Disabled

Heap:
 garbage-first heap   total 262144K, used 63212K [0x00000000e0000000, 0x0000000100000000)
  region size 1024K, 32 young (32768K), 1 survivors (1024K)
 Metaspace       used 39725K, committed 40064K, reserved 393216K
  class space    used 5535K, committed 5696K, reserved 327680K

Heap Regions: E=young(eden), S=young(survivor), O=old, HS=humongous(starts), HC=humongous(continues), CS=collection set, F=free, OA=open archive, CA=closed archive, TAMS=top-at-mark-start (previous, next)
|   0|0x00000000e0000000, 0x00000000e0100000, 0x00000000e0100000|100%|HS|  |TAMS 0x00000000e0100000, 0x00000000e0000000| Complete 
|   1|0x00000000e0100000, 0x00000000e0200000, 0x00000000e0200000|100%|HC|  |TAMS 0x00000000e0200000, 0x00000000e0100000| Complete 
|   2|0x00000000e0200000, 0x00000000e0300000, 0x00000000e0300000|100%|HC|  |TAMS 0x00000000e0300000, 0x00000000e0200000| Complete 
|   3|0x00000000e0300000, 0x00000000e0400000, 0x00000000e0400000|100%|HC|  |TAMS 0x00000000e0400000, 0x00000000e0300000| Complete 
|   4|0x00000000e0400000, 0x00000000e0500000, 0x00000000e0500000|100%|HS|  |TAMS 0x00000000e0400000, 0x00000000e0400000| Complete 
|   5|0x00000000e0500000, 0x00000000e0600000, 0x00000000e0600000|100%| O|  |TAMS 0x00000000e0600000, 0x00000000e0500000| Untracked 
|   6|0x00000000e0600000, 0x00000000e0700000, 0x00000000e0700000|100%| O|  |TAMS 0x00000000e0700000, 0x00000000e0600000| Untracked 
|   7|0x00000000e0700000, 0x00000000e0800000, 0x00000000e0800000|100%| O|  |TAMS 0x00000000e0800000, 0x00000000e0700000| Untracked 
|   8|0x00000000e0800000, 0x00000000e0900000, 0x00000000e0900000|100%| O|  |TAMS 0x00000000e0900000, 0x00000000e0800000| Untracked 
|   9|0x00000000e0900000, 0x00000000e0a00000, 0x00000000e0a00000|100%| O|  |TAMS 0x00000000e0a00000, 0x00000000e0900000| Untracked 
|  10|0x00000000e0a00000, 0x00000000e0b00000, 0x00000000e0b00000|100%| O|  |TAMS 0x00000000e0b00000, 0x00000000e0a00000| Untracked 
|  11|0x00000000e0b00000, 0x00000000e0c00000, 0x00000000e0c00000|100%| O|  |TAMS 0x00000000e0c00000, 0x00000000e0b00000| Untracked 
|  12|0x00000000e0c00000, 0x00000000e0d00000, 0x00000000e0d00000|100%| O|  |TAMS 0x00000000e0d00000, 0x00000000e0c00000| Untracked 
|  13|0x00000000e0d00000, 0x00000000e0e00000, 0x00000000e0e00000|100%| O|  |TAMS 0x00000000e0e00000, 0x00000000e0d00000| Untracked 
|  14|0x00000000e0e00000, 0x00000000e0f00000, 0x00000000e0f00000|100%| O|  |TAMS 0x00000000e0f00000, 0x00000000e0e00000| Untracked 
|  15|0x00000000e0f00000, 0x00000000e1000000, 0x00000000e1000000|100%| O|  |TAMS 0x00000000e1000000, 0x00000000e0f00000| Untracked 
|  16|0x00000000e1000000, 0x00000000e1100000, 0x00000000e1100000|100%| O|  |TAMS 0x00000000e1100000, 0x00000000e1000000| Untracked 
|  17|0x00000000e1100000, 0x00000000e1200000, 0x00000000e1200000|100%| O|  |TAMS 0x00000000e1200000, 0x00000000e1100000| Untracked 
|  18|0x00000000e1200000, 0x00000000e1300000, 0x00000000e1300000|100%| O|  |TAMS 0x00000000e1300000, 0x00000000e1200000| Untracked 
|  19|0x00000000e1300000, 0x00000000e1400000, 0x00000000e1400000|100%| O|  |TAMS 0x00000000e1400000, 0x00000000e1300000| Untracked 
|  20|0x00000000e1400000, 0x00000000e1500000, 0x00000000e1500000|100%| O|  |TAMS 0x00000000e1500000, 0x00000000e1400000| Untracked 
|  21|0x00000000e1500000, 0x00000000e1600000, 0x00000000e1600000|100%| O|  |TAMS 0x00000000e1600000, 0x00000000e1500000| Untracked 
|  22|0x00000000e1600000, 0x00000000e1700000, 0x00000000e1700000|100%| O|  |TAMS 0x00000000e1700000, 0x00000000e1600000| Untracked 
|  23|0x00000000e1700000, 0x00000000e1800000, 0x00000000e1800000|100%| O|  |TAMS 0x00000000e1800000, 0x00000000e1700000| Untracked 
|  24|0x00000000e1800000, 0x00000000e1900000, 0x00000000e1900000|100%| O|  |TAMS 0x00000000e1900000, 0x00000000e1800000| Untracked 
|  25|0x00000000e1900000, 0x00000000e1a00000, 0x00000000e1a00000|100%| O|  |TAMS 0x00000000e1a00000, 0x00000000e1900000| Untracked 
|  26|0x00000000e1a00000, 0x00000000e1b00000, 0x00000000e1b00000|100%| O|  |TAMS 0x00000000e1b00000, 0x00000000e1a00000| Untracked 
|  27|0x00000000e1b00000, 0x00000000e1c00000, 0x00000000e1c00000|100%| O|  |TAMS 0x00000000e1c00000, 0x00000000e1b00000| Untracked 
|  28|0x00000000e1c00000, 0x00000000e1d00000, 0x00000000e1d00000|100%| O|  |TAMS 0x00000000e1d00000, 0x00000000e1c00000| Untracked 
|  29|0x00000000e1d00000, 0x00000000e1e00000, 0x00000000e1e00000|100%| O|  |TAMS 0x00000000e1e00000, 0x00000000e1d00000| Untracked 
|  30|0x00000000e1e00000, 0x00000000e1f00000, 0x00000000e1f00000|100%| O|  |TAMS 0x00000000e1f00000, 0x00000000e1e00000| Untracked 
|  31|0x00000000e1f00000, 0x00000000e1f6da00, 0x00000000e2000000| 42%| O|  |TAMS 0x00000000e1f6da00, 0x00000000e1f00000| Untracked 
|  32|0x00000000e2000000, 0x00000000e2100000, 0x00000000e2100000|100%|HS|  |TAMS 0x00000000e2000000, 0x00000000e2000000| Complete 
|  33|0x00000000e2100000, 0x00000000e2100000, 0x00000000e2200000|  0%| F|  |TAMS 0x00000000e2100000, 0x00000000e2100000| Untracked 
|  34|0x00000000e2200000, 0x00000000e2200000, 0x00000000e2300000|  0%| F|  |TAMS 0x00000000e2200000, 0x00000000e2200000| Untracked 
|  35|0x00000000e2300000, 0x00000000e2300000, 0x00000000e2400000|  0%| F|  |TAMS 0x00000000e2300000, 0x00000000e2300000| Untracked 
|  36|0x00000000e2400000, 0x00000000e2400000, 0x00000000e2500000|  0%| F|  |TAMS 0x00000000e2400000, 0x00000000e2400000| Untracked 
|  37|0x00000000e2500000, 0x00000000e2500000, 0x00000000e2600000|  0%| F|  |TAMS 0x00000000e2500000, 0x00000000e2500000| Untracked 
|  38|0x00000000e2600000, 0x00000000e2600000, 0x00000000e2700000|  0%| F|  |TAMS 0x00000000e2600000, 0x00000000e2600000| Untracked 
|  39|0x00000000e2700000, 0x00000000e2700000, 0x00000000e2800000|  0%| F|  |TAMS 0x00000000e2700000, 0x00000000e2700000| Untracked 
|  40|0x00000000e2800000, 0x00000000e2800000, 0x00000000e2900000|  0%| F|  |TAMS 0x00000000e2800000, 0x00000000e2800000| Untracked 
|  41|0x00000000e2900000, 0x00000000e2900000, 0x00000000e2a00000|  0%| F|  |TAMS 0x00000000e2900000, 0x00000000e2900000| Untracked 
|  42|0x00000000e2a00000, 0x00000000e2a00000, 0x00000000e2b00000|  0%| F|  |TAMS 0x00000000e2a00000, 0x00000000e2a00000| Untracked 
|  43|0x00000000e2b00000, 0x00000000e2b00000, 0x00000000e2c00000|  0%| F|  |TAMS 0x00000000e2b00000, 0x00000000e2b00000| Untracked 
|  44|0x00000000e2c00000, 0x00000000e2c00000, 0x00000000e2d00000|  0%| F|  |TAMS 0x00000000e2c00000, 0x00000000e2c00000| Untracked 
|  45|0x00000000e2d00000, 0x00000000e2d00000, 0x00000000e2e00000|  0%| F|  |TAMS 0x00000000e2d00000, 0x00000000e2d00000| Untracked 
|  46|0x00000000e2e00000, 0x00000000e2e00000, 0x00000000e2f00000|  0%| F|  |TAMS 0x00000000e2e00000, 0x00000000e2e00000| Untracked 
|  47|0x00000000e2f00000, 0x00000000e2f00000, 0x00000000e3000000|  0%| F|  |TAMS 0x00000000e2f00000, 0x00000000e2f00000| Untracked 
|  48|0x00000000e3000000, 0x00000000e3000000, 0x00000000e3100000|  0%| F|  |TAMS 0x00000000e3000000, 0x00000000e3000000| Untracked 
|  49|0x00000000e3100000, 0x00000000e3100000, 0x00000000e3200000|  0%| F|  |TAMS 0x00000000e3100000, 0x00000000e3100000| Untracked 
|  50|0x00000000e3200000, 0x00000000e3200000, 0x00000000e3300000|  0%| F|  |TAMS 0x00000000e3200000, 0x00000000e3200000| Untracked 
|  51|0x00000000e3300000, 0x00000000e3300000, 0x00000000e3400000|  0%| F|  |TAMS 0x00000000e3300000, 0x00000000e3300000| Untracked 
|  52|0x00000000e3400000, 0x00000000e3400000, 0x00000000e3500000|  0%| F|  |TAMS 0x00000000e3400000, 0x00000000e3400000| Untracked 
|  53|0x00000000e3500000, 0x00000000e3500000, 0x00000000e3600000|  0%| F|  |TAMS 0x00000000e3500000, 0x00000000e3500000| Untracked 
|  54|0x00000000e3600000, 0x00000000e3600000, 0x00000000e3700000|  0%| F|  |TAMS 0x00000000e3600000, 0x00000000e3600000| Untracked 
|  55|0x00000000e3700000, 0x00000000e3700000, 0x00000000e3800000|  0%| F|  |TAMS 0x00000000e3700000, 0x00000000e3700000| Untracked 
|  56|0x00000000e3800000, 0x00000000e3800000, 0x00000000e3900000|  0%| F|  |TAMS 0x00000000e3800000, 0x00000000e3800000| Untracked 
|  57|0x00000000e3900000, 0x00000000e3900000, 0x00000000e3a00000|  0%| F|  |TAMS 0x00000000e3900000, 0x00000000e3900000| Untracked 
|  58|0x00000000e3a00000, 0x00000000e3a00000, 0x00000000e3b00000|  0%| F|  |TAMS 0x00000000e3a00000, 0x00000000e3a00000| Untracked 
|  59|0x00000000e3b00000, 0x00000000e3b00000, 0x00000000e3c00000|  0%| F|  |TAMS 0x00000000e3b00000, 0x00000000e3b00000| Untracked 
|  60|0x00000000e3c00000, 0x00000000e3c00000, 0x00000000e3d00000|  0%| F|  |TAMS 0x00000000e3c00000, 0x00000000e3c00000| Untracked 
|  61|0x00000000e3d00000, 0x00000000e3d00000, 0x00000000e3e00000|  0%| F|  |TAMS 0x00000000e3d00000, 0x00000000e3d00000| Untracked 
|  62|0x00000000e3e00000, 0x00000000e3e00000, 0x00000000e3f00000|  0%| F|  |TAMS 0x00000000e3e00000, 0x00000000e3e00000| Untracked 
|  63|0x00000000e3f00000, 0x00000000e3f00000, 0x00000000e4000000|  0%| F|  |TAMS 0x00000000e3f00000, 0x00000000e3f00000| Untracked 
|  64|0x00000000e4000000, 0x00000000e4000000, 0x00000000e4100000|  0%| F|  |TAMS 0x00000000e4000000, 0x00000000e4000000| Untracked 
|  65|0x00000000e4100000, 0x00000000e4100000, 0x00000000e4200000|  0%| F|  |TAMS 0x00000000e4100000, 0x00000000e4100000| Untracked 
|  66|0x00000000e4200000, 0x00000000e4200000, 0x00000000e4300000|  0%| F|  |TAMS 0x00000000e4200000, 0x00000000e4200000| Untracked 
|  67|0x00000000e4300000, 0x00000000e4300000, 0x00000000e4400000|  0%| F|  |TAMS 0x00000000e4300000, 0x00000000e4300000| Untracked 
|  68|0x00000000e4400000, 0x00000000e4400000, 0x00000000e4500000|  0%| F|  |TAMS 0x00000000e4400000, 0x00000000e4400000| Untracked 
|  69|0x00000000e4500000, 0x00000000e4500000, 0x00000000e4600000|  0%| F|  |TAMS 0x00000000e4500000, 0x00000000e4500000| Untracked 
|  70|0x00000000e4600000, 0x00000000e4600000, 0x00000000e4700000|  0%| F|  |TAMS 0x00000000e4600000, 0x00000000e4600000| Untracked 
|  71|0x00000000e4700000, 0x00000000e4700000, 0x00000000e4800000|  0%| F|  |TAMS 0x00000000e4700000, 0x00000000e4700000| Untracked 
|  72|0x00000000e4800000, 0x00000000e4800000, 0x00000000e4900000|  0%| F|  |TAMS 0x00000000e4800000, 0x00000000e4800000| Untracked 
|  73|0x00000000e4900000, 0x00000000e4900000, 0x00000000e4a00000|  0%| F|  |TAMS 0x00000000e4900000, 0x00000000e4900000| Untracked 
|  74|0x00000000e4a00000, 0x00000000e4a00000, 0x00000000e4b00000|  0%| F|  |TAMS 0x00000000e4a00000, 0x00000000e4a00000| Untracked 
|  75|0x00000000e4b00000, 0x00000000e4b00000, 0x00000000e4c00000|  0%| F|  |TAMS 0x00000000e4b00000, 0x00000000e4b00000| Untracked 
|  76|0x00000000e4c00000, 0x00000000e4c00000, 0x00000000e4d00000|  0%| F|  |TAMS 0x00000000e4c00000, 0x00000000e4c00000| Untracked 
|  77|0x00000000e4d00000, 0x00000000e4d00000, 0x00000000e4e00000|  0%| F|  |TAMS 0x00000000e4d00000, 0x00000000e4d00000| Untracked 
|  78|0x00000000e4e00000, 0x00000000e4e00000, 0x00000000e4f00000|  0%| F|  |TAMS 0x00000000e4e00000, 0x00000000e4e00000| Untracked 
|  79|0x00000000e4f00000, 0x00000000e4f00000, 0x00000000e5000000|  0%| F|  |TAMS 0x00000000e4f00000, 0x00000000e4f00000| Untracked 
|  80|0x00000000e5000000, 0x00000000e5000000, 0x00000000e5100000|  0%| F|  |TAMS 0x00000000e5000000, 0x00000000e5000000| Untracked 
|  81|0x00000000e5100000, 0x00000000e5100000, 0x00000000e5200000|  0%| F|  |TAMS 0x00000000e5100000, 0x00000000e5100000| Untracked 
|  82|0x00000000e5200000, 0x00000000e5200000, 0x00000000e5300000|  0%| F|  |TAMS 0x00000000e5200000, 0x00000000e5200000| Untracked 
|  83|0x00000000e5300000, 0x00000000e5300000, 0x00000000e5400000|  0%| F|  |TAMS 0x00000000e5300000, 0x00000000e5300000| Untracked 
|  84|0x00000000e5400000, 0x00000000e5400000, 0x00000000e5500000|  0%| F|  |TAMS 0x00000000e5400000, 0x00000000e5400000| Untracked 
|  85|0x00000000e5500000, 0x00000000e5500000, 0x00000000e5600000|  0%| F|  |TAMS 0x00000000e5500000, 0x00000000e5500000| Untracked 
|  86|0x00000000e5600000, 0x00000000e5600000, 0x00000000e5700000|  0%| F|  |TAMS 0x00000000e5600000, 0x00000000e5600000| Untracked 
|  87|0x00000000e5700000, 0x00000000e5700000, 0x00000000e5800000|  0%| F|  |TAMS 0x00000000e5700000, 0x00000000e5700000| Untracked 
|  88|0x00000000e5800000, 0x00000000e5800000, 0x00000000e5900000|  0%| F|  |TAMS 0x00000000e5800000, 0x00000000e5800000| Untracked 
|  89|0x00000000e5900000, 0x00000000e5900000, 0x00000000e5a00000|  0%| F|  |TAMS 0x00000000e5900000, 0x00000000e5900000| Untracked 
|  90|0x00000000e5a00000, 0x00000000e5a00000, 0x00000000e5b00000|  0%| F|  |TAMS 0x00000000e5a00000, 0x00000000e5a00000| Untracked 
|  91|0x00000000e5b00000, 0x00000000e5b00000, 0x00000000e5c00000|  0%| F|  |TAMS 0x00000000e5b00000, 0x00000000e5b00000| Untracked 
|  92|0x00000000e5c00000, 0x00000000e5c00000, 0x00000000e5d00000|  0%| F|  |TAMS 0x00000000e5c00000, 0x00000000e5c00000| Untracked 
|  93|0x00000000e5d00000, 0x00000000e5d00000, 0x00000000e5e00000|  0%| F|  |TAMS 0x00000000e5d00000, 0x00000000e5d00000| Untracked 
|  94|0x00000000e5e00000, 0x00000000e5e00000, 0x00000000e5f00000|  0%| F|  |TAMS 0x00000000e5e00000, 0x00000000e5e00000| Untracked 
|  95|0x00000000e5f00000, 0x00000000e5f00000, 0x00000000e6000000|  0%| F|  |TAMS 0x00000000e5f00000, 0x00000000e5f00000| Untracked 
|  96|0x00000000e6000000, 0x00000000e6000000, 0x00000000e6100000|  0%| F|  |TAMS 0x00000000e6000000, 0x00000000e6000000| Untracked 
|  97|0x00000000e6100000, 0x00000000e6100000, 0x00000000e6200000|  0%| F|  |TAMS 0x00000000e6100000, 0x00000000e6100000| Untracked 
|  98|0x00000000e6200000, 0x00000000e6200000, 0x00000000e6300000|  0%| F|  |TAMS 0x00000000e6200000, 0x00000000e6200000| Untracked 
|  99|0x00000000e6300000, 0x00000000e6300000, 0x00000000e6400000|  0%| F|  |TAMS 0x00000000e6300000, 0x00000000e6300000| Untracked 
| 100|0x00000000e6400000, 0x00000000e6400000, 0x00000000e6500000|  0%| F|  |TAMS 0x00000000e6400000, 0x00000000e6400000| Untracked 
| 101|0x00000000e6500000, 0x00000000e6500000, 0x00000000e6600000|  0%| F|  |TAMS 0x00000000e6500000, 0x00000000e6500000| Untracked 
| 102|0x00000000e6600000, 0x00000000e6600000, 0x00000000e6700000|  0%| F|  |TAMS 0x00000000e6600000, 0x00000000e6600000| Untracked 
| 103|0x00000000e6700000, 0x00000000e6700000, 0x00000000e6800000|  0%| F|  |TAMS 0x00000000e6700000, 0x00000000e6700000| Untracked 
| 104|0x00000000e6800000, 0x00000000e6800000, 0x00000000e6900000|  0%| F|  |TAMS 0x00000000e6800000, 0x00000000e6800000| Untracked 
| 105|0x00000000e6900000, 0x00000000e6900000, 0x00000000e6a00000|  0%| F|  |TAMS 0x00000000e6900000, 0x00000000e6900000| Untracked 
| 106|0x00000000e6a00000, 0x00000000e6a00000, 0x00000000e6b00000|  0%| F|  |TAMS 0x00000000e6a00000, 0x00000000e6a00000| Untracked 
| 107|0x00000000e6b00000, 0x00000000e6b00000, 0x00000000e6c00000|  0%| F|  |TAMS 0x00000000e6b00000, 0x00000000e6b00000| Untracked 
| 108|0x00000000e6c00000, 0x00000000e6c00000, 0x00000000e6d00000|  0%| F|  |TAMS 0x00000000e6c00000, 0x00000000e6c00000| Untracked 
| 109|0x00000000e6d00000, 0x00000000e6d00000, 0x00000000e6e00000|  0%| F|  |TAMS 0x00000000e6d00000, 0x00000000e6d00000| Untracked 
| 110|0x00000000e6e00000, 0x00000000e6e00000, 0x00000000e6f00000|  0%| F|  |TAMS 0x00000000e6e00000, 0x00000000e6e00000| Untracked 
| 111|0x00000000e6f00000, 0x00000000e6f00000, 0x00000000e7000000|  0%| F|  |TAMS 0x00000000e6f00000, 0x00000000e6f00000| Untracked 
| 112|0x00000000e7000000, 0x00000000e7000000, 0x00000000e7100000|  0%| F|  |TAMS 0x00000000e7000000, 0x00000000e7000000| Untracked 
| 113|0x00000000e7100000, 0x00000000e7100000, 0x00000000e7200000|  0%| F|  |TAMS 0x00000000e7100000, 0x00000000e7100000| Untracked 
| 114|0x00000000e7200000, 0x00000000e7200000, 0x00000000e7300000|  0%| F|  |TAMS 0x00000000e7200000, 0x00000000e7200000| Untracked 
| 115|0x00000000e7300000, 0x00000000e7300000, 0x00000000e7400000|  0%| F|  |TAMS 0x00000000e7300000, 0x00000000e7300000| Untracked 
| 116|0x00000000e7400000, 0x00000000e7400000, 0x00000000e7500000|  0%| F|  |TAMS 0x00000000e7400000, 0x00000000e7400000| Untracked 
| 117|0x00000000e7500000, 0x00000000e7500000, 0x00000000e7600000|  0%| F|  |TAMS 0x00000000e7500000, 0x00000000e7500000| Untracked 
| 118|0x00000000e7600000, 0x00000000e7600000, 0x00000000e7700000|  0%| F|  |TAMS 0x00000000e7600000, 0x00000000e7600000| Untracked 
| 119|0x00000000e7700000, 0x00000000e7700000, 0x00000000e7800000|  0%| F|  |TAMS 0x00000000e7700000, 0x00000000e7700000| Untracked 
| 120|0x00000000e7800000, 0x00000000e7800000, 0x00000000e7900000|  0%| F|  |TAMS 0x00000000e7800000, 0x00000000e7800000| Untracked 
| 121|0x00000000e7900000, 0x00000000e7900000, 0x00000000e7a00000|  0%| F|  |TAMS 0x00000000e7900000, 0x00000000e7900000| Untracked 
| 122|0x00000000e7a00000, 0x00000000e7a00000, 0x00000000e7b00000|  0%| F|  |TAMS 0x00000000e7a00000, 0x00000000e7a00000| Untracked 
| 123|0x00000000e7b00000, 0x00000000e7b00000, 0x00000000e7c00000|  0%| F|  |TAMS 0x00000000e7b00000, 0x00000000e7b00000| Untracked 
| 124|0x00000000e7c00000, 0x00000000e7c00000, 0x00000000e7d00000|  0%| F|  |TAMS 0x00000000e7c00000, 0x00000000e7c00000| Untracked 
| 125|0x00000000e7d00000, 0x00000000e7d00000, 0x00000000e7e00000|  0%| F|  |TAMS 0x00000000e7d00000, 0x00000000e7d00000| Untracked 
| 126|0x00000000e7e00000, 0x00000000e7e00000, 0x00000000e7f00000|  0%| F|  |TAMS 0x00000000e7e00000, 0x00000000e7e00000| Untracked 
| 127|0x00000000e7f00000, 0x00000000e7f00000, 0x00000000e8000000|  0%| F|  |TAMS 0x00000000e7f00000, 0x00000000e7f00000| Untracked 
| 128|0x00000000e8000000, 0x00000000e8000000, 0x00000000e8100000|  0%| F|  |TAMS 0x00000000e8000000, 0x00000000e8000000| Untracked 
| 129|0x00000000e8100000, 0x00000000e8100000, 0x00000000e8200000|  0%| F|  |TAMS 0x00000000e8100000, 0x00000000e8100000| Untracked 
| 130|0x00000000e8200000, 0x00000000e8200000, 0x00000000e8300000|  0%| F|  |TAMS 0x00000000e8200000, 0x00000000e8200000| Untracked 
| 131|0x00000000e8300000, 0x00000000e8300000, 0x00000000e8400000|  0%| F|  |TAMS 0x00000000e8300000, 0x00000000e8300000| Untracked 
| 132|0x00000000e8400000, 0x00000000e8400000, 0x00000000e8500000|  0%| F|  |TAMS 0x00000000e8400000, 0x00000000e8400000| Untracked 
| 133|0x00000000e8500000, 0x00000000e8500000, 0x00000000e8600000|  0%| F|  |TAMS 0x00000000e8500000, 0x00000000e8500000| Untracked 
| 134|0x00000000e8600000, 0x00000000e8600000, 0x00000000e8700000|  0%| F|  |TAMS 0x00000000e8600000, 0x00000000e8600000| Untracked 
| 135|0x00000000e8700000, 0x00000000e8700000, 0x00000000e8800000|  0%| F|  |TAMS 0x00000000e8700000, 0x00000000e8700000| Untracked 
| 136|0x00000000e8800000, 0x00000000e8800000, 0x00000000e8900000|  0%| F|  |TAMS 0x00000000e8800000, 0x00000000e8800000| Untracked 
| 137|0x00000000e8900000, 0x00000000e8900000, 0x00000000e8a00000|  0%| F|  |TAMS 0x00000000e8900000, 0x00000000e8900000| Untracked 
| 138|0x00000000e8a00000, 0x00000000e8a00000, 0x00000000e8b00000|  0%| F|  |TAMS 0x00000000e8a00000, 0x00000000e8a00000| Untracked 
| 139|0x00000000e8b00000, 0x00000000e8b00000, 0x00000000e8c00000|  0%| F|  |TAMS 0x00000000e8b00000, 0x00000000e8b00000| Untracked 
| 140|0x00000000e8c00000, 0x00000000e8c00000, 0x00000000e8d00000|  0%| F|  |TAMS 0x00000000e8c00000, 0x00000000e8c00000| Untracked 
| 141|0x00000000e8d00000, 0x00000000e8d00000, 0x00000000e8e00000|  0%| F|  |TAMS 0x00000000e8d00000, 0x00000000e8d00000| Untracked 
| 142|0x00000000e8e00000, 0x00000000e8e00000, 0x00000000e8f00000|  0%| F|  |TAMS 0x00000000e8e00000, 0x00000000e8e00000| Untracked 
| 143|0x00000000e8f00000, 0x00000000e8f00000, 0x00000000e9000000|  0%| F|  |TAMS 0x00000000e8f00000, 0x00000000e8f00000| Untracked 
| 144|0x00000000e9000000, 0x00000000e9000000, 0x00000000e9100000|  0%| F|  |TAMS 0x00000000e9000000, 0x00000000e9000000| Untracked 
| 145|0x00000000e9100000, 0x00000000e9100000, 0x00000000e9200000|  0%| F|  |TAMS 0x00000000e9100000, 0x00000000e9100000| Untracked 
| 146|0x00000000e9200000, 0x00000000e9200000, 0x00000000e9300000|  0%| F|  |TAMS 0x00000000e9200000, 0x00000000e9200000| Untracked 
| 147|0x00000000e9300000, 0x00000000e9300000, 0x00000000e9400000|  0%| F|  |TAMS 0x00000000e9300000, 0x00000000e9300000| Untracked 
| 148|0x00000000e9400000, 0x00000000e9400000, 0x00000000e9500000|  0%| F|  |TAMS 0x00000000e9400000, 0x00000000e9400000| Untracked 
| 149|0x00000000e9500000, 0x00000000e9500000, 0x00000000e9600000|  0%| F|  |TAMS 0x00000000e9500000, 0x00000000e9500000| Untracked 
| 150|0x00000000e9600000, 0x00000000e9600000, 0x00000000e9700000|  0%| F|  |TAMS 0x00000000e9600000, 0x00000000e9600000| Untracked 
| 151|0x00000000e9700000, 0x00000000e9700000, 0x00000000e9800000|  0%| F|  |TAMS 0x00000000e9700000, 0x00000000e9700000| Untracked 
| 152|0x00000000e9800000, 0x00000000e9800000, 0x00000000e9900000|  0%| F|  |TAMS 0x00000000e9800000, 0x00000000e9800000| Untracked 
| 153|0x00000000e9900000, 0x00000000e9900000, 0x00000000e9a00000|  0%| F|  |TAMS 0x00000000e9900000, 0x00000000e9900000| Untracked 
| 154|0x00000000e9a00000, 0x00000000e9a00000, 0x00000000e9b00000|  0%| F|  |TAMS 0x00000000e9a00000, 0x00000000e9a00000| Untracked 
| 155|0x00000000e9b00000, 0x00000000e9b00000, 0x00000000e9c00000|  0%| F|  |TAMS 0x00000000e9b00000, 0x00000000e9b00000| Untracked 
| 156|0x00000000e9c00000, 0x00000000e9c00000, 0x00000000e9d00000|  0%| F|  |TAMS 0x00000000e9c00000, 0x00000000e9c00000| Untracked 
| 157|0x00000000e9d00000, 0x00000000e9d00000, 0x00000000e9e00000|  0%| F|  |TAMS 0x00000000e9d00000, 0x00000000e9d00000| Untracked 
| 158|0x00000000e9e00000, 0x00000000e9e00000, 0x00000000e9f00000|  0%| F|  |TAMS 0x00000000e9e00000, 0x00000000e9e00000| Untracked 
| 159|0x00000000e9f00000, 0x00000000e9f00000, 0x00000000ea000000|  0%| F|  |TAMS 0x00000000e9f00000, 0x00000000e9f00000| Untracked 
| 160|0x00000000ea000000, 0x00000000ea000000, 0x00000000ea100000|  0%| F|  |TAMS 0x00000000ea000000, 0x00000000ea000000| Untracked 
| 161|0x00000000ea100000, 0x00000000ea100000, 0x00000000ea200000|  0%| F|  |TAMS 0x00000000ea100000, 0x00000000ea100000| Untracked 
| 162|0x00000000ea200000, 0x00000000ea200000, 0x00000000ea300000|  0%| F|  |TAMS 0x00000000ea200000, 0x00000000ea200000| Untracked 
| 163|0x00000000ea300000, 0x00000000ea300000, 0x00000000ea400000|  0%| F|  |TAMS 0x00000000ea300000, 0x00000000ea300000| Untracked 
| 164|0x00000000ea400000, 0x00000000ea400000, 0x00000000ea500000|  0%| F|  |TAMS 0x00000000ea400000, 0x00000000ea400000| Untracked 
| 165|0x00000000ea500000, 0x00000000ea500000, 0x00000000ea600000|  0%| F|  |TAMS 0x00000000ea500000, 0x00000000ea500000| Untracked 
| 166|0x00000000ea600000, 0x00000000ea600000, 0x00000000ea700000|  0%| F|  |TAMS 0x00000000ea600000, 0x00000000ea600000| Untracked 
| 167|0x00000000ea700000, 0x00000000ea700000, 0x00000000ea800000|  0%| F|  |TAMS 0x00000000ea700000, 0x00000000ea700000| Untracked 
| 168|0x00000000ea800000, 0x00000000ea800000, 0x00000000ea900000|  0%| F|  |TAMS 0x00000000ea800000, 0x00000000ea800000| Untracked 
| 169|0x00000000ea900000, 0x00000000ea900000, 0x00000000eaa00000|  0%| F|  |TAMS 0x00000000ea900000, 0x00000000ea900000| Untracked 
| 170|0x00000000eaa00000, 0x00000000eaa00000, 0x00000000eab00000|  0%| F|  |TAMS 0x00000000eaa00000, 0x00000000eaa00000| Untracked 
| 171|0x00000000eab00000, 0x00000000eab00000, 0x00000000eac00000|  0%| F|  |TAMS 0x00000000eab00000, 0x00000000eab00000| Untracked 
| 172|0x00000000eac00000, 0x00000000eac00000, 0x00000000ead00000|  0%| F|  |TAMS 0x00000000eac00000, 0x00000000eac00000| Untracked 
| 173|0x00000000ead00000, 0x00000000ead00000, 0x00000000eae00000|  0%| F|  |TAMS 0x00000000ead00000, 0x00000000ead00000| Untracked 
| 174|0x00000000eae00000, 0x00000000eae00000, 0x00000000eaf00000|  0%| F|  |TAMS 0x00000000eae00000, 0x00000000eae00000| Untracked 
| 175|0x00000000eaf00000, 0x00000000eaf00000, 0x00000000eb000000|  0%| F|  |TAMS 0x00000000eaf00000, 0x00000000eaf00000| Untracked 
| 176|0x00000000eb000000, 0x00000000eb000000, 0x00000000eb100000|  0%| F|  |TAMS 0x00000000eb000000, 0x00000000eb000000| Untracked 
| 177|0x00000000eb100000, 0x00000000eb100000, 0x00000000eb200000|  0%| F|  |TAMS 0x00000000eb100000, 0x00000000eb100000| Untracked 
| 178|0x00000000eb200000, 0x00000000eb200000, 0x00000000eb300000|  0%| F|  |TAMS 0x00000000eb200000, 0x00000000eb200000| Untracked 
| 179|0x00000000eb300000, 0x00000000eb300000, 0x00000000eb400000|  0%| F|  |TAMS 0x00000000eb300000, 0x00000000eb300000| Untracked 
| 180|0x00000000eb400000, 0x00000000eb400000, 0x00000000eb500000|  0%| F|  |TAMS 0x00000000eb400000, 0x00000000eb400000| Untracked 
| 181|0x00000000eb500000, 0x00000000eb500000, 0x00000000eb600000|  0%| F|  |TAMS 0x00000000eb500000, 0x00000000eb500000| Untracked 
| 182|0x00000000eb600000, 0x00000000eb600000, 0x00000000eb700000|  0%| F|  |TAMS 0x00000000eb600000, 0x00000000eb600000| Untracked 
| 183|0x00000000eb700000, 0x00000000eb700000, 0x00000000eb800000|  0%| F|  |TAMS 0x00000000eb700000, 0x00000000eb700000| Untracked 
| 184|0x00000000eb800000, 0x00000000eb800000, 0x00000000eb900000|  0%| F|  |TAMS 0x00000000eb800000, 0x00000000eb800000| Untracked 
| 185|0x00000000eb900000, 0x00000000eb900000, 0x00000000eba00000|  0%| F|  |TAMS 0x00000000eb900000, 0x00000000eb900000| Untracked 
| 186|0x00000000eba00000, 0x00000000eba00000, 0x00000000ebb00000|  0%| F|  |TAMS 0x00000000eba00000, 0x00000000eba00000| Untracked 
| 187|0x00000000ebb00000, 0x00000000ebb00000, 0x00000000ebc00000|  0%| F|  |TAMS 0x00000000ebb00000, 0x00000000ebb00000| Untracked 
| 188|0x00000000ebc00000, 0x00000000ebc00000, 0x00000000ebd00000|  0%| F|  |TAMS 0x00000000ebc00000, 0x00000000ebc00000| Untracked 
| 189|0x00000000ebd00000, 0x00000000ebd00000, 0x00000000ebe00000|  0%| F|  |TAMS 0x00000000ebd00000, 0x00000000ebd00000| Untracked 
| 190|0x00000000ebe00000, 0x00000000ebe00000, 0x00000000ebf00000|  0%| F|  |TAMS 0x00000000ebe00000, 0x00000000ebe00000| Untracked 
| 191|0x00000000ebf00000, 0x00000000ebf00000, 0x00000000ec000000|  0%| F|  |TAMS 0x00000000ebf00000, 0x00000000ebf00000| Untracked 
| 192|0x00000000ec000000, 0x00000000ec000000, 0x00000000ec100000|  0%| F|  |TAMS 0x00000000ec000000, 0x00000000ec000000| Untracked 
| 193|0x00000000ec100000, 0x00000000ec100000, 0x00000000ec200000|  0%| F|  |TAMS 0x00000000ec100000, 0x00000000ec100000| Untracked 
| 194|0x00000000ec200000, 0x00000000ec200000, 0x00000000ec300000|  0%| F|  |TAMS 0x00000000ec200000, 0x00000000ec200000| Untracked 
| 195|0x00000000ec300000, 0x00000000ec300000, 0x00000000ec400000|  0%| F|  |TAMS 0x00000000ec300000, 0x00000000ec300000| Untracked 
| 196|0x00000000ec400000, 0x00000000ec400000, 0x00000000ec500000|  0%| F|  |TAMS 0x00000000ec400000, 0x00000000ec400000| Untracked 
| 197|0x00000000ec500000, 0x00000000ec500000, 0x00000000ec600000|  0%| F|  |TAMS 0x00000000ec500000, 0x00000000ec500000| Untracked 
| 198|0x00000000ec600000, 0x00000000ec600000, 0x00000000ec700000|  0%| F|  |TAMS 0x00000000ec600000, 0x00000000ec600000| Untracked 
| 199|0x00000000ec700000, 0x00000000ec700000, 0x00000000ec800000|  0%| F|  |TAMS 0x00000000ec700000, 0x00000000ec700000| Untracked 
| 200|0x00000000ec800000, 0x00000000ec800000, 0x00000000ec900000|  0%| F|  |TAMS 0x00000000ec800000, 0x00000000ec800000| Untracked 
| 201|0x00000000ec900000, 0x00000000ec900000, 0x00000000eca00000|  0%| F|  |TAMS 0x00000000ec900000, 0x00000000ec900000| Untracked 
| 202|0x00000000eca00000, 0x00000000eca00000, 0x00000000ecb00000|  0%| F|  |TAMS 0x00000000eca00000, 0x00000000eca00000| Untracked 
| 203|0x00000000ecb00000, 0x00000000ecb00000, 0x00000000ecc00000|  0%| F|  |TAMS 0x00000000ecb00000, 0x00000000ecb00000| Untracked 
| 204|0x00000000ecc00000, 0x00000000ecc00000, 0x00000000ecd00000|  0%| F|  |TAMS 0x00000000ecc00000, 0x00000000ecc00000| Untracked 
| 205|0x00000000ecd00000, 0x00000000ecd00000, 0x00000000ece00000|  0%| F|  |TAMS 0x00000000ecd00000, 0x00000000ecd00000| Untracked 
| 206|0x00000000ece00000, 0x00000000ece00000, 0x00000000ecf00000|  0%| F|  |TAMS 0x00000000ece00000, 0x00000000ece00000| Untracked 
| 207|0x00000000ecf00000, 0x00000000ecf00000, 0x00000000ed000000|  0%| F|  |TAMS 0x00000000ecf00000, 0x00000000ecf00000| Untracked 
| 208|0x00000000ed000000, 0x00000000ed000000, 0x00000000ed100000|  0%| F|  |TAMS 0x00000000ed000000, 0x00000000ed000000| Untracked 
| 209|0x00000000ed100000, 0x00000000ed100000, 0x00000000ed200000|  0%| F|  |TAMS 0x00000000ed100000, 0x00000000ed100000| Untracked 
| 210|0x00000000ed200000, 0x00000000ed200000, 0x00000000ed300000|  0%| F|  |TAMS 0x00000000ed200000, 0x00000000ed200000| Untracked 
| 211|0x00000000ed300000, 0x00000000ed300000, 0x00000000ed400000|  0%| F|  |TAMS 0x00000000ed300000, 0x00000000ed300000| Untracked 
| 212|0x00000000ed400000, 0x00000000ed400000, 0x00000000ed500000|  0%| F|  |TAMS 0x00000000ed400000, 0x00000000ed400000| Untracked 
| 213|0x00000000ed500000, 0x00000000ed500000, 0x00000000ed600000|  0%| F|  |TAMS 0x00000000ed500000, 0x00000000ed500000| Untracked 
| 214|0x00000000ed600000, 0x00000000ed600000, 0x00000000ed700000|  0%| F|  |TAMS 0x00000000ed600000, 0x00000000ed600000| Untracked 
| 215|0x00000000ed700000, 0x00000000ed700000, 0x00000000ed800000|  0%| F|  |TAMS 0x00000000ed700000, 0x00000000ed700000| Untracked 
| 216|0x00000000ed800000, 0x00000000ed800000, 0x00000000ed900000|  0%| F|  |TAMS 0x00000000ed800000, 0x00000000ed800000| Untracked 
| 217|0x00000000ed900000, 0x00000000ed900000, 0x00000000eda00000|  0%| F|  |TAMS 0x00000000ed900000, 0x00000000ed900000| Untracked 
| 218|0x00000000eda00000, 0x00000000eda00000, 0x00000000edb00000|  0%| F|  |TAMS 0x00000000eda00000, 0x00000000eda00000| Untracked 
| 219|0x00000000edb00000, 0x00000000edb00000, 0x00000000edc00000|  0%| F|  |TAMS 0x00000000edb00000, 0x00000000edb00000| Untracked 
| 220|0x00000000edc00000, 0x00000000edc00000, 0x00000000edd00000|  0%| F|  |TAMS 0x00000000edc00000, 0x00000000edc00000| Untracked 
| 221|0x00000000edd00000, 0x00000000edd00000, 0x00000000ede00000|  0%| F|  |TAMS 0x00000000edd00000, 0x00000000edd00000| Untracked 
| 222|0x00000000ede00000, 0x00000000ede00000, 0x00000000edf00000|  0%| F|  |TAMS 0x00000000ede00000, 0x00000000ede00000| Untracked 
| 223|0x00000000edf00000, 0x00000000ee000000, 0x00000000ee000000|100%| E|  |TAMS 0x00000000edf00000, 0x00000000edf00000| Complete 
| 224|0x00000000ee000000, 0x00000000ee100000, 0x00000000ee100000|100%| E|CS|TAMS 0x00000000ee000000, 0x00000000ee000000| Complete 
| 225|0x00000000ee100000, 0x00000000ee200000, 0x00000000ee200000|100%| E|CS|TAMS 0x00000000ee100000, 0x00000000ee100000| Complete 
| 226|0x00000000ee200000, 0x00000000ee300000, 0x00000000ee300000|100%| E|CS|TAMS 0x00000000ee200000, 0x00000000ee200000| Complete 
| 227|0x00000000ee300000, 0x00000000ee400000, 0x00000000ee400000|100%| E|CS|TAMS 0x00000000ee300000, 0x00000000ee300000| Complete 
| 228|0x00000000ee400000, 0x00000000ee500000, 0x00000000ee500000|100%| E|CS|TAMS 0x00000000ee400000, 0x00000000ee400000| Complete 
| 229|0x00000000ee500000, 0x00000000ee600000, 0x00000000ee600000|100%| E|CS|TAMS 0x00000000ee500000, 0x00000000ee500000| Complete 
| 230|0x00000000ee600000, 0x00000000ee700000, 0x00000000ee700000|100%| E|CS|TAMS 0x00000000ee600000, 0x00000000ee600000| Complete 
| 231|0x00000000ee700000, 0x00000000ee800000, 0x00000000ee800000|100%| E|CS|TAMS 0x00000000ee700000, 0x00000000ee700000| Complete 
| 232|0x00000000ee800000, 0x00000000ee900000, 0x00000000ee900000|100%| E|CS|TAMS 0x00000000ee800000, 0x00000000ee800000| Complete 
| 233|0x00000000ee900000, 0x00000000eea00000, 0x00000000eea00000|100%| E|CS|TAMS 0x00000000ee900000, 0x00000000ee900000| Complete 
| 234|0x00000000eea00000, 0x00000000eeb00000, 0x00000000eeb00000|100%| E|CS|TAMS 0x00000000eea00000, 0x00000000eea00000| Complete 
| 235|0x00000000eeb00000, 0x00000000eec00000, 0x00000000eec00000|100%| E|CS|TAMS 0x00000000eeb00000, 0x00000000eeb00000| Complete 
| 236|0x00000000eec00000, 0x00000000eed00000, 0x00000000eed00000|100%| E|CS|TAMS 0x00000000eec00000, 0x00000000eec00000| Complete 
| 237|0x00000000eed00000, 0x00000000eee00000, 0x00000000eee00000|100%| E|CS|TAMS 0x00000000eed00000, 0x00000000eed00000| Complete 
| 238|0x00000000eee00000, 0x00000000eef00000, 0x00000000eef00000|100%| E|CS|TAMS 0x00000000eee00000, 0x00000000eee00000| Complete 
| 239|0x00000000eef00000, 0x00000000ef000000, 0x00000000ef000000|100%| E|CS|TAMS 0x00000000eef00000, 0x00000000eef00000| Complete 
| 240|0x00000000ef000000, 0x00000000ef100000, 0x00000000ef100000|100%| E|CS|TAMS 0x00000000ef000000, 0x00000000ef000000| Complete 
| 241|0x00000000ef100000, 0x00000000ef200000, 0x00000000ef200000|100%| E|CS|TAMS 0x00000000ef100000, 0x00000000ef100000| Complete 
| 242|0x00000000ef200000, 0x00000000ef300000, 0x00000000ef300000|100%| E|CS|TAMS 0x00000000ef200000, 0x00000000ef200000| Complete 
| 243|0x00000000ef300000, 0x00000000ef400000, 0x00000000ef400000|100%| E|CS|TAMS 0x00000000ef300000, 0x00000000ef300000| Complete 
| 244|0x00000000ef400000, 0x00000000ef500000, 0x00000000ef500000|100%| E|CS|TAMS 0x00000000ef400000, 0x00000000ef400000| Complete 
| 245|0x00000000ef500000, 0x00000000ef600000, 0x00000000ef600000|100%| E|CS|TAMS 0x00000000ef500000, 0x00000000ef500000| Complete 
| 246|0x00000000ef600000, 0x00000000ef700000, 0x00000000ef700000|100%| E|CS|TAMS 0x00000000ef600000, 0x00000000ef600000| Complete 
| 247|0x00000000ef700000, 0x00000000ef800000, 0x00000000ef800000|100%| E|CS|TAMS 0x00000000ef700000, 0x00000000ef700000| Complete 
| 248|0x00000000ef800000, 0x00000000ef900000, 0x00000000ef900000|100%| E|  |TAMS 0x00000000ef800000, 0x00000000ef800000| Complete 
| 249|0x00000000ef900000, 0x00000000efa00000, 0x00000000efa00000|100%| E|CS|TAMS 0x00000000ef900000, 0x00000000ef900000| Complete 
| 250|0x00000000efa00000, 0x00000000efb00000, 0x00000000efb00000|100%| E|CS|TAMS 0x00000000efa00000, 0x00000000efa00000| Complete 
| 251|0x00000000efb00000, 0x00000000efc00000, 0x00000000efc00000|100%| E|CS|TAMS 0x00000000efb00000, 0x00000000efb00000| Complete 
| 252|0x00000000efc00000, 0x00000000efd00000, 0x00000000efd00000|100%| E|CS|TAMS 0x00000000efc00000, 0x00000000efc00000| Complete 
| 253|0x00000000efd00000, 0x00000000efe00000, 0x00000000efe00000|100%| E|CS|TAMS 0x00000000efd00000, 0x00000000efd00000| Complete 
| 254|0x00000000efe00000, 0x00000000efe4d7f0, 0x00000000eff00000| 30%| S|CS|TAMS 0x00000000efe00000, 0x00000000efe00000| Complete 
| 255|0x00000000eff00000, 0x00000000f0000000, 0x00000000f0000000|100%| E|CS|TAMS 0x00000000eff00000, 0x00000000eff00000| Complete 

Card table byte_map: [0x00000298e9b10000,0x00000298e9c10000] _byte_map_base: 0x00000298e9410000

Marking Bits (Prev, Next): (CMBitMap*) 0x00000298d2c047d0, (CMBitMap*) 0x00000298d2c04810
 Prev Bits: [0x00000298e9d10000, 0x00000298ea510000)
 Next Bits: [0x00000298ea510000, 0x00000298ead10000)

Polling page: 0x00000298d0d30000

Metaspace:

Usage:
  Non-class:     33.46 MB used.
      Class:      5.42 MB used.
       Both:     38.88 MB used.

Virtual space:
  Non-class space:       64.00 MB reserved,      33.62 MB ( 53%) committed,  1 nodes.
      Class space:      320.00 MB reserved,       5.56 MB (  2%) committed,  1 nodes.
             Both:      384.00 MB reserved,      39.19 MB ( 10%) committed. 

Chunk freelists:
   Non-Class:  13.88 MB
       Class:  10.38 MB
        Both:  24.25 MB

MaxMetaspaceSize: 384.00 MB
CompressedClassSpaceSize: 320.00 MB
Initial GC threshold: 21.00 MB
Current GC threshold: 59.31 MB
CDS: on
MetaspaceReclaimPolicy: balanced
 - commit_granule_bytes: 65536.
 - commit_granule_words: 8192.
 - virtual_space_node_default_size: 8388608.
 - enlarge_chunks_in_place: 1.
 - new_chunks_are_fully_committed: 0.
 - uncommit_free_chunks: 1.
 - use_allocation_guard: 0.
 - handle_deallocations: 1.


Internal statistics:

num_allocs_failed_limit: 9.
num_arena_births: 366.
num_arena_deaths: 0.
num_vsnodes_births: 2.
num_vsnodes_deaths: 0.
num_space_committed: 627.
num_space_uncommitted: 0.
num_chunks_returned_to_freelist: 9.
num_chunks_taken_from_freelist: 1827.
num_chunk_merges: 9.
num_chunk_splits: 1242.
num_chunks_enlarged: 891.
num_inconsistent_stats: 0.

CodeHeap 'non-profiled nmethods': size=120000Kb used=2708Kb max_used=2708Kb free=117291Kb
 bounds [0x00000298e21b0000, 0x00000298e2460000, 0x00000298e96e0000]
CodeHeap 'profiled nmethods': size=120000Kb used=9023Kb max_used=9023Kb free=110976Kb
 bounds [0x00000298da6e0000, 0x00000298dafb0000, 0x00000298e1c10000]
CodeHeap 'non-nmethods': size=5760Kb used=2306Kb max_used=2371Kb free=3453Kb
 bounds [0x00000298e1c10000, 0x00000298e1e80000, 0x00000298e21b0000]
 total_blobs=5138 nmethods=4330 adapters=719
 compilation: enabled
              stopped_count=0, restarted_count=0
 full_count=0

Compilation events (20 events):
Event: 7.412 Thread 0x00000298ed77ecc0 nmethod 4317 0x00000298dafa7090 code [0x00000298dafa7260, 0x00000298dafa7698]
Event: 7.412 Thread 0x00000298ed77ecc0 4318       3       org.gradle.model.internal.asm.MethodVisitorScope::_PUTFIELD (11 bytes)
Event: 7.412 Thread 0x00000298ed77ecc0 nmethod 4318 0x00000298dafa7810 code [0x00000298dafa79a0, 0x00000298dafa7ae8]
Event: 7.413 Thread 0x00000298ed77ecc0 4319       3       com.google.common.collect.ImmutableList$Builder::<init> (18 bytes)
Event: 7.413 Thread 0x00000298ed77ecc0 nmethod 4319 0x00000298dafa7b90 code [0x00000298dafa7d40, 0x00000298dafa8018]
Event: 7.413 Thread 0x00000298ed77ecc0 4320       3       com.google.common.collect.ImmutableList$Builder::build (17 bytes)
Event: 7.414 Thread 0x00000298ed77ecc0 nmethod 4320 0x00000298dafa8110 code [0x00000298dafa82a0, 0x00000298dafa83e8]
Event: 7.414 Thread 0x00000298ed77ecc0 4321       3       java.lang.invoke.LambdaFormEditor::bindArgumentType (101 bytes)
Event: 7.414 Thread 0x00000298ed77ecc0 nmethod 4321 0x00000298dafa8490 code [0x00000298dafa8640, 0x00000298dafa8868]
Event: 7.414 Thread 0x00000298ed77ecc0 4322       3       java.lang.invoke.LambdaFormEditor::bindArgumentForm (269 bytes)
Event: 7.416 Thread 0x00000298ed77ecc0 nmethod 4322 0x00000298dafa8990 code [0x00000298dafa8d40, 0x00000298dafaa608]
Event: 7.416 Thread 0x00000298ed77ecc0 4323   !   3       org.gradle.internal.deprecation.DeprecationLogger::whileDisabled (22 bytes)
Event: 7.417 Thread 0x00000298ed77ecc0 nmethod 4323 0x00000298dafab090 code [0x00000298dafab300, 0x00000298dafabe38]
Event: 7.417 Thread 0x00000298ed77ecc0 4324       3       org.gradle.internal.instantiation.generator.AsmBackedClassGenerator::getDisplayNameForNext (21 bytes)
Event: 7.417 Thread 0x00000298ed77ecc0 nmethod 4324 0x00000298dafac110 code [0x00000298dafac2c0, 0x00000298dafac5c8]
Event: 7.423 Thread 0x00000298ed77ecc0 4326       3       org.gradle.internal.instantiation.generator.AsmBackedClassGenerator$ClassBuilderImpl::access$2600 (4 bytes)
Event: 7.423 Thread 0x00000298ed77ecc0 nmethod 4326 0x00000298dafac690 code [0x00000298dafac820, 0x00000298dafac918]
Event: 7.454 Thread 0x00000298ed77ecc0 4330       1       java.util.Spliterators$EmptySpliterator::characteristics (4 bytes)
Event: 7.455 Thread 0x00000298ed77ecc0 nmethod 4330 0x00000298e2455010 code [0x00000298e24551a0, 0x00000298e2455278]
Event: 7.499 Thread 0x00000298ed77ecc0 4332   !   3       java.util.concurrent.locks.AbstractQueuedSynchronizer::acquire (407 bytes)

GC Heap History (12 events):
Event: 0.541 GC heap before
{Heap before GC invocations=0 (full 0):
 garbage-first heap   total 262144K, used 26624K [0x00000000e0000000, 0x0000000100000000)
  region size 1024K, 23 young (23552K), 0 survivors (0K)
 Metaspace       used 3057K, committed 3200K, reserved 393216K
  class space    used 392K, committed 448K, reserved 327680K
}
Event: 0.545 GC heap after
{Heap after GC invocations=1 (full 0):
 garbage-first heap   total 262144K, used 11004K [0x00000000e0000000, 0x0000000100000000)
  region size 1024K, 3 young (3072K), 3 survivors (3072K)
 Metaspace       used 3057K, committed 3200K, reserved 393216K
  class space    used 392K, committed 448K, reserved 327680K
}
Event: 1.056 GC heap before
{Heap before GC invocations=1 (full 0):
 garbage-first heap   total 262144K, used 39676K [0x00000000e0000000, 0x0000000100000000)
  region size 1024K, 31 young (31744K), 3 survivors (3072K)
 Metaspace       used 4013K, committed 4160K, reserved 393216K
  class space    used 494K, committed 576K, reserved 327680K
}
Event: 1.059 GC heap after
{Heap after GC invocations=2 (full 0):
 garbage-first heap   total 262144K, used 11454K [0x00000000e0000000, 0x0000000100000000)
  region size 1024K, 1 young (1024K), 1 survivors (1024K)
 Metaspace       used 4013K, committed 4160K, reserved 393216K
  class space    used 494K, committed 576K, reserved 327680K
}
Event: 3.345 GC heap before
{Heap before GC invocations=2 (full 0):
 garbage-first heap   total 262144K, used 130238K [0x00000000e0000000, 0x0000000100000000)
  region size 1024K, 117 young (119808K), 1 survivors (1024K)
 Metaspace       used 21212K, committed 21504K, reserved 393216K
  class space    used 3125K, committed 3264K, reserved 327680K
}
Event: 3.359 GC heap after
{Heap after GC invocations=3 (full 0):
 garbage-first heap   total 262144K, used 22478K [0x00000000e0000000, 0x0000000100000000)
  region size 1024K, 12 young (12288K), 12 survivors (12288K)
 Metaspace       used 21212K, committed 21504K, reserved 393216K
  class space    used 3125K, committed 3264K, reserved 327680K
}
Event: 5.801 GC heap before
{Heap before GC invocations=4 (full 0):
 garbage-first heap   total 262144K, used 141262K [0x00000000e0000000, 0x0000000100000000)
  region size 1024K, 125 young (128000K), 12 survivors (12288K)
 Metaspace       used 35585K, committed 35968K, reserved 393216K
  class space    used 4988K, committed 5184K, reserved 327680K
}
Event: 5.830 GC heap after
{Heap after GC invocations=5 (full 0):
 garbage-first heap   total 262144K, used 31938K [0x00000000e0000000, 0x0000000100000000)
  region size 1024K, 10 young (10240K), 10 survivors (10240K)
 Metaspace       used 35585K, committed 35968K, reserved 393216K
  class space    used 4988K, committed 5184K, reserved 327680K
}
Event: 5.954 GC heap before
{Heap before GC invocations=5 (full 0):
 garbage-first heap   total 262144K, used 33986K [0x00000000e0000000, 0x0000000100000000)
  region size 1024K, 12 young (12288K), 10 survivors (10240K)
 Metaspace       used 35866K, committed 36288K, reserved 393216K
  class space    used 5033K, committed 5248K, reserved 327680K
}
Event: 5.970 GC heap after
{Heap after GC invocations=6 (full 0):
 garbage-first heap   total 262144K, used 32383K [0x00000000e0000000, 0x0000000100000000)
  region size 1024K, 2 young (2048K), 2 survivors (2048K)
 Metaspace       used 35866K, committed 36288K, reserved 393216K
  class space    used 5033K, committed 5248K, reserved 327680K
}
Event: 5.973 GC heap before
{Heap before GC invocations=6 (full 0):
 garbage-first heap   total 262144K, used 32383K [0x00000000e0000000, 0x0000000100000000)
  region size 1024K, 3 young (3072K), 2 survivors (2048K)
 Metaspace       used 35904K, committed 36288K, reserved 393216K
  class space    used 5035K, committed 5248K, reserved 327680K
}
Event: 5.975 GC heap after
{Heap after GC invocations=7 (full 0):
 garbage-first heap   total 262144K, used 31468K [0x00000000e0000000, 0x0000000100000000)
  region size 1024K, 1 young (1024K), 1 survivors (1024K)
 Metaspace       used 35904K, committed 36288K, reserved 393216K
  class space    used 5035K, committed 5248K, reserved 327680K
}

Dll operation events (14 events):
Event: 0.009 Loaded shared library C:\Users\WooHeeSeop\.jdks\corretto-17.0.9\bin\java.dll
Event: 0.030 Loaded shared library C:\Users\WooHeeSeop\.jdks\corretto-17.0.9\bin\jsvml.dll
Event: 0.081 Loaded shared library C:\Users\WooHeeSeop\.jdks\corretto-17.0.9\bin\zip.dll
Event: 0.084 Loaded shared library C:\Users\WooHeeSeop\.jdks\corretto-17.0.9\bin\instrument.dll
Event: 0.088 Loaded shared library C:\Users\WooHeeSeop\.jdks\corretto-17.0.9\bin\net.dll
Event: 0.090 Loaded shared library C:\Users\WooHeeSeop\.jdks\corretto-17.0.9\bin\nio.dll
Event: 0.093 Loaded shared library C:\Users\WooHeeSeop\.jdks\corretto-17.0.9\bin\zip.dll
Event: 0.254 Loaded shared library C:\Users\WooHeeSeop\.jdks\corretto-17.0.9\bin\jimage.dll
Event: 0.307 Loaded shared library C:\Users\WooHeeSeop\.jdks\corretto-17.0.9\bin\verify.dll
Event: 0.431 Loaded shared library C:\Users\WooHeeSeop\.gradle\native\c067742578af261105cb4f569cf0c3c89f3d7b1fecec35dd04571415982c5e48\windows-amd64\native-platform.dll
Event: 0.437 Loaded shared library C:\Users\WooHeeSeop\.gradle\native\38dada09dfb8b06ba9b0570ebf7e218e3eb74d4ef43ca46872605cf95ebc2f47\windows-amd64\native-platform-file-events.dll
Event: 1.421 Loaded shared library C:\Users\WooHeeSeop\.jdks\corretto-17.0.9\bin\management.dll
Event: 1.423 Loaded shared library C:\Users\WooHeeSeop\.jdks\corretto-17.0.9\bin\management_ext.dll
Event: 2.080 Loaded shared library C:\Users\WooHeeSeop\.jdks\corretto-17.0.9\bin\sunmscapi.dll

Deoptimization events (20 events):
Event: 6.653 Thread 0x00000298f3b55f90 Uncommon trap: trap_request=0xffffffcc fr.pc=0x00000298e2413dac relative=0x000000000000140c
Event: 6.653 Thread 0x00000298f3b55f90 Uncommon trap: reason=intrinsic_or_type_checked_inlining action=make_not_entrant pc=0x00000298e2413dac method=java.util.ArrayList.toArray([Ljava/lang/Object;)[Ljava/lang/Object; @ 36 c2
Event: 6.653 Thread 0x00000298f3b55f90 DEOPT PACKING pc=0x00000298e2413dac sp=0x000000a4f9ff8a20
Event: 6.653 Thread 0x00000298f3b55f90 DEOPT UNPACKING pc=0x00000298e1c6a1a3 sp=0x000000a4f9ff8970 mode 2
Event: 7.037 Thread 0x00000298f3b55f90 Uncommon trap: trap_request=0xffffffbe fr.pc=0x00000298e2314d20 relative=0x0000000000000500
Event: 7.037 Thread 0x00000298f3b55f90 Uncommon trap: reason=profile_predicate action=maybe_recompile pc=0x00000298e2314d20 method=com.google.common.base.CharMatcher.indexIn(Ljava/lang/CharSequence;I)I @ 19 c2
Event: 7.037 Thread 0x00000298f3b55f90 DEOPT PACKING pc=0x00000298e2314d20 sp=0x000000a4f9ff7900
Event: 7.037 Thread 0x00000298f3b55f90 DEOPT UNPACKING pc=0x00000298e1c6a1a3 sp=0x000000a4f9ff78a8 mode 2
Event: 7.037 Thread 0x00000298f3b55f90 Uncommon trap: trap_request=0xffffffbe fr.pc=0x00000298e2314d20 relative=0x0000000000000500
Event: 7.037 Thread 0x00000298f3b55f90 Uncommon trap: reason=profile_predicate action=maybe_recompile pc=0x00000298e2314d20 method=com.google.common.base.CharMatcher.indexIn(Ljava/lang/CharSequence;I)I @ 19 c2
Event: 7.037 Thread 0x00000298f3b55f90 DEOPT PACKING pc=0x00000298e2314d20 sp=0x000000a4f9ff78f0
Event: 7.037 Thread 0x00000298f3b55f90 DEOPT UNPACKING pc=0x00000298e1c6a1a3 sp=0x000000a4f9ff7898 mode 2
Event: 7.043 Thread 0x00000298f3b55f90 Uncommon trap: trap_request=0xffffffbe fr.pc=0x00000298e2314d20 relative=0x0000000000000500
Event: 7.043 Thread 0x00000298f3b55f90 Uncommon trap: reason=profile_predicate action=maybe_recompile pc=0x00000298e2314d20 method=com.google.common.base.CharMatcher.indexIn(Ljava/lang/CharSequence;I)I @ 19 c2
Event: 7.043 Thread 0x00000298f3b55f90 DEOPT PACKING pc=0x00000298e2314d20 sp=0x000000a4f9ff78f0
Event: 7.043 Thread 0x00000298f3b55f90 DEOPT UNPACKING pc=0x00000298e1c6a1a3 sp=0x000000a4f9ff7898 mode 2
Event: 7.119 Thread 0x00000298f3b55f90 Uncommon trap: trap_request=0xffffffbe fr.pc=0x00000298e2314d20 relative=0x0000000000000500
Event: 7.119 Thread 0x00000298f3b55f90 Uncommon trap: reason=profile_predicate action=maybe_recompile pc=0x00000298e2314d20 method=com.google.common.base.CharMatcher.indexIn(Ljava/lang/CharSequence;I)I @ 19 c2
Event: 7.119 Thread 0x00000298f3b55f90 DEOPT PACKING pc=0x00000298e2314d20 sp=0x000000a4f9ff92e0
Event: 7.120 Thread 0x00000298f3b55f90 DEOPT UNPACKING pc=0x00000298e1c6a1a3 sp=0x000000a4f9ff9288 mode 2

Classes unloaded (0 events):
No events

Classes redefined (0 events):
No events

Internal exceptions (20 events):
Event: 5.324 Thread 0x00000298f3b55f90 Exception <a 'java/lang/ClassNotFoundException'{0x00000000e9fee158}: org/gradle/initialization/DefaultSettingsBeanInfo> (0x00000000e9fee158) 
thrown [s\src\hotspot\share\classfile\systemDictionary.cpp, line 256]
Event: 5.325 Thread 0x00000298f3b55f90 Exception <a 'java/lang/ClassNotFoundException'{0x00000000e9ffdce0}: org/gradle/initialization/DefaultSettingsCustomizer> (0x00000000e9ffdce0) 
thrown [s\src\hotspot\share\classfile\systemDictionary.cpp, line 256]
Event: 5.332 Thread 0x00000298f3b55f90 Exception <a 'java/lang/ClassNotFoundException'{0x00000000e9e43bd8}: org/gradle/initialization/DefaultSettings_DecoratedCustomizer> (0x00000000e9e43bd8) 
thrown [s\src\hotspot\share\classfile\systemDictionary.cpp, line 256]
Event: 5.337 Thread 0x00000298f3b55f90 Exception <a 'java/lang/ClassNotFoundException'{0x00000000e9eb9e50}: org/gradle/initialization/DefaultProjectDescriptorBeanInfo> (0x00000000e9eb9e50) 
thrown [s\src\hotspot\share\classfile\systemDictionary.cpp, line 256]
Event: 5.338 Thread 0x00000298f3b55f90 Exception <a 'java/lang/ClassNotFoundException'{0x00000000e9ec8910}: org/gradle/initialization/DefaultProjectDescriptorCustomizer> (0x00000000e9ec8910) 
thrown [s\src\hotspot\share\classfile\systemDictionary.cpp, line 256]
Event: 5.358 Thread 0x00000298f3b55f90 Exception <a 'java/lang/NoSuchMethodError'{0x00000000e9d10618}: 'void java.lang.invoke.DirectMethodHandle$Holder.invokeInterface(java.lang.Object, java.lang.Object)'> (0x00000000e9d10618) 
thrown [s\src\hotspot\share\interpreter\linkResolver.cpp, line 759]
Event: 5.406 Thread 0x00000298f3b55f90 Implicit null exception at 0x00000298e235186c to 0x00000298e235191c
Event: 5.949 Thread 0x00000298f3b55f90 Exception <a 'java/lang/NoSuchMethodError'{0x00000000efee6308}: 'long java.lang.invoke.DirectMethodHandle$Holder.invokeStatic(java.lang.Object, long)'> (0x00000000efee6308) 
thrown [s\src\hotspot\share\interpreter\linkResolver.cpp, line 759]
Event: 6.796 Thread 0x00000298f3b55f90 Exception <a 'java/lang/NoSuchMethodError'{0x00000000ef3220c0}: 'void java.lang.invoke.DirectMethodHandle$Holder.invokeStatic(java.lang.Object, java.lang.Object, java.lang.Object, java.lang.Object, java.lang.Object, java.lang.Object)'> (0x00000000ef3220c0) 
thrown [s\src\hotspot\share\interpreter\linkResolver.cpp, line 759]
Event: 6.919 Thread 0x00000298f3b55f90 Exception <a 'java/lang/ClassNotFoundException'{0x00000000ef255d38}: build_4rxcpjjta7yagiwx7f7avwo8oBeanInfo> (0x00000000ef255d38) 
thrown [s\src\hotspot\share\classfile\systemDictionary.cpp, line 256]
Event: 6.920 Thread 0x00000298f3b55f90 Exception <a 'java/lang/ClassNotFoundException'{0x00000000ef2604f8}: org/gradle/api/internal/project/ProjectScriptBeanInfo> (0x00000000ef2604f8) 
thrown [s\src\hotspot\share\classfile\systemDictionary.cpp, line 256]
Event: 6.920 Thread 0x00000298f3b55f90 Exception <a 'java/lang/ClassNotFoundException'{0x00000000ef26ad28}: org/gradle/api/internal/project/ProjectScriptCustomizer> (0x00000000ef26ad28) 
thrown [s\src\hotspot\share\classfile\systemDictionary.cpp, line 256]
Event: 6.923 Thread 0x00000298f3b55f90 Exception <a 'java/lang/ClassNotFoundException'{0x00000000ef2825a8}: build_4rxcpjjta7yagiwx7f7avwo8oCustomizer> (0x00000000ef2825a8) 
thrown [s\src\hotspot\share\classfile\systemDictionary.cpp, line 256]
Event: 6.972 Thread 0x00000298f3b55f90 Exception <a 'java/lang/ClassNotFoundException'{0x00000000ef2e4990}: org/gradle/internal/metaobject/ConfigureDelegateBeanInfo> (0x00000000ef2e4990) 
thrown [s\src\hotspot\share\classfile\systemDictionary.cpp, line 256]
Event: 6.973 Thread 0x00000298f3b55f90 Exception <a 'java/lang/ClassNotFoundException'{0x00000000ef2f5010}: org/gradle/internal/metaobject/ConfigureDelegateCustomizer> (0x00000000ef2f5010) 
thrown [s\src\hotspot\share\classfile\systemDictionary.cpp, line 256]
Event: 7.031 Thread 0x00000298f3b55f90 Exception <a 'java/lang/ClassNotFoundException'{0x00000000ef1aeb68}: org/gradle/plugin/use/internal/PluginRequestCollector$PluginDependenciesSpecImplBeanInfo> (0x00000000ef1aeb68) 
thrown [s\src\hotspot\share\classfile\systemDictionary.cpp, line 256]
Event: 7.033 Thread 0x00000298f3b55f90 Exception <a 'java/lang/ClassNotFoundException'{0x00000000ef1bf910}: org/gradle/plugin/use/internal/PluginRequestCollector$PluginDependenciesSpecImplCustomizer> (0x00000000ef1bf910) 
thrown [s\src\hotspot\share\classfile\systemDictionary.cpp, line 256]
Event: 7.039 Thread 0x00000298f3b55f90 Exception <a 'java/lang/ClassNotFoundException'{0x00000000ef001718}: org/gradle/plugin/use/internal/PluginRequestCollector$PluginDependencySpecImplBeanInfo> (0x00000000ef001718) 
thrown [s\src\hotspot\share\classfile\systemDictionary.cpp, line 256]
Event: 7.040 Thread 0x00000298f3b55f90 Exception <a 'java/lang/ClassNotFoundException'{0x00000000ef012358}: org/gradle/plugin/use/internal/PluginRequestCollector$PluginDependencySpecImplCustomizer> (0x00000000ef012358) 
thrown [s\src\hotspot\share\classfile\systemDictionary.cpp, line 256]
Event: 7.431 Thread 0x00000298f3b55f90 Exception <a 'java/lang/NoSuchMethodError'{0x00000000ee561e40}: 'java.lang.Object java.lang.invoke.DirectMethodHandle$Holder.newInvokeSpecial(java.lang.Object, int, java.lang.Object)'> (0x00000000ee561e40) 
thrown [s\src\hotspot\share\interpreter\linkResolver.cpp, line 759]

VM Operations (20 events):
Event: 5.541 Executing VM operation: HandshakeAllThreads
Event: 5.541 Executing VM operation: HandshakeAllThreads done
Event: 5.623 Executing VM operation: HandshakeAllThreads
Event: 5.623 Executing VM operation: HandshakeAllThreads done
Event: 5.633 Executing VM operation: ICBufferFull
Event: 5.633 Executing VM operation: ICBufferFull done
Event: 5.801 Executing VM operation: CollectForMetadataAllocation
Event: 5.830 Executing VM operation: CollectForMetadataAllocation done
Event: 5.954 Executing VM operation: G1CollectForAllocation
Event: 5.971 Executing VM operation: G1CollectForAllocation done
Event: 5.973 Executing VM operation: CollectForMetadataAllocation
Event: 5.976 Executing VM operation: CollectForMetadataAllocation done
Event: 6.001 Executing VM operation: HandshakeAllThreads
Event: 6.001 Executing VM operation: HandshakeAllThreads done
Event: 6.022 Executing VM operation: G1PauseRemark
Event: 6.028 Executing VM operation: G1PauseRemark done
Event: 6.048 Executing VM operation: G1PauseCleanup
Event: 6.048 Executing VM operation: G1PauseCleanup done
Event: 7.057 Executing VM operation: Cleanup
Event: 7.058 Executing VM operation: Cleanup done

Events (20 events):
Event: 6.667 loading class javax/net/ssl/X509TrustManager
Event: 6.667 loading class javax/net/ssl/X509TrustManager done
Event: 6.671 loading class javax/net/ssl/SSLException
Event: 6.671 loading class javax/net/ssl/SSLException done
Event: 6.672 loading class javax/net/ssl/SSLPeerUnverifiedException
Event: 6.672 loading class javax/net/ssl/SSLPeerUnverifiedException done
Event: 6.672 loading class java/security/cert/CertificateParsingException
Event: 6.672 loading class java/security/cert/CertificateException
Event: 6.672 loading class java/security/cert/CertificateException done
Event: 6.672 loading class java/security/cert/CertificateParsingException done
Event: 6.672 loading class javax/naming/NamingException
Event: 6.672 loading class javax/naming/NamingException done
Event: 6.672 loading class javax/naming/InvalidNameException
Event: 6.672 loading class javax/naming/InvalidNameException done
Event: 7.001 loading class java/util/function/IntBinaryOperator
Event: 7.002 loading class java/util/function/IntBinaryOperator done
Event: 7.354 loading class java/io/DeleteOnExitHook
Event: 7.354 loading class java/io/DeleteOnExitHook done
Event: 7.354 loading class java/io/DeleteOnExitHook$1
Event: 7.354 loading class java/io/DeleteOnExitHook$1 done


Dynamic libraries:
0x00007ff60c0b0000 - 0x00007ff60c0be000 	C:\Users\WooHeeSeop\.jdks\corretto-17.0.9\bin\java.exe
0x00007ffdb44d0000 - 0x00007ffdb46e7000 	C:\WINDOWS\SYSTEM32\ntdll.dll
0x00007ffdb2960000 - 0x00007ffdb2a24000 	C:\WINDOWS\System32\KERNEL32.DLL
0x00007ffdb1e70000 - 0x00007ffdb2216000 	C:\WINDOWS\System32\KERNELBASE.dll
0x00007ffdb1d50000 - 0x00007ffdb1e61000 	C:\WINDOWS\System32\ucrtbase.dll
0x00007ffdadeb0000 - 0x00007ffdadec7000 	C:\Users\WooHeeSeop\.jdks\corretto-17.0.9\bin\jli.dll
0x00007ffda17b0000 - 0x00007ffda17cb000 	C:\Users\WooHeeSeop\.jdks\corretto-17.0.9\bin\VCRUNTIME140.dll
0x00007ffdb4270000 - 0x00007ffdb441e000 	C:\WINDOWS\System32\USER32.dll
0x00007ffdb1840000 - 0x00007ffdb1866000 	C:\WINDOWS\System32\win32u.dll
0x00007ffdb3200000 - 0x00007ffdb3229000 	C:\WINDOWS\System32\GDI32.dll
0x00007ffdb1870000 - 0x00007ffdb1988000 	C:\WINDOWS\System32\gdi32full.dll
0x00007ffdb1990000 - 0x00007ffdb1a2a000 	C:\WINDOWS\System32\msvcp_win.dll
0x00007ffd94dc0000 - 0x00007ffd95053000 	C:\WINDOWS\WinSxS\amd64_microsoft.windows.common-controls_6595b64144ccf1df_6.0.22621.2506_none_270c5ae97388e100\COMCTL32.dll
0x00007ffdb34d0000 - 0x00007ffdb3577000 	C:\WINDOWS\System32\msvcrt.dll
0x00007ffdb3de0000 - 0x00007ffdb3e11000 	C:\WINDOWS\System32\IMM32.DLL
0x00007ffdae3c0000 - 0x00007ffdae3cc000 	C:\Users\WooHeeSeop\.jdks\corretto-17.0.9\bin\vcruntime140_1.dll
0x00007ffd6fc00000 - 0x00007ffd6fc8d000 	C:\Users\WooHeeSeop\.jdks\corretto-17.0.9\bin\msvcp140.dll
0x00007ffd42d80000 - 0x00007ffd439e1000 	C:\Users\WooHeeSeop\.jdks\corretto-17.0.9\bin\server\jvm.dll
0x00007ffdb2220000 - 0x00007ffdb22d1000 	C:\WINDOWS\System32\ADVAPI32.dll
0x00007ffdb41b0000 - 0x00007ffdb4255000 	C:\WINDOWS\System32\sechost.dll
0x00007ffdb2ad0000 - 0x00007ffdb2be7000 	C:\WINDOWS\System32\RPCRT4.dll
0x00007ffd7a560000 - 0x00007ffd7a569000 	C:\WINDOWS\SYSTEM32\WSOCK32.dll
0x00007ffdb1660000 - 0x00007ffdb16ad000 	C:\WINDOWS\SYSTEM32\POWRPROF.dll
0x00007ffda8cf0000 - 0x00007ffda8d24000 	C:\WINDOWS\SYSTEM32\WINMM.dll
0x00007ffdb2a50000 - 0x00007ffdb2ac1000 	C:\WINDOWS\System32\WS2_32.dll
0x00007ffda5b10000 - 0x00007ffda5b1a000 	C:\WINDOWS\SYSTEM32\VERSION.dll
0x00007ffdb1540000 - 0x00007ffdb1553000 	C:\WINDOWS\SYSTEM32\UMPDC.dll
0x00007ffdb0840000 - 0x00007ffdb0858000 	C:\WINDOWS\SYSTEM32\kernel.appcore.dll
0x00007ffdae380000 - 0x00007ffdae38a000 	C:\Users\WooHeeSeop\.jdks\corretto-17.0.9\bin\jimage.dll
0x00007ffdaf110000 - 0x00007ffdaf343000 	C:\WINDOWS\SYSTEM32\DBGHELP.DLL
0x00007ffdb3e20000 - 0x00007ffdb41a9000 	C:\WINDOWS\System32\combase.dll
0x00007ffdb3230000 - 0x00007ffdb3307000 	C:\WINDOWS\System32\OLEAUT32.dll
0x00007ffd7f680000 - 0x00007ffd7f6b2000 	C:\WINDOWS\SYSTEM32\dbgcore.DLL
0x00007ffdb1af0000 - 0x00007ffdb1b6a000 	C:\WINDOWS\System32\bcryptPrimitives.dll
0x00007ffd980a0000 - 0x00007ffd980ae000 	C:\Users\WooHeeSeop\.jdks\corretto-17.0.9\bin\instrument.dll
0x00007ffd964f0000 - 0x00007ffd96515000 	C:\Users\WooHeeSeop\.jdks\corretto-17.0.9\bin\java.dll
0x00007ffd6f180000 - 0x00007ffd6f257000 	C:\Users\WooHeeSeop\.jdks\corretto-17.0.9\bin\jsvml.dll
0x00007ffdb3580000 - 0x00007ffdb3dda000 	C:\WINDOWS\System32\SHELL32.dll
0x00007ffdaf760000 - 0x00007ffdb0056000 	C:\WINDOWS\SYSTEM32\windows.storage.dll
0x00007ffdaf620000 - 0x00007ffdaf75e000 	C:\WINDOWS\SYSTEM32\wintypes.dll
0x00007ffdb2840000 - 0x00007ffdb2933000 	C:\WINDOWS\System32\SHCORE.dll
0x00007ffdb3080000 - 0x00007ffdb30de000 	C:\WINDOWS\System32\shlwapi.dll
0x00007ffdb1770000 - 0x00007ffdb1796000 	C:\WINDOWS\SYSTEM32\profapi.dll
0x00007ffd93930000 - 0x00007ffd93948000 	C:\Users\WooHeeSeop\.jdks\corretto-17.0.9\bin\zip.dll
0x00007ffd97ee0000 - 0x00007ffd97ef9000 	C:\Users\WooHeeSeop\.jdks\corretto-17.0.9\bin\net.dll
0x00007ffdaafd0000 - 0x00007ffdab107000 	C:\WINDOWS\SYSTEM32\WINHTTP.dll
0x00007ffdb0cc0000 - 0x00007ffdb0d29000 	C:\WINDOWS\system32\mswsock.dll
0x00007ffd955d0000 - 0x00007ffd955e6000 	C:\Users\WooHeeSeop\.jdks\corretto-17.0.9\bin\nio.dll
0x00007ffda18c0000 - 0x00007ffda18d0000 	C:\Users\WooHeeSeop\.jdks\corretto-17.0.9\bin\verify.dll
0x00007ffd733e0000 - 0x00007ffd73407000 	C:\Users\WooHeeSeop\.gradle\native\c067742578af261105cb4f569cf0c3c89f3d7b1fecec35dd04571415982c5e48\windows-amd64\native-platform.dll
0x00007ffd67730000 - 0x00007ffd67874000 	C:\Users\WooHeeSeop\.gradle\native\38dada09dfb8b06ba9b0570ebf7e218e3eb74d4ef43ca46872605cf95ebc2f47\windows-amd64\native-platform-file-events.dll
0x00007ffd964e0000 - 0x00007ffd964e9000 	C:\Users\WooHeeSeop\.jdks\corretto-17.0.9\bin\management.dll
0x00007ffd96470000 - 0x00007ffd9647b000 	C:\Users\WooHeeSeop\.jdks\corretto-17.0.9\bin\management_ext.dll
0x00007ffdb2950000 - 0x00007ffdb2958000 	C:\WINDOWS\System32\PSAPI.DLL
0x00007ffdb0f80000 - 0x00007ffdb0f9b000 	C:\WINDOWS\SYSTEM32\CRYPTSP.dll
0x00007ffdb07a0000 - 0x00007ffdb07d5000 	C:\WINDOWS\system32\rsaenh.dll
0x00007ffdb0e20000 - 0x00007ffdb0e4c000 	C:\WINDOWS\SYSTEM32\USERENV.dll
0x00007ffdb1150000 - 0x00007ffdb1178000 	C:\WINDOWS\SYSTEM32\bcrypt.dll
0x00007ffdb0fa0000 - 0x00007ffdb0fac000 	C:\WINDOWS\SYSTEM32\CRYPTBASE.dll
0x00007ffdb02c0000 - 0x00007ffdb02ed000 	C:\WINDOWS\SYSTEM32\IPHLPAPI.DLL
0x00007ffdb2bf0000 - 0x00007ffdb2bf9000 	C:\WINDOWS\System32\NSI.dll
0x00007ffdaaf00000 - 0x00007ffdaaf19000 	C:\WINDOWS\SYSTEM32\dhcpcsvc6.DLL
0x00007ffdaaee0000 - 0x00007ffdaaeff000 	C:\WINDOWS\SYSTEM32\dhcpcsvc.DLL
0x00007ffdb02f0000 - 0x00007ffdb03e9000 	C:\WINDOWS\SYSTEM32\DNSAPI.dll
0x00007ffd95b00000 - 0x00007ffd95b0e000 	C:\Users\WooHeeSeop\.jdks\corretto-17.0.9\bin\sunmscapi.dll
0x00007ffdb1b70000 - 0x00007ffdb1cd6000 	C:\WINDOWS\System32\CRYPT32.dll
0x00007ffdb1120000 - 0x00007ffdb114d000 	C:\WINDOWS\SYSTEM32\ncrypt.dll
0x00007ffdb10e0000 - 0x00007ffdb1117000 	C:\WINDOWS\SYSTEM32\NTASN1.dll
0x00007ffd98040000 - 0x00007ffd98048000 	C:\WINDOWS\system32\wshunix.dll

dbghelp: loaded successfully - version: 4.0.5 - missing functions: none
symbol engine: initialized successfully - sym options: 0x614 - pdb path: .;C:\Users\WooHeeSeop\.jdks\corretto-17.0.9\bin;C:\WINDOWS\SYSTEM32;C:\WINDOWS\WinSxS\amd64_microsoft.windows.common-controls_6595b64144ccf1df_6.0.22621.2506_none_270c5ae97388e100;C:\Users\WooHeeSeop\.jdks\corretto-17.0.9\bin\server;C:\Users\WooHeeSeop\.gradle\native\c067742578af261105cb4f569cf0c3c89f3d7b1fecec35dd04571415982c5e48\windows-amd64;C:\Users\WooHeeSeop\.gradle\native\38dada09dfb8b06ba9b0570ebf7e218e3eb74d4ef43ca46872605cf95ebc2f47\windows-amd64

VM Arguments:
jvm_args: --add-opens=java.base/java.util=ALL-UNNAMED --add-opens=java.base/java.lang=ALL-UNNAMED --add-opens=java.base/java.lang.invoke=ALL-UNNAMED --add-opens=java.prefs/java.util.prefs=ALL-UNNAMED --add-opens=java.base/java.nio.charset=ALL-UNNAMED --add-opens=java.base/java.net=ALL-UNNAMED --add-opens=java.base/java.util.concurrent.atomic=ALL-UNNAMED -XX:MaxMetaspaceSize=384m -XX:+HeapDumpOnOutOfMemoryError -Xms256m -Xmx512m -Dfile.encoding=UTF-8 -Duser.country=KR -Duser.language=ko -Duser.variant -javaagent:C:\Users\WooHeeSeop\.gradle\wrapper\dists\gradle-8.5-bin\5t9huq95ubn472n8rpzujfbqh\gradle-8.5\lib\agents\gradle-instrumentation-agent-8.5.jar 
java_command: org.gradle.launcher.daemon.bootstrap.GradleDaemon 8.5
java_class_path (initial): C:\Users\WooHeeSeop\.gradle\wrapper\dists\gradle-8.5-bin\5t9huq95ubn472n8rpzujfbqh\gradle-8.5\lib\gradle-launcher-8.5.jar
Launcher Type: SUN_STANDARD

[Global flags]
     intx CICompilerCount                          = 4                                         {product} {ergonomic}
   size_t CompressedClassSpaceSize                 = 335544320                                 {product} {ergonomic}
     uint ConcGCThreads                            = 2                                         {product} {ergonomic}
     uint G1ConcRefinementThreads                  = 8                                         {product} {ergonomic}
   size_t G1HeapRegionSize                         = 1048576                                   {product} {ergonomic}
    uintx GCDrainStackTargetSize                   = 64                                        {product} {ergonomic}
     bool HeapDumpOnOutOfMemoryError               = true                                   {manageable} {command line}
   size_t InitialHeapSize                          = 268435456                                 {product} {command line}
   size_t MarkStackSize                            = 4194304                                   {product} {ergonomic}
   size_t MaxHeapSize                              = 536870912                                 {product} {command line}
   size_t MaxMetaspaceSize                         = 402653184                                 {product} {command line}
   size_t MaxNewSize                               = 321912832                                 {product} {ergonomic}
   size_t MinHeapDeltaBytes                        = 1048576                                   {product} {ergonomic}
   size_t MinHeapSize                              = 268435456                                 {product} {command line}
    uintx NonNMethodCodeHeapSize                   = 5839372                                {pd product} {ergonomic}
    uintx NonProfiledCodeHeapSize                  = 122909434                              {pd product} {ergonomic}
    uintx ProfiledCodeHeapSize                     = 122909434                              {pd product} {ergonomic}
    uintx ReservedCodeCacheSize                    = 251658240                              {pd product} {ergonomic}
     bool SegmentedCodeCache                       = true                                      {product} {ergonomic}
   size_t SoftMaxHeapSize                          = 536870912                              {manageable} {ergonomic}
     bool UseCompressedClassPointers               = true                           {product lp64_product} {ergonomic}
     bool UseCompressedOops                        = true                           {product lp64_product} {ergonomic}
     bool UseG1GC                                  = true                                      {product} {ergonomic}
     bool UseLargePagesIndividualAllocation        = false                                  {pd product} {ergonomic}

Logging:
Log output configuration:
 #0: stdout all=warning uptime,level,tags
 #1: stderr all=off uptime,level,tags

Environment Variables:
JAVA_HOME=C:\Program Files\Java\jdk1.8.0_341
CLASSPATH=C:\Program Files\Java\jdk1.8.0_341\lib
PATH=C:\Program Files\Java\jdk1.8.0_341bin\;C:\Program Files\Common Files\Oracle\Java\javapath;C:\Program Files (x86)\Common Files\Oracle\Java\javapath;c:\jdk1.8\bin;C:\Program Files (x86)\NAT Service;C:\WINDOWS\system32;C:\WINDOWS;C:\WINDOWS\System32\Wbem;C:\WINDOWS\System32\WindowsPowerShell\v1.0\;C:\WINDOWS\System32\OpenSSH\;C:\Program Files\nodejs\;C:\Program Files\Git\cmd;C:\Program Files\Microsoft SQL Server\150\Tools\Binn\;C:\Program Files\Microsoft SQL Server\Client SDK\ODBC\170\Tools\Binn\;C:\Program Files\dotnet\;C:\Program Files (x86)\Windows Kits\10\Windows Performance Toolkit\;C:\Program Files\Microsoft SQL Server\130\Tools\Binn\;C:\Program Files\PuTTY\;C:\Program Files\PowerShell\7\;C:\Users\WooHeeSeop\AppData\Local\Microsoft\WindowsApps;C:\Users\우희섭\AppData\Local\Programs\Microsoft VS Code\bin;C:\Users\우희섭\AppData\Roaming\npm;C:\Program Files\JetBrains\IntelliJ IDEA Community Edition 2022.2.1\bin;;C:\Program Files\JetBrains\IntelliJ IDEA 2021.1.3\bin;;C:\Program Files\JetBrains\PyCharm 2023.2.1\bin;;C:\Users\WooHeeSeop\.dotnet\tools;C:\Program Files\MongoDB\Server\7.0\bin;
USERNAME=WooHeeSeop
LANG=KO
OS=Windows_NT
PROCESSOR_IDENTIFIER=Intel64 Family 6 Model 140 Stepping 1, GenuineIntel
TMP=C:\Users\WOOHEE~1\AppData\Local\Temp
TEMP=C:\Users\WOOHEE~1\AppData\Local\Temp



Periodic native trim disabled


---------------  S Y S T E M  ---------------

OS:
 Windows 11 , 64 bit Build 22621 (10.0.22621.2506)
OS uptime: 11 days 6:32 hours

CPU: total 8 (initial active 8) (4 cores per cpu, 2 threads per core) family 6 model 140 stepping 1 microcode 0x8a, cx8, cmov, fxsr, ht, mmx, 3dnowpref, sse, sse2, sse3, ssse3, sse4.1, sse4.2, popcnt, lzcnt, tsc, tscinvbit, avx, avx2, aes, erms, clmul, bmi1, bmi2, adx, avx512f, avx512dq, avx512cd, avx512bw, avx512vl, sha, fma, vzeroupper, avx512_vpopcntdq, avx512_vpclmulqdq, avx512_vaes, avx512_vnni, clflush, clflushopt, clwb, avx512_vbmi2, avx512_vbmi
Processor Information for all 8 processors :
  Max Mhz: 2803, Current Mhz: 2803, Mhz Limit: 2803

Memory: 4k page, system-wide physical 16108M (2594M free)
TotalPageFile size 45599M (AvailPageFile size 5M)
current process WorkingSet (physical memory assigned to process): 339M, peak: 339M
current process commit charge ("private bytes"): 470M, peak: 474M

vm_info: OpenJDK 64-Bit Server VM (17.0.9+8-LTS) for windows-amd64 JRE (17.0.9+8-LTS), built on Oct 12 2023 16:15:33 by "Administrator" with MS VC++ 16.10 / 16.11 (VS2019)

END.
